#! /usr/bin/vvp
:ivl_version "0.9.6 " "(v0_9_6)";
:vpi_time_precision + 0;
:vpi_module "system";
:vpi_module "v2005_math";
:vpi_module "va_math";
S_0x26476e0 .scope module, "testbench" "testbench" 2 9;
 .timescale 0 0;
v0x2720d00_0 .net *"_s1", 18 0, C4<xxxxxxxxxxxxxxxxxxx>; 1 drivers
v0x2720d80_0 .net *"_s13", 18 0, C4<xxxxxxxxxxxxxxxxxxx>; 1 drivers
v0x2720e00_0 .net *"_s15", 0 0, L_0x2726230; 1 drivers
v0x2720e80_0 .net *"_s19", 18 0, C4<xxxxxxxxxxxxxxxxxxx>; 1 drivers
v0x2720f30_0 .net *"_s21", 0 0, L_0x2726410; 1 drivers
v0x2720fb0_0 .net *"_s25", 14 0, C4<xxxxxxxxxxxxxxx>; 1 drivers
v0x2721030_0 .net *"_s27", 0 0, L_0x2726640; 1 drivers
v0x27210b0_0 .net *"_s3", 0 0, L_0x2725e70; 1 drivers
v0x2721130_0 .net *"_s31", 14 0, C4<xxxxxxxxxxxxxxx>; 1 drivers
v0x27211b0_0 .net *"_s33", 0 0, L_0x2726880; 1 drivers
v0x2721230_0 .net *"_s37", 14 0, C4<xxxxxxxxxxxxxxx>; 1 drivers
v0x27212b0_0 .net *"_s39", 0 0, L_0x2726a50; 1 drivers
v0x2721330_0 .net *"_s43", 14 0, C4<xxxxxxxxxxxxxxx>; 1 drivers
v0x27213b0_0 .net *"_s45", 0 0, L_0x2726d40; 1 drivers
v0x27214b0_0 .net *"_s7", 18 0, C4<xxxxxxxxxxxxxxxxxxx>; 1 drivers
v0x2721530_0 .net *"_s9", 0 0, L_0x2726050; 1 drivers
v0x2721430_0 .var "clock", 0 0;
v0x2721640_0 .net "data_rd1", 8 0, v0x271c460_0; 1 drivers
v0x27215b0_0 .net "data_rd1_out", 31 0, L_0x2726820; 1 drivers
v0x2721760_0 .net "data_rd2", 8 0, v0x271c590_0; 1 drivers
v0x27216c0_0 .net "data_rd2_out", 31 0, L_0x2727140; 1 drivers
v0x27218e0_0 .net "data_rd3", 8 0, v0x271c700_0; 1 drivers
v0x2721a20_0 .net "data_rd3_out", 31 0, L_0x2727290; 1 drivers
v0x2721aa0_0 .net "data_rd4", 8 0, v0x271c8b0_0; 1 drivers
v0x2721bf0_0 .net "data_rd4_out", 31 0, L_0x27273e0; 1 drivers
v0x2721c70_0 .net "data_wr1", 8 0, v0x271ca70_0; 1 drivers
v0x2721b70_0 .net "data_wr1_data", 31 0, v0x271cb90_0; 1 drivers
v0x2721e20_0 .net "data_wr1_enable", 0 0, v0x271cc40_0; 1 drivers
v0x2721d40_0 .net "data_wr2", 8 0, v0x271cd70_0; 1 drivers
v0x2721fe0_0 .net "data_wr2_data", 31 0, v0x271ce20_0; 1 drivers
v0x2721ef0_0 .net "data_wr2_enable", 0 0, v0x271ccc0_0; 1 drivers
v0x27221b0_0 .net "data_wr3", 8 0, v0x271cf90_0; 1 drivers
v0x27220b0_0 .net "data_wr3_data", 31 0, v0x271d0b0_0; 1 drivers
v0x2722390_0 .net "data_wr3_enable", 0 0, v0x271d130_0; 1 drivers
v0x2722280_0 .net "data_wr4", 8 0, v0x271d010_0; 1 drivers
v0x2722580_0 .net "data_wr4_data", 31 0, v0x271d260_0; 1 drivers
v0x2722460_0 .net "data_wr4_enable", 0 0, v0x271d1b0_0; 1 drivers
v0x2722730_0 .net "destination", 5 0, v0x271f220_0; 1 drivers
RS_0x7f645b65b038 .resolv tri, L_0x27253e0, L_0x2725560, C4<zzzzzzzzzzzzzzzzzzzzzzzzzzzzzzzz>, C4<zzzzzzzzzzzzzzzzzzzzzzzzzzzzzzzz>;
v0x2722650_0 .net8 "fetchoutput", 31 0, RS_0x7f645b65b038; 2 drivers
v0x27228f0_0 .net "flush", 0 0, L_0x2725330; 1 drivers
v0x2722800_0 .net "instruction_rd1", 19 0, v0x271ef00_0; 1 drivers
v0x2722ac0_0 .net "instruction_rd1_out", 15 0, L_0x2725840; 1 drivers
v0x27229c0_0 .net "instruction_rd2", 19 0, C4<zzzzzzzzzzzzzzzzzzzz>; 0 drivers
v0x2722a40_0 .net "instruction_rd2_out", 15 0, L_0x2725990; 1 drivers
v0x2722cb0_0 .net "instruction_rd3", 19 0, C4<zzzzzzzzzzzzzzzzzzzz>; 0 drivers
v0x2722d30_0 .net "instruction_rd3_out", 15 0, L_0x2725b80; 1 drivers
v0x2722b40_0 .net "instruction_rd4", 19 0, C4<zzzzzzzzzzzzzzzzzzzz>; 0 drivers
v0x2722bc0_0 .net "instruction_rd4_out", 15 0, L_0x2725d70; 1 drivers
v0x2722f40_0 .net "instruction_wr1", 0 0, C4<z>; 0 drivers
v0x2722fc0_0 .net "instruction_wr1_data", 0 0, C4<z>; 0 drivers
v0x2722db0_0 .net "instruction_wr1_enable", 0 0, C4<z>; 0 drivers
v0x2722e30_0 .net "instruction_wr2", 0 0, C4<z>; 0 drivers
v0x2722eb0_0 .net "instruction_wr2_data", 0 0, C4<z>; 0 drivers
v0x27231f0_0 .net "instruction_wr2_enable", 0 0, C4<z>; 0 drivers
v0x2723040_0 .net "instruction_wr3", 0 0, C4<z>; 0 drivers
v0x27230c0_0 .net "instruction_wr3_data", 0 0, C4<z>; 0 drivers
v0x2723140_0 .net "instruction_wr3_enable", 0 0, C4<z>; 0 drivers
v0x2723440_0 .net "instruction_wr4", 0 0, C4<z>; 0 drivers
v0x2723270_0 .net "instruction_wr4_data", 0 0, C4<z>; 0 drivers
v0x27232f0_0 .net "instruction_wr4_enable", 0 0, C4<z>; 0 drivers
v0x2723370_0 .net "operationnumber", 5 0, v0x271f560_0; 1 drivers
v0x27236b0_0 .net "pcchange", 8 0, v0x271d4f0_0; 1 drivers
v0x27234c0_0 .net "pcjumpenable", 2 0, v0x271d420_0; 1 drivers
v0x2723590_0 .net "pclocation", 5 0, v0x271d650_0; 1 drivers
v0x2723940_0 .net "previous_programcounter", 19 0, v0x271ee50_0; 1 drivers
v0x27239c0_0 .net "reg_rd1", 5 0, v0x271d7c0_0; 1 drivers
v0x2723780_0 .net "reg_rd1_out", 15 0, L_0x271df20; 1 drivers
v0x2723850_0 .net "reg_rd2", 5 0, v0x271d940_0; 1 drivers
v0x2723c70_0 .net "reg_rd2_out", 15 0, L_0x271c930; 1 drivers
v0x2723d40_0 .net "reg_rd3", 5 0, v0x271d8c0_0; 1 drivers
v0x2723a90_0 .net "reg_rd3_out", 15 0, L_0x27251e0; 1 drivers
v0x2723b60_0 .net "reg_wr1", 5 0, v0x271db60_0; 1 drivers
v0x2724010_0 .net "reg_wr1_data", 15 0, v0x271d9c0_0; 1 drivers
v0x27240e0_0 .net "reg_wr1_enable", 0 0, v0x271da40_0; 1 drivers
v0x2723e10_0 .net "reg_wr2", 5 0, v0x271dd20_0; 1 drivers
v0x2723ee0_0 .net "reg_wr2_data", 15 0, v0x271dda0_0; 1 drivers
v0x27243d0_0 .net "reg_wr2_enable", 0 0, v0x271dbe0_0; 1 drivers
v0x2724450_0 .var "reset", 0 0;
v0x2724160_0 .net "signed_1", 21 0, v0x271f5e0_0; 1 drivers
v0x2724230_0 .net "signed_2", 15 0, v0x271f6e0_0; 1 drivers
v0x2724300_0 .net "signed_3", 9 0, v0x271f790_0; 1 drivers
v0x2724760_0 .net "source_1", 5 0, v0x271f840_0; 1 drivers
v0x2724520_0 .net "source_2", 5 0, v0x271f8f0_0; 1 drivers
v0x27245f0_0 .net "super_duper_a", 0 0, v0x271f9a0_0; 1 drivers
v0x27246c0_0 .net "super_duper_b", 0 0, v0x271fa50_0; 1 drivers
v0x2724ae0_0 .net "unsigned_1", 5 0, v0x271fb80_0; 1 drivers
v0x2724830_0 .net "unsigned_2", 15 0, v0x271fc30_0; 1 drivers
v0x2724900_0 .net "unsigned_3", 8 0, v0x271fad0_0; 1 drivers
v0x27249d0_0 .net "unsigned_4", 9 0, v0x271fda0_0; 1 drivers
v0x2724e80_0 .net "unsigned_5", 8 0, v0x271fec0_0; 1 drivers
L_0x2725e70 .part C4<z>, 0, 1;
L_0x2725f10 .concat [ 1 19 0 0], L_0x2725e70, C4<xxxxxxxxxxxxxxxxxxx>;
L_0x2726050 .part C4<z>, 0, 1;
L_0x27260f0 .concat [ 1 19 0 0], L_0x2726050, C4<xxxxxxxxxxxxxxxxxxx>;
L_0x2726230 .part C4<z>, 0, 1;
L_0x27262d0 .concat [ 1 19 0 0], L_0x2726230, C4<xxxxxxxxxxxxxxxxxxx>;
L_0x2726410 .part C4<z>, 0, 1;
L_0x27264b0 .concat [ 1 19 0 0], L_0x2726410, C4<xxxxxxxxxxxxxxxxxxx>;
L_0x2726640 .part C4<z>, 0, 1;
L_0x27266e0 .concat [ 1 15 0 0], L_0x2726640, C4<xxxxxxxxxxxxxxx>;
L_0x2726880 .part C4<z>, 0, 1;
L_0x2726920 .concat [ 1 15 0 0], L_0x2726880, C4<xxxxxxxxxxxxxxx>;
L_0x2726a50 .part C4<z>, 0, 1;
L_0x2726af0 .concat [ 1 15 0 0], L_0x2726a50, C4<xxxxxxxxxxxxxxx>;
L_0x2726d40 .part C4<z>, 0, 1;
L_0x2726de0 .concat [ 1 15 0 0], L_0x2726d40, C4<xxxxxxxxxxxxxxx>;
S_0x271ff40 .scope module, "registerfile_tb" "registerfile" 2 97, 3 1, S_0x26476e0;
 .timescale 0 0;
L_0x271df20 .functor BUFZ 16, L_0x2724bb0, C4<0000000000000000>, C4<0000000000000000>, C4<0000000000000000>;
L_0x271c930 .functor BUFZ 16, L_0x2724ca0, C4<0000000000000000>, C4<0000000000000000>, C4<0000000000000000>;
L_0x27251e0 .functor BUFZ 16, L_0x2724d90, C4<0000000000000000>, C4<0000000000000000>, C4<0000000000000000>;
v0x2720030_0 .net *"_s0", 15 0, L_0x2724bb0; 1 drivers
v0x27200b0_0 .net *"_s4", 15 0, L_0x2724ca0; 1 drivers
v0x2720130_0 .net *"_s8", 15 0, L_0x2724d90; 1 drivers
v0x27201b0_0 .net "clock", 0 0, v0x2721430_0; 1 drivers
v0x27202c0_0 .alias "reg_rd1", 5 0, v0x27239c0_0;
v0x2720370_0 .alias "reg_rd1_out", 15 0, v0x2723780_0;
v0x27203f0_0 .alias "reg_rd2", 5 0, v0x2723850_0;
v0x27204a0_0 .alias "reg_rd2_out", 15 0, v0x2723c70_0;
v0x2720550_0 .alias "reg_rd3", 5 0, v0x2723d40_0;
v0x2720600_0 .alias "reg_rd3_out", 15 0, v0x2723a90_0;
v0x27206b0_0 .alias "reg_wr1", 5 0, v0x2723b60_0;
v0x2720760_0 .alias "reg_wr1_data", 15 0, v0x2724010_0;
v0x2720810_0 .alias "reg_wr1_enable", 0 0, v0x27240e0_0;
v0x27208c0_0 .alias "reg_wr2", 5 0, v0x2723e10_0;
v0x27209f0_0 .alias "reg_wr2_data", 15 0, v0x2723ee0_0;
v0x2720aa0_0 .alias "reg_wr2_enable", 0 0, v0x27243d0_0;
v0x2720940 .array "register", 0 63, 15 0;
v0x2720be0_0 .net "reset", 0 0, v0x2724450_0; 1 drivers
L_0x2724bb0 .array/port v0x2720940, v0x271d7c0_0;
L_0x2724ca0 .array/port v0x2720940, v0x271d940_0;
L_0x2724d90 .array/port v0x2720940, v0x271d8c0_0;
S_0x271f080 .scope module, "decoder_test" "decoder" 2 114, 4 1, S_0x26476e0;
 .timescale 0 0;
L_0x2725330 .functor BUFZ 1, L_0x2725290, C4<0>, C4<0>, C4<0>;
v0x271f1a0_0 .net "bit_check", 0 0, L_0x2725290; 1 drivers
v0x271f220_0 .var "destination", 5 0;
v0x271f2d0_0 .alias "fetchoutput", 31 0, v0x2722650_0;
v0x271f380_0 .alias "flush", 0 0, v0x27228f0_0;
v0x271f460_0 .var "opcode", 5 0;
v0x271f4e0 .array "opcodemem", 0 125, 5 0;
v0x271f560_0 .var "operationnumber", 5 0;
v0x271f5e0_0 .var "signed_1", 21 0;
v0x271f6e0_0 .var "signed_2", 15 0;
v0x271f790_0 .var "signed_3", 9 0;
v0x271f840_0 .var "source_1", 5 0;
v0x271f8f0_0 .var "source_2", 5 0;
v0x271f9a0_0 .var "super_duper_a", 0 0;
v0x271fa50_0 .var "super_duper_b", 0 0;
v0x271fb80_0 .var "unsigned_1", 5 0;
v0x271fc30_0 .var "unsigned_2", 15 0;
v0x271fad0_0 .var "unsigned_3", 8 0;
v0x271fda0_0 .var "unsigned_4", 9 0;
v0x271fec0_0 .var "unsigned_5", 8 0;
E_0x271f170 .event edge, v0x271ead0_0;
L_0x2725290 .part RS_0x7f645b65b038, 31, 1;
S_0x271e760 .scope module, "fetch_test" "fetch" 2 133, 5 1, S_0x26476e0;
 .timescale 0 0;
v0x271e850_0 .net *"_s3", 15 0, v0x271e9d0_0; 1 drivers
v0x271e8d0_0 .net *"_s7", 15 0, v0x271ea50_0; 1 drivers
v0x271e950_0 .alias "clock", 0 0, v0x27201b0_0;
v0x271e9d0_0 .var "fetch1", 15 0;
v0x271ea50_0 .var "fetch2", 15 0;
v0x271ead0_0 .alias "fetchoutput", 31 0, v0x2722650_0;
v0x271eb50_0 .alias "flush", 0 0, v0x27228f0_0;
v0x271ebd0_0 .alias "instruction_rd1", 19 0, v0x2722800_0;
v0x271ec50_0 .alias "instruction_rd1_out", 15 0, v0x2722ac0_0;
v0x271ecd0_0 .alias "pcchange", 8 0, v0x27236b0_0;
v0x271ed50_0 .alias "pcjumpenable", 2 0, v0x27234c0_0;
v0x271edd0_0 .alias "pclocation", 5 0, v0x2723590_0;
v0x271ee50_0 .var "previous_programcounter", 19 0;
v0x271ef00_0 .var "programcounter", 19 0;
v0x271f000_0 .alias "reset", 0 0, v0x2720be0_0;
L_0x27253e0 .part/pv v0x271e9d0_0, 16, 16, 32;
L_0x2725560 .part/pv v0x271ea50_0, 0, 16, 32;
S_0x271c1f0 .scope module, "execution_test" "execution" 2 146, 6 1, S_0x26476e0;
 .timescale 0 0;
v0x271c2e0_0 .var "carrybit", 0 0;
v0x271c360_0 .var "carryreg", 16 0;
v0x271c3e0_0 .alias "clock", 0 0, v0x27201b0_0;
v0x271c460_0 .var "data_rd1", 8 0;
v0x271c4e0_0 .alias "data_rd1_out", 31 0, v0x27215b0_0;
v0x271c590_0 .var "data_rd2", 8 0;
v0x271c650_0 .alias "data_rd2_out", 31 0, v0x27216c0_0;
v0x271c700_0 .var "data_rd3", 8 0;
v0x271c800_0 .alias "data_rd3_out", 31 0, v0x2721a20_0;
v0x271c8b0_0 .var "data_rd4", 8 0;
v0x271c9c0_0 .alias "data_rd4_out", 31 0, v0x2721bf0_0;
v0x271ca70_0 .var "data_wr1", 8 0;
v0x271cb90_0 .var "data_wr1_data", 31 0;
v0x271cc40_0 .var "data_wr1_enable", 0 0;
v0x271cd70_0 .var "data_wr2", 8 0;
v0x271ce20_0 .var "data_wr2_data", 31 0;
v0x271ccc0_0 .var "data_wr2_enable", 0 0;
v0x271cf90_0 .var "data_wr3", 8 0;
v0x271d0b0_0 .var "data_wr3_data", 31 0;
v0x271d130_0 .var "data_wr3_enable", 0 0;
v0x271d010_0 .var "data_wr4", 8 0;
v0x271d260_0 .var "data_wr4_data", 31 0;
v0x271d1b0_0 .var "data_wr4_enable", 0 0;
v0x271d3a0_0 .alias "destination", 5 0, v0x2722730_0;
v0x271d2e0_0 .alias "operationnumber", 5 0, v0x2723370_0;
v0x271d4f0_0 .var "pcchange", 8 0;
v0x271d420_0 .var "pcjumpenable", 2 0;
v0x271d650_0 .var "pclocation", 5 0;
v0x271d570_0 .alias "previous_programcounter", 19 0, v0x2723940_0;
v0x271d7c0_0 .var "reg_rd1", 5 0;
v0x271d6d0_0 .alias "reg_rd1_out", 15 0, v0x2723780_0;
v0x271d940_0 .var "reg_rd2", 5 0;
v0x271d840_0 .alias "reg_rd2_out", 15 0, v0x2723c70_0;
v0x271d8c0_0 .var "reg_rd3", 5 0;
v0x271dae0_0 .alias "reg_rd3_out", 15 0, v0x2723a90_0;
v0x271db60_0 .var "reg_wr1", 5 0;
v0x271d9c0_0 .var "reg_wr1_data", 15 0;
v0x271da40_0 .var "reg_wr1_enable", 0 0;
v0x271dd20_0 .var "reg_wr2", 5 0;
v0x271dda0_0 .var "reg_wr2_data", 15 0;
v0x271dbe0_0 .var "reg_wr2_enable", 0 0;
v0x271dc60_0 .alias "reset", 0 0, v0x2720be0_0;
v0x271df80_0 .alias "signed_1", 21 0, v0x2724160_0;
v0x271e000_0 .alias "signed_2", 15 0, v0x2724230_0;
v0x271de20_0 .alias "signed_3", 9 0, v0x2724300_0;
v0x271dea0_0 .alias "source_1", 5 0, v0x2724760_0;
v0x271e200_0 .alias "source_2", 5 0, v0x2724520_0;
v0x271e280_0 .alias "super_duper_a", 0 0, v0x27245f0_0;
v0x271e080_0 .alias "super_duper_b", 0 0, v0x27246c0_0;
v0x271e120_0 .alias "unsigned_1", 5 0, v0x2724ae0_0;
v0x271e4a0_0 .alias "unsigned_2", 15 0, v0x2724830_0;
v0x271e520_0 .alias "unsigned_3", 8 0, v0x2724900_0;
v0x271e300_0 .alias "unsigned_4", 9 0, v0x27249d0_0;
v0x271e3a0_0 .alias "unsigned_5", 8 0, v0x2724e80_0;
E_0x271adb0 .event posedge, v0x2719e90_0;
S_0x271af40 .scope module, "TheInstructionMemory_test" "TheInstructionMemory" 2 201, 7 1, S_0x26476e0;
 .timescale 0 0;
L_0x2725840 .functor BUFZ 16, L_0x2725710, C4<0000000000000000>, C4<0000000000000000>, C4<0000000000000000>;
L_0x2725990 .functor BUFZ 16, L_0x27258a0, C4<0000000000000000>, C4<0000000000000000>, C4<0000000000000000>;
L_0x2725b80 .functor BUFZ 16, L_0x2725a90, C4<0000000000000000>, C4<0000000000000000>, C4<0000000000000000>;
L_0x2725d70 .functor BUFZ 16, L_0x2725c80, C4<0000000000000000>, C4<0000000000000000>, C4<0000000000000000>;
v0x271b030_0 .net *"_s0", 15 0, L_0x2725710; 1 drivers
v0x271b0f0_0 .net *"_s12", 15 0, L_0x2725c80; 1 drivers
v0x271b190_0 .net *"_s4", 15 0, L_0x27258a0; 1 drivers
v0x271b230_0 .net *"_s8", 15 0, L_0x2725a90; 1 drivers
v0x271b2b0_0 .alias "clock", 0 0, v0x27201b0_0;
v0x271b360 .array "instruction_memory", 0 1048575, 15 0;
v0x271b3e0_0 .alias "instruction_rd1", 19 0, v0x2722800_0;
v0x271b460_0 .alias "instruction_rd1_out", 15 0, v0x2722ac0_0;
v0x271b500_0 .alias "instruction_rd2", 19 0, v0x27229c0_0;
v0x271b5a0_0 .alias "instruction_rd2_out", 15 0, v0x2722a40_0;
v0x271b640_0 .alias "instruction_rd3", 19 0, v0x2722cb0_0;
v0x271b6e0_0 .alias "instruction_rd3_out", 15 0, v0x2722d30_0;
v0x271b780_0 .alias "instruction_rd4", 19 0, v0x2722b40_0;
v0x271b820_0 .alias "instruction_rd4_out", 15 0, v0x2722bc0_0;
v0x271b940_0 .net "instruction_wr1", 19 0, L_0x2725f10; 1 drivers
v0x271b9e0_0 .net "instruction_wr1_data", 15 0, L_0x27266e0; 1 drivers
v0x271b8a0_0 .alias "instruction_wr1_enable", 0 0, v0x2722db0_0;
v0x271bb30_0 .net "instruction_wr2", 19 0, L_0x27260f0; 1 drivers
v0x271bc50_0 .net "instruction_wr2_data", 15 0, L_0x2726920; 1 drivers
v0x271bcd0_0 .alias "instruction_wr2_enable", 0 0, v0x27231f0_0;
v0x271bbb0_0 .net "instruction_wr3", 19 0, L_0x27262d0; 1 drivers
v0x271be00_0 .net "instruction_wr3_data", 15 0, L_0x2726af0; 1 drivers
v0x271bd50_0 .alias "instruction_wr3_enable", 0 0, v0x2723140_0;
v0x271bf40_0 .net "instruction_wr4", 19 0, L_0x27264b0; 1 drivers
v0x271be80_0 .net "instruction_wr4_data", 15 0, L_0x2726de0; 1 drivers
v0x271c090_0 .alias "instruction_wr4_enable", 0 0, v0x27232f0_0;
v0x271bfc0_0 .alias "reset", 0 0, v0x2720be0_0;
L_0x2725710 .array/port v0x271b360, v0x271ef00_0;
L_0x27258a0 .array/port v0x271b360, C4<zzzzzzzzzzzzzzzzzzzz>;
L_0x2725a90 .array/port v0x271b360, C4<zzzzzzzzzzzzzzzzzzzz>;
L_0x2725c80 .array/port v0x271b360, C4<zzzzzzzzzzzzzzzzzzzz>;
S_0x26f9ea0 .scope module, "TheDataMemory_test" "TheDataMemory" 2 226, 8 1, S_0x26476e0;
 .timescale 0 0;
L_0x2726820 .functor BUFZ 32, L_0x2726fb0, C4<00000000000000000000000000000000>, C4<00000000000000000000000000000000>, C4<00000000000000000000000000000000>;
L_0x2727140 .functor BUFZ 32, L_0x27270a0, C4<00000000000000000000000000000000>, C4<00000000000000000000000000000000>, C4<00000000000000000000000000000000>;
L_0x2727290 .functor BUFZ 32, L_0x27271f0, C4<00000000000000000000000000000000>, C4<00000000000000000000000000000000>, C4<00000000000000000000000000000000>;
L_0x27273e0 .functor BUFZ 32, L_0x2727340, C4<00000000000000000000000000000000>, C4<00000000000000000000000000000000>, C4<00000000000000000000000000000000>;
v0x2699e90_0 .net *"_s0", 31 0, L_0x2726fb0; 1 drivers
v0x2719ca0_0 .net *"_s12", 31 0, L_0x2727340; 1 drivers
v0x2719d40_0 .net *"_s4", 31 0, L_0x27270a0; 1 drivers
v0x2719de0_0 .net *"_s8", 31 0, L_0x27271f0; 1 drivers
v0x2719e90_0 .alias "clock", 0 0, v0x27201b0_0;
v0x2719f30 .array "data_memory", 0 1048575, 31 0;
v0x2719ff0_0 .alias "data_rd1", 8 0, v0x2721640_0;
v0x271a090_0 .alias "data_rd1_out", 31 0, v0x27215b0_0;
v0x271a180_0 .alias "data_rd2", 8 0, v0x2721760_0;
v0x271a220_0 .alias "data_rd2_out", 31 0, v0x27216c0_0;
v0x271a320_0 .alias "data_rd3", 8 0, v0x27218e0_0;
v0x271a3c0_0 .alias "data_rd3_out", 31 0, v0x2721a20_0;
v0x271a4d0_0 .alias "data_rd4", 8 0, v0x2721aa0_0;
v0x271a570_0 .alias "data_rd4_out", 31 0, v0x2721bf0_0;
v0x271a690_0 .alias "data_wr1", 8 0, v0x2721c70_0;
v0x271a730_0 .alias "data_wr1_data", 31 0, v0x2721b70_0;
v0x271a5f0_0 .alias "data_wr1_enable", 0 0, v0x2721e20_0;
v0x271a880_0 .alias "data_wr2", 8 0, v0x2721d40_0;
v0x271a9a0_0 .alias "data_wr2_data", 31 0, v0x2721fe0_0;
v0x271aa20_0 .alias "data_wr2_enable", 0 0, v0x2721ef0_0;
v0x271a900_0 .alias "data_wr3", 8 0, v0x27221b0_0;
v0x271ab50_0 .alias "data_wr3_data", 31 0, v0x27220b0_0;
v0x271aaa0_0 .alias "data_wr3_enable", 0 0, v0x2722390_0;
v0x271ac90_0 .alias "data_wr4", 8 0, v0x2722280_0;
v0x271abf0_0 .alias "data_wr4_data", 31 0, v0x2722580_0;
v0x271ade0_0 .alias "data_wr4_enable", 0 0, v0x2722460_0;
v0x271ad30_0 .alias "reset", 0 0, v0x2720be0_0;
E_0x26d2840 .event posedge, v0x271ad30_0, v0x2719e90_0;
L_0x2726fb0 .array/port v0x2719f30, v0x271c460_0;
L_0x27270a0 .array/port v0x2719f30, v0x271c590_0;
L_0x27271f0 .array/port v0x2719f30, v0x271c700_0;
L_0x2727340 .array/port v0x2719f30, v0x271c8b0_0;
    .scope S_0x271ff40;
T_0 ;
    %wait E_0x26d2840;
    %load/v 8, v0x2720be0_0, 1;
    %jmp/0xz  T_0.0, 8;
    %vpi_call 3 64 "$readmemb", "register.list", v0x2720940;
    %jmp T_0.1;
T_0.0 ;
    %load/v 8, v0x2720810_0, 1;
    %mov 9, 0, 2;
    %cmpi/u 8, 1, 3;
    %jmp/0xz  T_0.2, 4;
    %load/v 8, v0x2720760_0, 16;
    %ix/getv 3, v0x27206b0_0;
   %jmp/1 t_0, 4;
   %ix/load 1, 0, 0;
   %set/av v0x2720940, 8, 16;
t_0 ;
T_0.2 ;
    %load/v 8, v0x2720aa0_0, 1;
    %mov 9, 0, 2;
    %cmpi/u 8, 1, 3;
    %jmp/0xz  T_0.4, 4;
    %load/v 8, v0x27209f0_0, 16;
    %ix/getv 3, v0x27208c0_0;
   %jmp/1 t_1, 4;
   %ix/load 1, 0, 0;
   %set/av v0x2720940, 8, 16;
t_1 ;
T_0.4 ;
T_0.1 ;
    %jmp T_0;
    .thread T_0;
    .scope S_0x271f080;
T_1 ;
    %vpi_call 4 72 "$readmemb", "opcodemem.list", v0x271f4e0;
    %end;
    .thread T_1;
    .scope S_0x271f080;
T_2 ;
    %wait E_0x271f170;
    %load/v 8, v0x271f1a0_0, 1;
    %mov 9, 0, 1;
    %cmpi/u 8, 0, 2;
    %jmp/0xz  T_2.0, 4;
    %ix/load 1, 25, 0;
    %mov 4, 0, 1;
    %jmp/1 T_2.2, 4;
    %load/x1p 8, v0x271f2d0_0, 6;
    %jmp T_2.3;
T_2.2 ;
    %mov 8, 2, 6;
T_2.3 ;
; Save base=8 wid=6 in lookaside.
    %set/v v0x271f460_0, 8, 6;
    %ix/load 1, 22, 0;
    %mov 4, 0, 1;
    %jmp/1 T_2.4, 4;
    %load/x1p 14, v0x271f2d0_0, 3;
    %jmp T_2.5;
T_2.4 ;
    %mov 14, 2, 3;
T_2.5 ;
    %mov 8, 14, 3; Move signal select into place
    %mov 11, 0, 3;
    %set/v v0x271f220_0, 8, 6;
    %ix/load 1, 19, 0;
    %mov 4, 0, 1;
    %jmp/1 T_2.6, 4;
    %load/x1p 14, v0x271f2d0_0, 3;
    %jmp T_2.7;
T_2.6 ;
    %mov 14, 2, 3;
T_2.7 ;
    %mov 8, 14, 3; Move signal select into place
    %mov 11, 0, 3;
    %set/v v0x271f840_0, 8, 6;
    %ix/load 1, 16, 0;
    %mov 4, 0, 1;
    %jmp/1 T_2.8, 4;
    %load/x1p 14, v0x271f2d0_0, 3;
    %jmp T_2.9;
T_2.8 ;
    %mov 14, 2, 3;
T_2.9 ;
    %mov 8, 14, 3; Move signal select into place
    %mov 11, 0, 3;
    %set/v v0x271f8f0_0, 8, 6;
    %ix/load 1, 16, 0;
    %mov 4, 0, 1;
    %jmp/1 T_2.10, 4;
    %load/x1p 14, v0x271f2d0_0, 3;
    %jmp T_2.11;
T_2.10 ;
    %mov 14, 2, 3;
T_2.11 ;
    %mov 8, 14, 3; Move signal select into place
    %mov 11, 0, 3;
    %set/v v0x271fb80_0, 8, 6;
    %ix/load 1, 16, 0;
    %mov 4, 0, 1;
    %jmp/1 T_2.12, 4;
    %load/x1p 24, v0x271f2d0_0, 6;
    %jmp T_2.13;
T_2.12 ;
    %mov 24, 2, 6;
T_2.13 ;
    %mov 8, 24, 6; Move signal select into place
    %mov 14, 0, 10;
    %set/v v0x271fc30_0, 8, 16;
    %ix/load 1, 16, 0;
    %mov 4, 0, 1;
    %jmp/1 T_2.14, 4;
    %load/x1p 8, v0x271f2d0_0, 9;
    %jmp T_2.15;
T_2.14 ;
    %mov 8, 2, 9;
T_2.15 ;
; Save base=8 wid=9 in lookaside.
    %set/v v0x271fad0_0, 8, 9;
    %ix/load 1, 16, 0;
    %mov 4, 0, 1;
    %jmp/1 T_2.16, 4;
    %load/x1p 30, v0x271f2d0_0, 9;
    %jmp T_2.17;
T_2.16 ;
    %mov 30, 2, 9;
T_2.17 ;
    %mov 8, 30, 9; Move signal select into place
    %mov 17, 0, 13;
    %set/v v0x271f5e0_0, 8, 22;
    %ix/load 1, 16, 0;
    %mov 4, 0, 1;
    %jmp/1 T_2.18, 4;
    %load/x1p 24, v0x271f2d0_0, 9;
    %jmp T_2.19;
T_2.18 ;
    %mov 24, 2, 9;
T_2.19 ;
    %mov 8, 24, 9; Move signal select into place
    %mov 17, 0, 7;
    %set/v v0x271f6e0_0, 8, 16;
    %ix/load 1, 16, 0;
    %mov 4, 0, 1;
    %jmp/1 T_2.20, 4;
    %load/x1p 18, v0x271f2d0_0, 9;
    %jmp T_2.21;
T_2.20 ;
    %mov 18, 2, 9;
T_2.21 ;
    %mov 8, 18, 9; Move signal select into place
    %mov 17, 0, 1;
    %set/v v0x271f790_0, 8, 10;
    %ix/getv 3, v0x271f460_0;
    %load/av 8, v0x271f4e0, 6;
    %set/v v0x271f560_0, 8, 6;
    %jmp T_2.1;
T_2.0 ;
    %load/v 8, v0x271f1a0_0, 1;
    %mov 9, 0, 2;
    %cmpi/u 8, 1, 3;
    %jmp/0xz  T_2.22, 4;
    %ix/load 1, 22, 0;
    %mov 4, 0, 1;
    %jmp/1 T_2.24, 4;
    %load/x1p 8, v0x271f2d0_0, 3;
    %jmp T_2.25;
T_2.24 ;
    %mov 8, 2, 3;
T_2.25 ;
; Save base=8 wid=3 in lookaside.
    %ix/load 0, 0, 0;
    %set/x0 v0x271f220_0, 8, 3;
    %ix/load 1, 6, 0;
    %mov 4, 0, 1;
    %jmp/1 T_2.26, 4;
    %load/x1p 8, v0x271f2d0_0, 3;
    %jmp T_2.27;
T_2.26 ;
    %mov 8, 2, 3;
T_2.27 ;
; Save base=8 wid=3 in lookaside.
    %ix/load 0, 3, 0;
    %set/x0 v0x271f220_0, 8, 3;
    %ix/load 1, 19, 0;
    %mov 4, 0, 1;
    %jmp/1 T_2.28, 4;
    %load/x1p 8, v0x271f2d0_0, 3;
    %jmp T_2.29;
T_2.28 ;
    %mov 8, 2, 3;
T_2.29 ;
; Save base=8 wid=3 in lookaside.
    %ix/load 0, 0, 0;
    %set/x0 v0x271f840_0, 8, 3;
    %ix/load 1, 3, 0;
    %mov 4, 0, 1;
    %jmp/1 T_2.30, 4;
    %load/x1p 8, v0x271f2d0_0, 3;
    %jmp T_2.31;
T_2.30 ;
    %mov 8, 2, 3;
T_2.31 ;
; Save base=8 wid=3 in lookaside.
    %ix/load 0, 3, 0;
    %set/x0 v0x271f840_0, 8, 3;
    %ix/load 1, 16, 0;
    %mov 4, 0, 1;
    %jmp/1 T_2.32, 4;
    %load/x1p 8, v0x271f2d0_0, 3;
    %jmp T_2.33;
T_2.32 ;
    %mov 8, 2, 3;
T_2.33 ;
; Save base=8 wid=3 in lookaside.
    %ix/load 0, 0, 0;
    %set/x0 v0x271f8f0_0, 8, 3;
    %load/v 8, v0x271f2d0_0, 3; Only need 3 of 32 bits
; Save base=8 wid=3 in lookaside.
    %ix/load 0, 3, 0;
    %set/x0 v0x271f8f0_0, 8, 3;
    %ix/load 1, 16, 0;
    %mov 4, 0, 1;
    %jmp/1 T_2.34, 4;
    %load/x1p 8, v0x271f2d0_0, 3;
    %jmp T_2.35;
T_2.34 ;
    %mov 8, 2, 3;
T_2.35 ;
; Save base=8 wid=3 in lookaside.
    %ix/load 0, 0, 0;
    %set/x0 v0x271fb80_0, 8, 3;
    %load/v 8, v0x271f2d0_0, 3; Only need 3 of 32 bits
; Save base=8 wid=3 in lookaside.
    %ix/load 0, 3, 0;
    %set/x0 v0x271fb80_0, 8, 3;
    %ix/load 1, 16, 0;
    %mov 4, 0, 1;
    %jmp/1 T_2.36, 4;
    %load/x1p 8, v0x271f2d0_0, 6;
    %jmp T_2.37;
T_2.36 ;
    %mov 8, 2, 6;
T_2.37 ;
; Save base=8 wid=6 in lookaside.
    %ix/load 0, 0, 0;
    %set/x0 v0x271fc30_0, 8, 6;
    %ix/load 1, 9, 0;
    %mov 4, 0, 1;
    %jmp/1 T_2.38, 4;
    %load/x1p 8, v0x271f2d0_0, 4;
    %jmp T_2.39;
T_2.38 ;
    %mov 8, 2, 4;
T_2.39 ;
; Save base=8 wid=4 in lookaside.
    %ix/load 0, 6, 0;
    %set/x0 v0x271fc30_0, 8, 4;
    %load/v 8, v0x271f2d0_0, 6; Only need 6 of 32 bits
; Save base=8 wid=6 in lookaside.
    %ix/load 0, 10, 0;
    %set/x0 v0x271fc30_0, 8, 6;
    %ix/load 1, 16, 0;
    %mov 4, 0, 1;
    %jmp/1 T_2.40, 4;
    %load/x1p 8, v0x271f2d0_0, 3;
    %jmp T_2.41;
T_2.40 ;
    %mov 8, 2, 3;
T_2.41 ;
; Save base=8 wid=3 in lookaside.
    %ix/load 0, 0, 0;
    %set/x0 v0x271fda0_0, 8, 3;
    %ix/load 1, 9, 0;
    %mov 4, 0, 1;
    %jmp/1 T_2.42, 4;
    %load/x1p 8, v0x271f2d0_0, 4;
    %jmp T_2.43;
T_2.42 ;
    %mov 8, 2, 4;
T_2.43 ;
; Save base=8 wid=4 in lookaside.
    %ix/load 0, 3, 0;
    %set/x0 v0x271fda0_0, 8, 4;
    %load/v 8, v0x271f2d0_0, 3; Only need 3 of 32 bits
; Save base=8 wid=3 in lookaside.
    %ix/load 0, 7, 0;
    %set/x0 v0x271fda0_0, 8, 3;
    %ix/load 1, 16, 0;
    %mov 4, 0, 1;
    %jmp/1 T_2.44, 4;
    %load/x1p 8, v0x271f2d0_0, 3;
    %jmp T_2.45;
T_2.44 ;
    %mov 8, 2, 3;
T_2.45 ;
; Save base=8 wid=3 in lookaside.
    %ix/load 0, 0, 0;
    %set/x0 v0x271fec0_0, 8, 3;
    %ix/load 1, 8, 0;
    %mov 4, 0, 1;
    %jmp/1 T_2.46, 4;
    %load/x1p 8, v0x271f2d0_0, 5;
    %jmp T_2.47;
T_2.46 ;
    %mov 8, 2, 5;
T_2.47 ;
; Save base=8 wid=5 in lookaside.
    %ix/load 0, 3, 0;
    %set/x0 v0x271fec0_0, 8, 3;
    %load/v 8, v0x271f2d0_0, 3; Only need 3 of 32 bits
; Save base=8 wid=3 in lookaside.
    %ix/load 0, 6, 0;
    %set/x0 v0x271fec0_0, 8, 3;
    %ix/load 1, 16, 0;
    %mov 4, 0, 1;
    %jmp/1 T_2.48, 4;
    %load/x1p 8, v0x271f2d0_0, 9;
    %jmp T_2.49;
T_2.48 ;
    %mov 8, 2, 9;
T_2.49 ;
; Save base=8 wid=9 in lookaside.
    %ix/load 0, 0, 0;
    %set/x0 v0x271f5e0_0, 8, 9;
    %load/v 8, v0x271f2d0_0, 13; Only need 13 of 32 bits
; Save base=8 wid=13 in lookaside.
    %ix/load 0, 9, 0;
    %set/x0 v0x271f5e0_0, 8, 13;
    %ix/load 1, 22, 0;
    %mov 4, 0, 1;
    %jmp/1 T_2.50, 4;
    %load/x1p 8, v0x271f2d0_0, 3;
    %jmp T_2.51;
T_2.50 ;
    %mov 8, 2, 3;
T_2.51 ;
; Save base=8 wid=3 in lookaside.
    %ix/load 0, 0, 0;
    %set/x0 v0x271f6e0_0, 8, 3;
    %ix/load 1, 16, 0;
    %mov 4, 0, 1;
    %jmp/1 T_2.52, 4;
    %load/x1p 8, v0x271f2d0_0, 3;
    %jmp T_2.53;
T_2.52 ;
    %mov 8, 2, 3;
T_2.53 ;
; Save base=8 wid=3 in lookaside.
    %ix/load 0, 3, 0;
    %set/x0 v0x271f6e0_0, 8, 3;
    %ix/load 1, 6, 0;
    %mov 4, 0, 1;
    %jmp/1 T_2.54, 4;
    %load/x1p 8, v0x271f2d0_0, 7;
    %jmp T_2.55;
T_2.54 ;
    %mov 8, 2, 7;
T_2.55 ;
; Save base=8 wid=7 in lookaside.
    %ix/load 0, 6, 0;
    %set/x0 v0x271f6e0_0, 8, 7;
    %load/v 8, v0x271f2d0_0, 3; Only need 3 of 32 bits
; Save base=8 wid=3 in lookaside.
    %ix/load 0, 13, 0;
    %set/x0 v0x271f6e0_0, 8, 3;
    %ix/load 1, 22, 0;
    %mov 4, 0, 1;
    %jmp/1 T_2.56, 4;
    %load/x1p 8, v0x271f2d0_0, 3;
    %jmp T_2.57;
T_2.56 ;
    %mov 8, 2, 3;
T_2.57 ;
; Save base=8 wid=3 in lookaside.
    %ix/load 0, 0, 0;
    %set/x0 v0x271f790_0, 8, 3;
    %ix/load 1, 6, 0;
    %mov 4, 0, 1;
    %jmp/1 T_2.58, 4;
    %load/x1p 8, v0x271f2d0_0, 7;
    %jmp T_2.59;
T_2.58 ;
    %mov 8, 2, 7;
T_2.59 ;
; Save base=8 wid=7 in lookaside.
    %ix/load 0, 3, 0;
    %set/x0 v0x271f790_0, 8, 7;
    %ix/load 1, 25, 0;
    %mov 4, 0, 1;
    %jmp/1 T_2.60, 4;
    %load/x1p 8, v0x271f2d0_0, 6;
    %jmp T_2.61;
T_2.60 ;
    %mov 8, 2, 6;
T_2.61 ;
; Save base=8 wid=6 in lookaside.
    %set/v v0x271f460_0, 8, 6;
    %ix/getv 3, v0x271f460_0;
    %load/av 8, v0x271f4e0, 6;
    %set/v v0x271f560_0, 8, 6;
    %ix/load 1, 9, 0;
    %mov 4, 0, 1;
    %jmp/1 T_2.62, 4;
    %load/x1p 16, v0x271f2d0_0, 7;
    %jmp T_2.63;
T_2.62 ;
    %mov 16, 2, 7;
T_2.63 ;
    %mov 8, 16, 7; Move signal select into place
    %mov 15, 0, 1;
    %cmpi/u 8, 0, 8;
    %inv 6, 1;
    %jmp/0xz  T_2.64, 6;
    %set/v v0x271f9a0_0, 1, 1;
T_2.64 ;
    %ix/load 1, 9, 0;
    %mov 4, 0, 1;
    %jmp/1 T_2.66, 4;
    %load/x1p 10, v0x271f2d0_0, 1;
    %jmp T_2.67;
T_2.66 ;
    %mov 10, 2, 1;
T_2.67 ;
    %mov 8, 10, 1; Move signal select into place
    %mov 9, 0, 1;
    %cmpi/u 8, 0, 2;
    %inv 6, 1;
    %jmp/0xz  T_2.68, 6;
    %set/v v0x271fa50_0, 1, 1;
    %jmp T_2.69;
T_2.68 ;
    %set/v v0x271f9a0_0, 0, 1;
    %set/v v0x271fa50_0, 0, 1;
T_2.69 ;
T_2.22 ;
T_2.1 ;
    %jmp T_2;
    .thread T_2, $push;
    .scope S_0x271e760;
T_3 ;
    %wait E_0x271adb0;
    %load/v 8, v0x271f000_0, 1;
    %mov 9, 0, 2;
    %cmpi/u 8, 1, 3;
    %jmp/0xz  T_3.0, 4;
    %set/v v0x271ef00_0, 0, 20;
    %jmp T_3.1;
T_3.0 ;
    %load/v 8, v0x271ed50_0, 3;
    %mov 11, 0, 1;
    %cmpi/u 8, 1, 4;
    %jmp/0xz  T_3.2, 4;
    %load/v 8, v0x271ef00_0, 20;
    %mov 28, 0, 12;
    %load/v 40, v0x271ee50_0, 20;
    %mov 60, 0, 3;
    %mov 63, 0, 9;
    %load/v 72, v0x271ecd0_0, 9;
    %mov 81, 0, 14;
    %mov 95, 0, 9;
    %add 40, 72, 32;
    %subi 40, 1, 32;
    %cmp/u 8, 40, 32;
    %jmp/0xz  T_3.4, 4;
    %load/v 8, v0x271ea50_0, 16;
    %set/v v0x271e9d0_0, 8, 16;
    %load/v 8, v0x271ec50_0, 16;
    %set/v v0x271ea50_0, 8, 16;
    %jmp T_3.5;
T_3.4 ;
    %load/v 8, v0x271ef00_0, 20;
    %mov 28, 0, 2;
    %mov 30, 0, 10;
    %load/v 40, v0x271ecd0_0, 9;
    %mov 49, 0, 13;
    %mov 62, 0, 10;
    %add 8, 40, 32;
    %subi 8, 1, 32;
    %set/v v0x271ef00_0, 8, 20;
    %movi 8, 1, 16;
    %set/v v0x271e9d0_0, 8, 16;
    %movi 8, 1, 16;
    %set/v v0x271ea50_0, 8, 16;
T_3.5 ;
T_3.2 ;
    %load/v 8, v0x271ed50_0, 3;
    %mov 11, 0, 1;
    %cmpi/u 8, 2, 4;
    %jmp/0xz  T_3.6, 4;
    %load/v 8, v0x271ef00_0, 20;
    %load/v 28, v0x271edd0_0, 6;
    %mov 34, 0, 14;
    %cmp/u 8, 28, 20;
    %jmp/0xz  T_3.8, 4;
    %set/v v0x271e9d0_0, 0, 16;
    %load/v 8, v0x271ec50_0, 16;
    %set/v v0x271ea50_0, 8, 16;
    %jmp T_3.9;
T_3.8 ;
    %load/v 8, v0x271edd0_0, 6;
    %mov 14, 0, 14;
    %set/v v0x271ef00_0, 8, 20;
    %movi 8, 1, 16;
    %set/v v0x271e9d0_0, 8, 16;
    %movi 8, 1, 16;
    %set/v v0x271ea50_0, 8, 16;
T_3.9 ;
T_3.6 ;
    %load/v 8, v0x271ed50_0, 3;
    %mov 11, 0, 1;
    %cmpi/u 8, 3, 4;
    %jmp/0xz  T_3.10, 4;
    %load/v 8, v0x271ef00_0, 20;
    %load/v 28, v0x271edd0_0, 6;
    %mov 34, 0, 14;
    %cmp/u 8, 28, 20;
    %jmp/0xz  T_3.12, 4;
    %set/v v0x271e9d0_0, 0, 16;
    %load/v 8, v0x271ec50_0, 16;
    %set/v v0x271ea50_0, 8, 16;
    %jmp T_3.13;
T_3.12 ;
    %load/v 8, v0x271edd0_0, 6;
    %mov 14, 0, 14;
    %set/v v0x271ef00_0, 8, 20;
    %movi 8, 1, 16;
    %set/v v0x271e9d0_0, 8, 16;
    %movi 8, 1, 16;
    %set/v v0x271ea50_0, 8, 16;
T_3.13 ;
T_3.10 ;
    %load/v 8, v0x271ed50_0, 3;
    %mov 11, 0, 2;
    %cmpi/u 8, 4, 5;
    %jmp/0xz  T_3.14, 4;
    %load/v 8, v0x271ef00_0, 20;
    %mov 28, 0, 12;
    %load/v 40, v0x271ee50_0, 20;
    %mov 60, 0, 3;
    %mov 63, 0, 9;
    %load/v 72, v0x271ecd0_0, 9;
    %mov 81, 0, 14;
    %mov 95, 0, 9;
    %add 40, 72, 32;
    %subi 40, 1, 32;
    %cmp/u 8, 40, 32;
    %jmp/0xz  T_3.16, 4;
    %load/v 8, v0x271ea50_0, 16;
    %set/v v0x271e9d0_0, 8, 16;
    %load/v 8, v0x271ec50_0, 16;
    %set/v v0x271ea50_0, 8, 16;
    %jmp T_3.17;
T_3.16 ;
    %load/v 8, v0x271ef00_0, 20;
    %mov 28, 0, 2;
    %mov 30, 0, 10;
    %load/v 40, v0x271ecd0_0, 9;
    %mov 49, 0, 13;
    %mov 62, 0, 10;
    %add 8, 40, 32;
    %subi 8, 1, 32;
    %set/v v0x271ef00_0, 8, 20;
    %set/v v0x271e9d0_0, 0, 16;
    %set/v v0x271ea50_0, 0, 16;
T_3.17 ;
T_3.14 ;
    %load/v 8, v0x271ed50_0, 3;
    %mov 11, 0, 1;
    %cmpi/u 8, 0, 4;
    %jmp/0xz  T_3.18, 4;
    %load/v 8, v0x271ef00_0, 20;
    %mov 28, 0, 12;
    %addi 8, 1, 32;
    %set/v v0x271ef00_0, 8, 20;
    %load/v 8, v0x271ea50_0, 16;
    %set/v v0x271e9d0_0, 8, 16;
    %load/v 8, v0x271ec50_0, 16;
    %set/v v0x271ea50_0, 8, 16;
    %load/v 8, v0x271ef00_0, 20;
    %set/v v0x271ee50_0, 8, 20;
T_3.18 ;
    %load/v 8, v0x271eb50_0, 1;
    %mov 9, 0, 2;
    %cmpi/u 8, 1, 3;
    %jmp/0xz  T_3.20, 4;
    %movi 8, 1, 16;
    %set/v v0x271e9d0_0, 8, 16;
T_3.20 ;
T_3.1 ;
    %jmp T_3;
    .thread T_3;
    .scope S_0x271c1f0;
T_4 ;
    %wait E_0x271adb0;
    %set/v v0x271da40_0, 0, 1;
    %set/v v0x271dbe0_0, 0, 1;
    %set/v v0x271cc40_0, 0, 1;
    %set/v v0x271ccc0_0, 0, 1;
    %set/v v0x271d130_0, 0, 1;
    %set/v v0x271d1b0_0, 0, 1;
    %load/v 8, v0x271dea0_0, 6;
    %set/v v0x271d7c0_0, 8, 6;
    %load/v 8, v0x271e200_0, 6;
    %set/v v0x271d940_0, 8, 6;
    %load/v 8, v0x271d3a0_0, 6;
    %set/v v0x271d8c0_0, 8, 6;
    %set/v v0x271d420_0, 0, 3;
    %load/v 8, v0x271d2e0_0, 6;
    %mov 14, 0, 1;
    %cmpi/u 8, 0, 7;
    %jmp/0xz  T_4.0, 4;
    %load/v 8, v0x271e4a0_0, 16;
    %mov 24, 0, 1;
    %cmpi/u 8, 0, 17;
    %inv 6, 1;
    %jmp/0xz  T_4.2, 6;
T_4.2 ;
T_4.0 ;
    %load/v 8, v0x271d2e0_0, 6;
    %mov 14, 0, 1;
    %cmpi/u 8, 1, 7;
    %jmp/0xz  T_4.4, 4;
    %load/v 8, v0x271e280_0, 1;
    %mov 9, 0, 2;
    %cmpi/u 8, 1, 3;
    %jmp/0xz  T_4.6, 4;
    %load/v 8, v0x271d3a0_0, 6;
    %set/v v0x271db60_0, 8, 6;
    %load/v 8, v0x271d6d0_0, 16;
    %mov 24, 0, 1;
    %load/v 25, v0x271d840_0, 16;
    %mov 41, 0, 1;
    %add 8, 25, 17;
    %load/v 25, v0x271c2e0_0, 1;
    %mov 26, 0, 16;
    %add 8, 25, 17;
    %set/v v0x271c360_0, 8, 17;
    %load/v 8, v0x271c360_0, 16; Only need 16 of 17 bits
; Save base=8 wid=16 in lookaside.
    %set/v v0x271d9c0_0, 8, 16;
    %ix/load 1, 16, 0;
    %mov 4, 0, 1;
    %jmp/1 T_4.8, 4;
    %load/x1p 8, v0x271c360_0, 1;
    %jmp T_4.9;
T_4.8 ;
    %mov 8, 2, 1;
T_4.9 ;
; Save base=8 wid=1 in lookaside.
    %set/v v0x271c2e0_0, 8, 1;
    %set/v v0x271da40_0, 1, 1;
    %jmp T_4.7;
T_4.6 ;
    %load/v 8, v0x271d3a0_0, 6;
    %set/v v0x271db60_0, 8, 6;
    %load/v 8, v0x271d6d0_0, 16;
    %mov 24, 0, 1;
    %load/v 25, v0x271d840_0, 16;
    %mov 41, 0, 1;
    %add 8, 25, 17;
    %load/v 25, v0x271c2e0_0, 1;
    %mov 26, 0, 16;
    %add 8, 25, 17;
    %set/v v0x271c360_0, 8, 17;
    %load/v 8, v0x271c360_0, 16; Only need 16 of 17 bits
; Save base=8 wid=16 in lookaside.
    %set/v v0x271d9c0_0, 8, 16;
    %set/v v0x271da40_0, 1, 1;
T_4.7 ;
T_4.4 ;
    %load/v 8, v0x271d2e0_0, 6;
    %mov 14, 0, 1;
    %cmpi/u 8, 2, 7;
    %jmp/0xz  T_4.10, 4;
    %load/v 8, v0x271e280_0, 1;
    %mov 9, 0, 2;
    %cmpi/u 8, 1, 3;
    %jmp/0xz  T_4.12, 4;
    %load/v 8, v0x271d3a0_0, 6;
    %set/v v0x271db60_0, 8, 6;
    %load/v 8, v0x271d6d0_0, 16;
    %mov 24, 0, 1;
    %load/v 25, v0x271d840_0, 16;
    %mov 41, 0, 1;
    %sub 8, 25, 17;
    %load/v 25, v0x271c2e0_0, 1;
    %mov 26, 0, 16;
    %sub 8, 25, 17;
    %set/v v0x271c360_0, 8, 17;
    %load/v 8, v0x271c360_0, 16; Only need 16 of 17 bits
; Save base=8 wid=16 in lookaside.
    %set/v v0x271d9c0_0, 8, 16;
    %ix/load 1, 16, 0;
    %mov 4, 0, 1;
    %jmp/1 T_4.14, 4;
    %load/x1p 8, v0x271c360_0, 1;
    %jmp T_4.15;
T_4.14 ;
    %mov 8, 2, 1;
T_4.15 ;
; Save base=8 wid=1 in lookaside.
    %set/v v0x271c2e0_0, 8, 1;
    %set/v v0x271da40_0, 1, 1;
    %jmp T_4.13;
T_4.12 ;
    %load/v 8, v0x271d3a0_0, 6;
    %set/v v0x271db60_0, 8, 6;
    %load/v 8, v0x271d6d0_0, 16;
    %mov 24, 0, 1;
    %load/v 25, v0x271d840_0, 16;
    %mov 41, 0, 1;
    %sub 8, 25, 17;
    %load/v 25, v0x271c2e0_0, 1;
    %mov 26, 0, 16;
    %sub 8, 25, 17;
    %set/v v0x271c360_0, 8, 17;
    %load/v 8, v0x271c360_0, 16; Only need 16 of 17 bits
; Save base=8 wid=16 in lookaside.
    %set/v v0x271d9c0_0, 8, 16;
    %set/v v0x271da40_0, 1, 1;
T_4.13 ;
T_4.10 ;
    %load/v 8, v0x271d2e0_0, 6;
    %mov 14, 0, 1;
    %cmpi/u 8, 3, 7;
    %jmp/0xz  T_4.16, 4;
    %load/v 8, v0x271e080_0, 1;
    %mov 9, 0, 2;
    %cmpi/u 8, 1, 3;
    %jmp/0xz  T_4.18, 4;
    %load/v 8, v0x271d3a0_0, 6;
    %set/v v0x271db60_0, 8, 6;
    %load/v 8, v0x271d6d0_0, 16;
    %load/v 24, v0x271e3a0_0, 9;
    %mov 33, 0, 7;
    %and 8, 24, 16;
    %set/v v0x271d9c0_0, 8, 16;
    %set/v v0x271da40_0, 1, 1;
    %jmp T_4.19;
T_4.18 ;
    %load/v 8, v0x271d3a0_0, 6;
    %set/v v0x271db60_0, 8, 6;
    %load/v 8, v0x271d6d0_0, 16;
    %load/v 24, v0x271d840_0, 16;
    %and 8, 24, 16;
    %set/v v0x271d9c0_0, 8, 16;
    %set/v v0x271da40_0, 1, 1;
T_4.19 ;
T_4.16 ;
    %load/v 8, v0x271d2e0_0, 6;
    %mov 14, 0, 1;
    %cmpi/u 8, 4, 7;
    %jmp/0xz  T_4.20, 4;
    %load/v 8, v0x271e080_0, 1;
    %mov 9, 0, 2;
    %cmpi/u 8, 1, 3;
    %jmp/0xz  T_4.22, 4;
    %load/v 8, v0x271d3a0_0, 6;
    %set/v v0x271db60_0, 8, 6;
    %load/v 8, v0x271d6d0_0, 16;
    %load/v 24, v0x271e3a0_0, 9;
    %mov 33, 0, 7;
    %or 8, 24, 16;
    %set/v v0x271d9c0_0, 8, 16;
    %set/v v0x271da40_0, 1, 1;
    %jmp T_4.23;
T_4.22 ;
    %load/v 8, v0x271d3a0_0, 6;
    %set/v v0x271db60_0, 8, 6;
    %load/v 8, v0x271d6d0_0, 16;
    %load/v 24, v0x271d840_0, 16;
    %or 8, 24, 16;
    %set/v v0x271d9c0_0, 8, 16;
    %set/v v0x271da40_0, 1, 1;
T_4.23 ;
T_4.20 ;
    %load/v 8, v0x271d2e0_0, 6;
    %mov 14, 0, 1;
    %cmpi/u 8, 5, 7;
    %jmp/0xz  T_4.24, 4;
    %load/v 8, v0x271e080_0, 1;
    %mov 9, 0, 2;
    %cmpi/u 8, 1, 3;
    %jmp/0xz  T_4.26, 4;
    %load/v 8, v0x271d3a0_0, 6;
    %set/v v0x271db60_0, 8, 6;
    %load/v 8, v0x271d6d0_0, 16;
    %load/v 24, v0x271e3a0_0, 9;
    %mov 33, 0, 7;
    %xor 8, 24, 16;
    %set/v v0x271d9c0_0, 8, 16;
    %set/v v0x271da40_0, 1, 1;
    %jmp T_4.27;
T_4.26 ;
    %load/v 8, v0x271d3a0_0, 6;
    %set/v v0x271db60_0, 8, 6;
    %load/v 8, v0x271d6d0_0, 16;
    %load/v 24, v0x271d840_0, 16;
    %xor 8, 24, 16;
    %set/v v0x271d9c0_0, 8, 16;
    %set/v v0x271da40_0, 1, 1;
T_4.27 ;
T_4.24 ;
    %load/v 8, v0x271d2e0_0, 6;
    %mov 14, 0, 1;
    %cmpi/u 8, 6, 7;
    %jmp/0xz  T_4.28, 4;
    %load/v 8, v0x271d3a0_0, 6;
    %set/v v0x271db60_0, 8, 6;
    %load/v 8, v0x271d6d0_0, 16;
    %load/v 24, v0x271d840_0, 16;
    %ix/get 0, 24, 16;
    %shiftr/i0  8, 16;
    %set/v v0x271d9c0_0, 8, 16;
    %set/v v0x271da40_0, 1, 1;
T_4.28 ;
    %load/v 8, v0x271d2e0_0, 6;
    %mov 14, 0, 1;
    %cmpi/u 8, 7, 7;
    %jmp/0xz  T_4.30, 4;
    %load/v 8, v0x271d3a0_0, 6;
    %set/v v0x271db60_0, 8, 6;
    %load/v 8, v0x271d6d0_0, 16;
    %mov 24, 0, 1;
    %load/v 25, v0x271d840_0, 16;
    %ix/get 0, 25, 16;
    %shiftl/i0  8, 17;
    %set/v v0x271c360_0, 8, 17;
    %load/v 8, v0x271c360_0, 16; Only need 16 of 17 bits
; Save base=8 wid=16 in lookaside.
    %set/v v0x271d9c0_0, 8, 16;
    %set/v v0x271da40_0, 1, 1;
T_4.30 ;
    %load/v 8, v0x271d2e0_0, 6;
    %mov 14, 0, 1;
    %cmpi/u 8, 8, 7;
    %jmp/0xz  T_4.32, 4;
    %load/v 8, v0x271d3a0_0, 6;
    %set/v v0x271db60_0, 8, 6;
    %load/v 8, v0x271d6d0_0, 16;
    %mov 24, 0, 1;
    %load/v 25, v0x271d840_0, 16;
    %ix/get 0, 25, 16;
    %shiftr/i0  8, 17;
    %set/v v0x271c360_0, 8, 17;
    %load/v 8, v0x271c360_0, 16; Only need 16 of 17 bits
; Save base=8 wid=16 in lookaside.
    %set/v v0x271d9c0_0, 8, 16;
    %set/v v0x271da40_0, 1, 1;
T_4.32 ;
    %load/v 8, v0x271d2e0_0, 6;
    %mov 14, 0, 1;
    %cmpi/u 8, 9, 7;
    %jmp/0xz  T_4.34, 4;
    %load/v 8, v0x271dea0_0, 6;
    %set/v v0x271d7c0_0, 8, 6;
    %load/v 8, v0x271d3a0_0, 6;
    %set/v v0x271db60_0, 8, 6;
    %load/v 8, v0x271d6d0_0, 16;
    %set/v v0x271d9c0_0, 8, 16;
    %set/v v0x271da40_0, 1, 1;
T_4.34 ;
    %load/v 8, v0x271d2e0_0, 6;
    %mov 14, 0, 1;
    %cmpi/u 8, 10, 7;
    %jmp/0xz  T_4.36, 4;
    %load/v 8, v0x271d3a0_0, 6;
    %set/v v0x271db60_0, 8, 6;
    %load/v 8, v0x271d6d0_0, 16;
    %load/v 24, v0x271e120_0, 6;
    %mov 30, 0, 10;
    %add 8, 24, 16;
    %set/v v0x271d9c0_0, 8, 16;
    %load/v 8, v0x271d6d0_0, 16;
    %mov 24, 0, 1;
    %load/v 25, v0x271e120_0, 6;
    %mov 31, 0, 11;
    %add 8, 25, 17;
    %load/v 25, v0x271c2e0_0, 1;
    %mov 26, 0, 16;
    %add 8, 25, 17;
    %set/v v0x271c360_0, 8, 17;
    %load/v 8, v0x271c360_0, 16; Only need 16 of 17 bits
; Save base=8 wid=16 in lookaside.
    %set/v v0x271d9c0_0, 8, 16;
    %set/v v0x271da40_0, 1, 1;
T_4.36 ;
    %load/v 8, v0x271d2e0_0, 6;
    %mov 14, 0, 1;
    %cmpi/u 8, 11, 7;
    %jmp/0xz  T_4.38, 4;
    %load/v 8, v0x271d3a0_0, 6;
    %set/v v0x271db60_0, 8, 6;
    %load/v 8, v0x271d6d0_0, 16;
    %mov 24, 0, 1;
    %load/v 25, v0x271e120_0, 6;
    %mov 31, 0, 11;
    %sub 8, 25, 17;
    %load/v 25, v0x271c2e0_0, 1;
    %mov 26, 0, 16;
    %sub 8, 25, 17;
    %set/v v0x271c360_0, 8, 17;
    %load/v 8, v0x271c360_0, 16; Only need 16 of 17 bits
; Save base=8 wid=16 in lookaside.
    %set/v v0x271d9c0_0, 8, 16;
    %set/v v0x271da40_0, 1, 1;
T_4.38 ;
    %load/v 8, v0x271d2e0_0, 6;
    %mov 14, 0, 1;
    %cmpi/u 8, 12, 7;
    %jmp/0xz  T_4.40, 4;
    %load/v 8, v0x271d3a0_0, 6;
    %set/v v0x271db60_0, 8, 6;
    %load/v 8, v0x271d6d0_0, 16;
    %load/v 24, v0x271e120_0, 6;
    %ix/get 0, 24, 6;
    %shiftr/i0  8, 16;
    %set/v v0x271d9c0_0, 8, 16;
    %set/v v0x271da40_0, 1, 1;
T_4.40 ;
    %load/v 8, v0x271d2e0_0, 6;
    %mov 14, 0, 1;
    %cmpi/u 8, 13, 7;
    %jmp/0xz  T_4.42, 4;
    %load/v 8, v0x271d3a0_0, 6;
    %set/v v0x271db60_0, 8, 6;
    %load/v 8, v0x271d6d0_0, 16;
    %mov 24, 0, 1;
    %load/v 25, v0x271e120_0, 6;
    %ix/get 0, 25, 6;
    %shiftl/i0  8, 17;
    %set/v v0x271c360_0, 8, 17;
    %load/v 8, v0x271c360_0, 16; Only need 16 of 17 bits
; Save base=8 wid=16 in lookaside.
    %set/v v0x271d9c0_0, 8, 16;
    %set/v v0x271da40_0, 1, 1;
T_4.42 ;
    %load/v 8, v0x271d2e0_0, 6;
    %mov 14, 0, 1;
    %cmpi/u 8, 14, 7;
    %jmp/0xz  T_4.44, 4;
    %load/v 8, v0x271d3a0_0, 6;
    %set/v v0x271db60_0, 8, 6;
    %load/v 8, v0x271d6d0_0, 16;
    %mov 24, 0, 1;
    %load/v 25, v0x271e120_0, 6;
    %ix/get 0, 25, 6;
    %shiftr/i0  8, 17;
    %set/v v0x271c360_0, 8, 17;
    %load/v 8, v0x271c360_0, 16; Only need 16 of 17 bits
; Save base=8 wid=16 in lookaside.
    %set/v v0x271d9c0_0, 8, 16;
    %set/v v0x271da40_0, 1, 1;
T_4.44 ;
    %load/v 8, v0x271d2e0_0, 6;
    %mov 14, 0, 1;
    %cmpi/u 8, 15, 7;
    %jmp/0xz  T_4.46, 4;
    %load/v 8, v0x271d3a0_0, 6;
    %set/v v0x271db60_0, 8, 6;
    %load/v 8, v0x271e4a0_0, 16;
    %set/v v0x271d9c0_0, 8, 16;
    %set/v v0x271da40_0, 1, 1;
T_4.46 ;
    %load/v 8, v0x271d2e0_0, 6;
    %mov 14, 0, 1;
    %cmpi/u 8, 16, 7;
    %jmp/0xz  T_4.48, 4;
    %load/v 8, v0x271d3a0_0, 6;
    %set/v v0x271db60_0, 8, 6;
    %load/v 8, v0x271dea0_0, 6;
    %set/v v0x271d7c0_0, 8, 6;
    %load/v 8, v0x271d6d0_0, 16;
    %load/v 24, v0x271e120_0, 6;
    %mov 30, 0, 10;
    %add 8, 24, 16;
    %set/v v0x271c460_0, 8, 9;
    %load/v 8, v0x271c4e0_0, 8; Only need 8 of 32 bits
; Save base=8 wid=8 in lookaside.
    %ix/load 0, 0, 0;
    %set/x0 v0x271d9c0_0, 8, 8;
    %set/v v0x271da40_0, 1, 1;
    %set/v v0x271d420_0, 0, 3;
T_4.48 ;
    %load/v 8, v0x271d2e0_0, 6;
    %mov 14, 0, 1;
    %cmpi/u 8, 17, 7;
    %jmp/0xz  T_4.50, 4;
    %load/v 8, v0x271dea0_0, 6;
    %set/v v0x271d940_0, 8, 6;
    %load/v 8, v0x271dea0_0, 6;
    %set/v v0x271dd20_0, 8, 6;
    %load/v 8, v0x271d840_0, 16;
    %mov 24, 0, 16;
    %subi 8, 1, 32;
    %set/v v0x271dda0_0, 8, 16;
    %set/v v0x271dbe0_0, 1, 1;
    %load/v 8, v0x271d3a0_0, 6;
    %set/v v0x271db60_0, 8, 6;
    %load/v 8, v0x271dea0_0, 6;
    %set/v v0x271d7c0_0, 8, 6;
    %load/v 8, v0x271d6d0_0, 16;
    %load/v 24, v0x271e120_0, 6;
    %mov 30, 0, 10;
    %add 8, 24, 16;
    %set/v v0x271c460_0, 8, 9;
    %load/v 8, v0x271c4e0_0, 8; Only need 8 of 32 bits
; Save base=8 wid=8 in lookaside.
    %ix/load 0, 0, 0;
    %set/x0 v0x271d9c0_0, 8, 8;
    %set/v v0x271da40_0, 1, 1;
T_4.50 ;
    %load/v 8, v0x271d2e0_0, 6;
    %mov 14, 0, 1;
    %cmpi/u 8, 18, 7;
    %jmp/0xz  T_4.52, 4;
    %load/v 8, v0x271d3a0_0, 6;
    %set/v v0x271db60_0, 8, 6;
    %load/v 8, v0x271dea0_0, 6;
    %set/v v0x271d7c0_0, 8, 6;
    %load/v 8, v0x271d6d0_0, 16;
    %load/v 24, v0x271e120_0, 6;
    %mov 30, 0, 10;
    %add 8, 24, 16;
    %set/v v0x271c460_0, 8, 9;
    %load/v 8, v0x271c4e0_0, 8; Only need 8 of 32 bits
; Save base=8 wid=8 in lookaside.
    %ix/load 0, 0, 0;
    %set/x0 v0x271d9c0_0, 8, 8;
    %set/v v0x271da40_0, 1, 1;
    %load/v 8, v0x271dea0_0, 6;
    %set/v v0x271d940_0, 8, 6;
    %load/v 8, v0x271dea0_0, 6;
    %set/v v0x271dd20_0, 8, 6;
    %load/v 8, v0x271d840_0, 16;
    %mov 24, 0, 16;
    %addi 8, 1, 32;
    %set/v v0x271dda0_0, 8, 16;
    %set/v v0x271dbe0_0, 1, 1;
T_4.52 ;
    %load/v 8, v0x271d2e0_0, 6;
    %mov 14, 0, 1;
    %cmpi/u 8, 20, 7;
    %jmp/0xz  T_4.54, 4;
    %load/v 8, v0x271d3a0_0, 6;
    %set/v v0x271db60_0, 8, 6;
    %load/v 8, v0x271dea0_0, 6;
    %set/v v0x271d7c0_0, 8, 6;
    %load/v 8, v0x271d6d0_0, 16;
    %load/v 24, v0x271e120_0, 6;
    %mov 30, 0, 10;
    %add 8, 24, 16;
    %set/v v0x271c460_0, 8, 9;
    %load/v 8, v0x271c4e0_0, 32;
    %set/v v0x271d9c0_0, 8, 16;
    %set/v v0x271da40_0, 1, 1;
T_4.54 ;
    %load/v 8, v0x271d2e0_0, 6;
    %mov 14, 0, 1;
    %cmpi/u 8, 21, 7;
    %jmp/0xz  T_4.56, 4;
    %load/v 8, v0x271dea0_0, 6;
    %set/v v0x271d940_0, 8, 6;
    %load/v 8, v0x271dea0_0, 6;
    %set/v v0x271dd20_0, 8, 6;
    %load/v 8, v0x271d840_0, 16;
    %mov 24, 0, 16;
    %subi 8, 2, 32;
    %set/v v0x271dda0_0, 8, 16;
    %set/v v0x271dbe0_0, 1, 1;
    %load/v 8, v0x271d3a0_0, 6;
    %set/v v0x271db60_0, 8, 6;
    %load/v 8, v0x271dea0_0, 6;
    %set/v v0x271d7c0_0, 8, 6;
    %load/v 8, v0x271d6d0_0, 16;
    %load/v 24, v0x271e120_0, 6;
    %mov 30, 0, 10;
    %add 8, 24, 16;
    %set/v v0x271c460_0, 8, 9;
    %load/v 8, v0x271c4e0_0, 32;
    %set/v v0x271d9c0_0, 8, 16;
    %set/v v0x271da40_0, 1, 1;
T_4.56 ;
    %load/v 8, v0x271d2e0_0, 6;
    %mov 14, 0, 1;
    %cmpi/u 8, 22, 7;
    %jmp/0xz  T_4.58, 4;
    %load/v 8, v0x271d3a0_0, 6;
    %set/v v0x271db60_0, 8, 6;
    %load/v 8, v0x271dea0_0, 6;
    %set/v v0x271d7c0_0, 8, 6;
    %load/v 8, v0x271d6d0_0, 16;
    %load/v 24, v0x271e120_0, 6;
    %mov 30, 0, 10;
    %add 8, 24, 16;
    %set/v v0x271c460_0, 8, 9;
    %load/v 8, v0x271c4e0_0, 32;
    %set/v v0x271d9c0_0, 8, 16;
    %set/v v0x271da40_0, 1, 1;
    %load/v 8, v0x271dea0_0, 6;
    %set/v v0x271d940_0, 8, 6;
    %load/v 8, v0x271dea0_0, 6;
    %set/v v0x271dd20_0, 8, 6;
    %load/v 8, v0x271d840_0, 16;
    %mov 24, 0, 16;
    %addi 8, 2, 32;
    %set/v v0x271dda0_0, 8, 16;
    %set/v v0x271dbe0_0, 1, 1;
T_4.58 ;
    %load/v 8, v0x271d2e0_0, 6;
    %mov 14, 0, 1;
    %cmpi/u 8, 24, 7;
    %jmp/0xz  T_4.60, 4;
    %load/v 8, v0x271d3a0_0, 6;
    %set/v v0x271db60_0, 8, 6;
    %load/v 8, v0x271dea0_0, 6;
    %set/v v0x271d7c0_0, 8, 6;
    %load/v 8, v0x271d6d0_0, 16;
    %load/v 24, v0x271e120_0, 6;
    %mov 30, 0, 10;
    %add 8, 24, 16;
    %set/v v0x271ca70_0, 8, 9;
    %load/v 8, v0x271d6d0_0, 8; Only need 8 of 16 bits
; Save base=8 wid=8 in lookaside.
    %ix/load 0, 0, 0;
    %set/x0 v0x271cb90_0, 8, 8;
    %set/v v0x271cc40_0, 1, 1;
T_4.60 ;
    %load/v 8, v0x271d2e0_0, 6;
    %mov 14, 0, 1;
    %cmpi/u 8, 25, 7;
    %jmp/0xz  T_4.62, 4;
    %load/v 8, v0x271dea0_0, 6;
    %set/v v0x271d940_0, 8, 6;
    %load/v 8, v0x271dea0_0, 6;
    %set/v v0x271dd20_0, 8, 6;
    %load/v 8, v0x271d840_0, 16;
    %mov 24, 0, 16;
    %subi 8, 1, 32;
    %set/v v0x271dda0_0, 8, 16;
    %set/v v0x271dbe0_0, 1, 1;
    %load/v 8, v0x271d3a0_0, 6;
    %set/v v0x271db60_0, 8, 6;
    %load/v 8, v0x271dea0_0, 6;
    %set/v v0x271d7c0_0, 8, 6;
    %load/v 8, v0x271d6d0_0, 16;
    %load/v 24, v0x271e120_0, 6;
    %mov 30, 0, 10;
    %add 8, 24, 16;
    %set/v v0x271ca70_0, 8, 9;
    %load/v 8, v0x271d6d0_0, 8; Only need 8 of 16 bits
; Save base=8 wid=8 in lookaside.
    %ix/load 0, 0, 0;
    %set/x0 v0x271cb90_0, 8, 8;
    %set/v v0x271cc40_0, 1, 1;
T_4.62 ;
    %load/v 8, v0x271d2e0_0, 6;
    %mov 14, 0, 1;
    %cmpi/u 8, 26, 7;
    %jmp/0xz  T_4.64, 4;
    %load/v 8, v0x271d3a0_0, 6;
    %set/v v0x271db60_0, 8, 6;
    %load/v 8, v0x271dea0_0, 6;
    %set/v v0x271d7c0_0, 8, 6;
    %load/v 8, v0x271d6d0_0, 16;
    %load/v 24, v0x271e120_0, 6;
    %mov 30, 0, 10;
    %add 8, 24, 16;
    %set/v v0x271ca70_0, 8, 9;
    %load/v 8, v0x271d6d0_0, 8; Only need 8 of 16 bits
; Save base=8 wid=8 in lookaside.
    %ix/load 0, 0, 0;
    %set/x0 v0x271cb90_0, 8, 8;
    %set/v v0x271cc40_0, 1, 1;
    %load/v 8, v0x271dea0_0, 6;
    %set/v v0x271d940_0, 8, 6;
    %load/v 8, v0x271dea0_0, 6;
    %set/v v0x271dd20_0, 8, 6;
    %load/v 8, v0x271d840_0, 16;
    %mov 24, 0, 16;
    %addi 8, 1, 32;
    %set/v v0x271dda0_0, 8, 16;
    %set/v v0x271dbe0_0, 1, 1;
T_4.64 ;
    %load/v 8, v0x271d2e0_0, 6;
    %mov 14, 0, 1;
    %cmpi/u 8, 28, 7;
    %jmp/0xz  T_4.66, 4;
    %load/v 8, v0x271d3a0_0, 6;
    %mov 14, 0, 3;
    %set/v v0x271ca70_0, 8, 9;
    %load/v 8, v0x271dea0_0, 6;
    %set/v v0x271d7c0_0, 8, 6;
    %load/v 8, v0x271d6d0_0, 16;
    %mov 24, 0, 16;
    %load/v 40, v0x271e120_0, 6;
    %mov 46, 0, 26;
    %add 8, 40, 32;
    %set/v v0x271cb90_0, 8, 32;
    %set/v v0x271cc40_0, 1, 1;
T_4.66 ;
    %load/v 8, v0x271d2e0_0, 6;
    %mov 14, 0, 1;
    %cmpi/u 8, 29, 7;
    %jmp/0xz  T_4.68, 4;
    %load/v 8, v0x271dea0_0, 6;
    %set/v v0x271d940_0, 8, 6;
    %load/v 8, v0x271dea0_0, 6;
    %set/v v0x271dd20_0, 8, 6;
    %load/v 8, v0x271d840_0, 16;
    %mov 24, 0, 16;
    %subi 8, 2, 32;
    %set/v v0x271dda0_0, 8, 16;
    %set/v v0x271dbe0_0, 1, 1;
    %load/v 8, v0x271d3a0_0, 6;
    %set/v v0x271db60_0, 8, 6;
    %load/v 8, v0x271dea0_0, 6;
    %set/v v0x271d7c0_0, 8, 6;
    %load/v 8, v0x271d6d0_0, 16;
    %load/v 24, v0x271e120_0, 6;
    %mov 30, 0, 10;
    %add 8, 24, 16;
    %set/v v0x271ca70_0, 8, 9;
    %load/v 8, v0x271d6d0_0, 16;
    %mov 24, 0, 16;
    %set/v v0x271cb90_0, 8, 32;
    %set/v v0x271cc40_0, 1, 1;
T_4.68 ;
    %load/v 8, v0x271d2e0_0, 6;
    %mov 14, 0, 1;
    %cmpi/u 8, 30, 7;
    %jmp/0xz  T_4.70, 4;
    %load/v 8, v0x271d3a0_0, 6;
    %set/v v0x271db60_0, 8, 6;
    %load/v 8, v0x271dea0_0, 6;
    %set/v v0x271d7c0_0, 8, 6;
    %load/v 8, v0x271d6d0_0, 16;
    %load/v 24, v0x271e120_0, 6;
    %mov 30, 0, 10;
    %add 8, 24, 16;
    %set/v v0x271ca70_0, 8, 9;
    %load/v 8, v0x271d6d0_0, 16;
    %ix/load 0, 0, 0;
    %set/x0 v0x271cb90_0, 8, 16;
    %set/v v0x271cc40_0, 1, 1;
    %load/v 8, v0x271dea0_0, 6;
    %set/v v0x271d940_0, 8, 6;
    %load/v 8, v0x271dea0_0, 6;
    %set/v v0x271dd20_0, 8, 6;
    %load/v 8, v0x271d840_0, 16;
    %mov 24, 0, 16;
    %addi 8, 2, 32;
    %set/v v0x271dda0_0, 8, 16;
    %set/v v0x271dbe0_0, 1, 1;
T_4.70 ;
    %load/v 8, v0x271d2e0_0, 6;
    %mov 14, 0, 2;
    %cmpi/u 8, 32, 8;
    %jmp/0xz  T_4.72, 4;
    %load/v 8, v0x271df80_0, 22;
    %set/v v0x271d4f0_0, 8, 9;
    %movi 8, 1, 3;
    %set/v v0x271d420_0, 8, 3;
T_4.72 ;
    %load/v 8, v0x271d2e0_0, 6;
    %mov 14, 0, 2;
    %cmpi/u 8, 33, 8;
    %jmp/0xz  T_4.74, 4;
    %load/v 8, v0x271e000_0, 16;
    %set/v v0x271d4f0_0, 8, 9;
    %load/v 8, v0x271dea0_0, 6;
    %set/v v0x271db60_0, 8, 6;
    %load/v 8, v0x271d570_0, 20;
    %set/v v0x271d9c0_0, 8, 16;
    %movi 8, 4, 3;
    %set/v v0x271d420_0, 8, 3;
T_4.74 ;
    %load/v 8, v0x271d2e0_0, 6;
    %mov 14, 0, 2;
    %cmpi/u 8, 34, 8;
    %jmp/0xz  T_4.76, 4;
    %load/v 8, v0x271dea0_0, 6;
    %load/v 14, v0x271e200_0, 6;
    %cmp/u 8, 14, 6;
    %jmp/0xz  T_4.78, 4;
    %load/v 8, v0x271de20_0, 10;
    %set/v v0x271d4f0_0, 8, 9;
    %movi 8, 1, 3;
    %set/v v0x271d420_0, 8, 3;
T_4.78 ;
T_4.76 ;
    %load/v 8, v0x271d2e0_0, 6;
    %mov 14, 0, 2;
    %cmpi/u 8, 35, 8;
    %jmp/0xz  T_4.80, 4;
    %load/v 8, v0x271dea0_0, 6;
    %load/v 14, v0x271e200_0, 6;
    %cmp/u 8, 14, 6;
    %inv 6, 1;
    %jmp/0xz  T_4.82, 6;
    %load/v 8, v0x271de20_0, 10;
    %set/v v0x271d4f0_0, 8, 9;
    %movi 8, 1, 3;
    %set/v v0x271d420_0, 8, 3;
T_4.82 ;
T_4.80 ;
    %load/v 8, v0x271d2e0_0, 6;
    %mov 14, 0, 2;
    %cmpi/u 8, 36, 8;
    %jmp/0xz  T_4.84, 4;
    %load/v 8, v0x271dea0_0, 6;
    %load/v 14, v0x271e200_0, 6;
    %cmp/s 8, 14, 6;
    %jmp/0xz  T_4.86, 5;
    %load/v 8, v0x271de20_0, 10;
    %set/v v0x271d4f0_0, 8, 9;
    %movi 8, 1, 3;
    %set/v v0x271d420_0, 8, 3;
T_4.86 ;
T_4.84 ;
    %load/v 8, v0x271d2e0_0, 6;
    %mov 14, 0, 2;
    %cmpi/u 8, 37, 8;
    %jmp/0xz  T_4.88, 4;
    %load/v 8, v0x271e200_0, 6;
    %load/v 14, v0x271dea0_0, 6;
    %cmp/s 8, 14, 6;
    %jmp/0xz  T_4.90, 5;
    %load/v 8, v0x271de20_0, 10;
    %set/v v0x271d4f0_0, 8, 9;
    %movi 8, 1, 3;
    %set/v v0x271d420_0, 8, 3;
T_4.90 ;
T_4.88 ;
    %load/v 8, v0x271d2e0_0, 6;
    %mov 14, 0, 2;
    %cmpi/u 8, 38, 8;
    %jmp/0xz  T_4.92, 4;
    %load/v 8, v0x271dea0_0, 6;
    %load/v 14, v0x271e200_0, 6;
    %cmp/u 8, 14, 6;
    %jmp/0xz  T_4.94, 5;
    %load/v 8, v0x271de20_0, 10;
    %set/v v0x271d4f0_0, 8, 9;
    %movi 8, 1, 3;
    %set/v v0x271d420_0, 8, 3;
T_4.94 ;
T_4.92 ;
    %load/v 8, v0x271d2e0_0, 6;
    %mov 14, 0, 2;
    %cmpi/u 8, 39, 8;
    %jmp/0xz  T_4.96, 4;
    %load/v 8, v0x271e200_0, 6;
    %load/v 14, v0x271dea0_0, 6;
    %cmp/u 8, 14, 6;
    %jmp/0xz  T_4.98, 5;
    %load/v 8, v0x271de20_0, 10;
    %set/v v0x271d4f0_0, 8, 9;
    %movi 8, 1, 3;
    %set/v v0x271d420_0, 8, 3;
T_4.98 ;
T_4.96 ;
    %load/v 8, v0x271d2e0_0, 6;
    %mov 14, 0, 2;
    %cmpi/u 8, 40, 8;
    %jmp/0xz  T_4.100, 4;
    %load/v 8, v0x271e280_0, 1;
    %mov 9, 0, 2;
    %cmpi/u 8, 1, 3;
    %jmp/0xz  T_4.102, 4;
    %movi 8, 2, 3;
    %set/v v0x271d420_0, 8, 3;
    %load/v 8, v0x271d3a0_0, 6;
    %set/v v0x271d7c0_0, 8, 6;
    %load/v 8, v0x271d6d0_0, 16;
    %set/v v0x271d650_0, 8, 6;
    %jmp T_4.103;
T_4.102 ;
    %load/v 8, v0x271d3a0_0, 6;
    %set/v v0x271d650_0, 8, 6;
    %movi 8, 2, 3;
    %set/v v0x271d420_0, 8, 3;
T_4.103 ;
T_4.100 ;
    %load/v 8, v0x271d2e0_0, 6;
    %mov 14, 0, 2;
    %cmpi/u 8, 41, 8;
    %jmp/0xz  T_4.104, 4;
    %load/v 8, v0x271e280_0, 1;
    %mov 9, 0, 2;
    %cmpi/u 8, 1, 3;
    %jmp/0xz  T_4.106, 4;
    %movi 8, 2, 3;
    %set/v v0x271d420_0, 8, 3;
    %load/v 8, v0x271dea0_0, 6;
    %set/v v0x271d7c0_0, 8, 6;
    %load/v 8, v0x271d6d0_0, 16;
    %set/v v0x271d650_0, 8, 6;
    %load/v 8, v0x271dea0_0, 6;
    %set/v v0x271db60_0, 8, 6;
    %load/v 8, v0x271d570_0, 20;
    %set/v v0x271d9c0_0, 8, 16;
    %set/v v0x271da40_0, 1, 1;
    %jmp T_4.107;
T_4.106 ;
    %load/v 8, v0x271d3a0_0, 6;
    %set/v v0x271d650_0, 8, 6;
    %movi 8, 3, 3;
    %set/v v0x271d420_0, 8, 3;
    %load/v 8, v0x271dea0_0, 6;
    %set/v v0x271db60_0, 8, 6;
    %load/v 8, v0x271d570_0, 20;
    %set/v v0x271d9c0_0, 8, 16;
    %set/v v0x271da40_0, 1, 1;
T_4.107 ;
T_4.104 ;
    %load/v 8, v0x271d2e0_0, 6;
    %mov 14, 0, 2;
    %cmpi/u 8, 42, 8;
    %jmp/0xz  T_4.108, 4;
    %load/v 8, v0x271dea0_0, 6;
    %load/v 14, v0x271e200_0, 6;
    %cmp/u 8, 14, 6;
    %jmp/0xz  T_4.110, 4;
    %load/v 8, v0x271e280_0, 1;
    %mov 9, 0, 2;
    %cmpi/u 8, 1, 3;
    %jmp/0xz  T_4.112, 4;
    %movi 8, 2, 3;
    %set/v v0x271d420_0, 8, 3;
    %load/v 8, v0x271d3a0_0, 6;
    %set/v v0x271d7c0_0, 8, 6;
    %load/v 8, v0x271d6d0_0, 16;
    %set/v v0x271d650_0, 8, 6;
    %jmp T_4.113;
T_4.112 ;
    %load/v 8, v0x271d3a0_0, 6;
    %set/v v0x271d650_0, 8, 6;
    %movi 8, 2, 3;
    %set/v v0x271d420_0, 8, 3;
T_4.113 ;
T_4.110 ;
T_4.108 ;
    %load/v 8, v0x271d2e0_0, 6;
    %mov 14, 0, 2;
    %cmpi/u 8, 43, 8;
    %jmp/0xz  T_4.114, 4;
    %load/v 8, v0x271dea0_0, 6;
    %load/v 14, v0x271e200_0, 6;
    %cmp/u 8, 14, 6;
    %inv 6, 1;
    %jmp/0xz  T_4.116, 6;
    %load/v 8, v0x271e280_0, 1;
    %mov 9, 0, 2;
    %cmpi/u 8, 1, 3;
    %jmp/0xz  T_4.118, 4;
    %movi 8, 2, 3;
    %set/v v0x271d420_0, 8, 3;
    %load/v 8, v0x271d3a0_0, 6;
    %set/v v0x271d7c0_0, 8, 6;
    %load/v 8, v0x271d6d0_0, 16;
    %set/v v0x271d650_0, 8, 6;
    %jmp T_4.119;
T_4.118 ;
    %load/v 8, v0x271d3a0_0, 6;
    %set/v v0x271d650_0, 8, 6;
    %movi 8, 2, 3;
    %set/v v0x271d420_0, 8, 3;
T_4.119 ;
T_4.116 ;
T_4.114 ;
    %load/v 8, v0x271d2e0_0, 6;
    %mov 14, 0, 2;
    %cmpi/u 8, 44, 8;
    %jmp/0xz  T_4.120, 4;
    %load/v 8, v0x271dea0_0, 6;
    %load/v 14, v0x271e200_0, 6;
    %cmp/s 8, 14, 6;
    %jmp/0xz  T_4.122, 5;
    %load/v 8, v0x271e280_0, 1;
    %mov 9, 0, 2;
    %cmpi/u 8, 1, 3;
    %jmp/0xz  T_4.124, 4;
    %movi 8, 2, 3;
    %set/v v0x271d420_0, 8, 3;
    %load/v 8, v0x271d3a0_0, 6;
    %set/v v0x271d7c0_0, 8, 6;
    %load/v 8, v0x271d6d0_0, 16;
    %set/v v0x271d650_0, 8, 6;
    %jmp T_4.125;
T_4.124 ;
    %load/v 8, v0x271d3a0_0, 6;
    %set/v v0x271d650_0, 8, 6;
    %movi 8, 2, 3;
    %set/v v0x271d420_0, 8, 3;
T_4.125 ;
T_4.122 ;
T_4.120 ;
    %load/v 8, v0x271d2e0_0, 6;
    %mov 14, 0, 2;
    %cmpi/u 8, 45, 8;
    %jmp/0xz  T_4.126, 4;
    %load/v 8, v0x271e200_0, 6;
    %load/v 14, v0x271dea0_0, 6;
    %cmp/s 8, 14, 6;
    %jmp/0xz  T_4.128, 5;
    %load/v 8, v0x271e280_0, 1;
    %mov 9, 0, 2;
    %cmpi/u 8, 1, 3;
    %jmp/0xz  T_4.130, 4;
    %movi 8, 2, 3;
    %set/v v0x271d420_0, 8, 3;
    %load/v 8, v0x271d3a0_0, 6;
    %set/v v0x271d7c0_0, 8, 6;
    %load/v 8, v0x271d6d0_0, 16;
    %set/v v0x271d650_0, 8, 6;
    %jmp T_4.131;
T_4.130 ;
    %load/v 8, v0x271d3a0_0, 6;
    %set/v v0x271d650_0, 8, 6;
    %movi 8, 2, 3;
    %set/v v0x271d420_0, 8, 3;
T_4.131 ;
T_4.128 ;
T_4.126 ;
    %load/v 8, v0x271d2e0_0, 6;
    %mov 14, 0, 2;
    %cmpi/u 8, 46, 8;
    %jmp/0xz  T_4.132, 4;
    %load/v 8, v0x271dea0_0, 6;
    %load/v 14, v0x271e200_0, 6;
    %cmp/u 8, 14, 6;
    %jmp/0xz  T_4.134, 5;
    %load/v 8, v0x271e280_0, 1;
    %mov 9, 0, 2;
    %cmpi/u 8, 1, 3;
    %jmp/0xz  T_4.136, 4;
    %movi 8, 2, 3;
    %set/v v0x271d420_0, 8, 3;
    %load/v 8, v0x271d3a0_0, 6;
    %set/v v0x271d7c0_0, 8, 6;
    %load/v 8, v0x271d6d0_0, 16;
    %set/v v0x271d650_0, 8, 6;
    %jmp T_4.137;
T_4.136 ;
    %load/v 8, v0x271d3a0_0, 6;
    %set/v v0x271d650_0, 8, 6;
    %movi 8, 2, 3;
    %set/v v0x271d420_0, 8, 3;
T_4.137 ;
T_4.134 ;
T_4.132 ;
    %load/v 8, v0x271d2e0_0, 6;
    %mov 14, 0, 2;
    %cmpi/u 8, 47, 8;
    %jmp/0xz  T_4.138, 4;
    %load/v 8, v0x271e200_0, 6;
    %load/v 14, v0x271dea0_0, 6;
    %cmp/u 8, 14, 6;
    %jmp/0xz  T_4.140, 5;
    %load/v 8, v0x271e280_0, 1;
    %mov 9, 0, 2;
    %cmpi/u 8, 1, 3;
    %jmp/0xz  T_4.142, 4;
    %movi 8, 2, 3;
    %set/v v0x271d420_0, 8, 3;
    %load/v 8, v0x271d3a0_0, 6;
    %set/v v0x271d7c0_0, 8, 6;
    %load/v 8, v0x271d6d0_0, 16;
    %set/v v0x271d650_0, 8, 6;
    %jmp T_4.143;
T_4.142 ;
    %load/v 8, v0x271d3a0_0, 6;
    %set/v v0x271d650_0, 8, 6;
    %movi 8, 2, 3;
    %set/v v0x271d420_0, 8, 3;
T_4.143 ;
T_4.140 ;
T_4.138 ;
    %jmp T_4;
    .thread T_4;
    .scope S_0x271af40;
T_5 ;
    %wait E_0x26d2840;
    %load/v 8, v0x271bfc0_0, 1;
    %mov 9, 0, 2;
    %cmpi/u 8, 1, 3;
    %jmp/0xz  T_5.0, 4;
    %vpi_call 7 79 "$readmemb", "instructionmemory.list", v0x271b360;
    %jmp T_5.1;
T_5.0 ;
    %load/v 8, v0x271b8a0_0, 1;
    %mov 9, 0, 2;
    %cmpi/u 8, 1, 3;
    %jmp/0xz  T_5.2, 4;
    %load/v 8, v0x271b9e0_0, 16;
    %ix/getv 3, v0x271b940_0;
   %jmp/1 t_2, 4;
   %ix/load 1, 0, 0;
   %set/av v0x271b360, 8, 16;
t_2 ;
T_5.2 ;
    %load/v 8, v0x271bcd0_0, 1;
    %mov 9, 0, 2;
    %cmpi/u 8, 1, 3;
    %jmp/0xz  T_5.4, 4;
    %load/v 8, v0x271bc50_0, 16;
    %ix/getv 3, v0x271bb30_0;
   %jmp/1 t_3, 4;
   %ix/load 1, 0, 0;
   %set/av v0x271b360, 8, 16;
t_3 ;
T_5.4 ;
    %load/v 8, v0x271bd50_0, 1;
    %mov 9, 0, 2;
    %cmpi/u 8, 1, 3;
    %jmp/0xz  T_5.6, 4;
    %load/v 8, v0x271be00_0, 16;
    %ix/getv 3, v0x271bbb0_0;
   %jmp/1 t_4, 4;
   %ix/load 1, 0, 0;
   %set/av v0x271b360, 8, 16;
t_4 ;
T_5.6 ;
    %load/v 8, v0x271c090_0, 1;
    %mov 9, 0, 2;
    %cmpi/u 8, 1, 3;
    %jmp/0xz  T_5.8, 4;
    %load/v 8, v0x271be80_0, 16;
    %ix/getv 3, v0x271bf40_0;
   %jmp/1 t_5, 4;
   %ix/load 1, 0, 0;
   %set/av v0x271b360, 8, 16;
t_5 ;
T_5.8 ;
T_5.1 ;
    %jmp T_5;
    .thread T_5;
    .scope S_0x26f9ea0;
T_6 ;
    %wait E_0x26d2840;
    %load/v 8, v0x271ad30_0, 1;
    %jmp/0xz  T_6.0, 8;
    %vpi_call 8 59 "$readmemb", "datamemory.list", v0x2719f30;
    %jmp T_6.1;
T_6.0 ;
    %load/v 8, v0x271a5f0_0, 1;
    %mov 9, 0, 2;
    %cmpi/u 8, 1, 3;
    %jmp/0xz  T_6.2, 4;
    %load/v 8, v0x271a730_0, 32;
    %ix/getv 3, v0x271a690_0;
   %jmp/1 t_6, 4;
   %ix/load 1, 0, 0;
   %set/av v0x2719f30, 8, 32;
t_6 ;
T_6.2 ;
    %load/v 8, v0x271aa20_0, 1;
    %mov 9, 0, 2;
    %cmpi/u 8, 1, 3;
    %jmp/0xz  T_6.4, 4;
    %load/v 8, v0x271a9a0_0, 32;
    %ix/getv 3, v0x271a880_0;
   %jmp/1 t_7, 4;
   %ix/load 1, 0, 0;
   %set/av v0x2719f30, 8, 32;
t_7 ;
T_6.4 ;
    %load/v 8, v0x271aaa0_0, 1;
    %mov 9, 0, 2;
    %cmpi/u 8, 1, 3;
    %jmp/0xz  T_6.6, 4;
    %load/v 8, v0x271ab50_0, 32;
    %ix/getv 3, v0x271a900_0;
   %jmp/1 t_8, 4;
   %ix/load 1, 0, 0;
   %set/av v0x2719f30, 8, 32;
t_8 ;
T_6.6 ;
    %load/v 8, v0x271ade0_0, 1;
    %mov 9, 0, 2;
    %cmpi/u 8, 1, 3;
    %jmp/0xz  T_6.8, 4;
    %load/v 8, v0x271abf0_0, 32;
    %ix/getv 3, v0x271ac90_0;
   %jmp/1 t_9, 4;
   %ix/load 1, 0, 0;
   %set/av v0x2719f30, 8, 32;
t_9 ;
T_6.8 ;
T_6.1 ;
    %jmp T_6;
    .thread T_6;
    .scope S_0x26476e0;
T_7 ;
    %vpi_call 2 252 "$dumpfile", "execution_tb.vcd";
    %vpi_call 2 253 "$dumpvars", 1'sb0, S_0x271e760, S_0x271f080, S_0x271c1f0, S_0x271ff40, S_0x271af40, S_0x26f9ea0;
    %set/v v0x2721430_0, 0, 1;
    %delay 2, 0;
    %set/v v0x2724450_0, 1, 1;
    %delay 2, 0;
    %set/v v0x2724450_0, 0, 1;
    %delay 2, 0;
    %delay 500, 0;
    %vpi_call 2 265 "$finish";
    %end;
    .thread T_7;
    .scope S_0x26476e0;
T_8 ;
    %delay 1, 0;
    %load/v 8, v0x2721430_0, 1;
    %inv 8, 1;
    %set/v v0x2721430_0, 8, 1;
    %jmp T_8;
    .thread T_8;
# The file index is used to find the file name in the following table.
:file_names 9;
    "N/A";
    "<interactive>";
    "Execute_tb.v";
    "./RegisterFile.v";
    "./32bitdecoder.v";
    "./Fetch.v";
    "./Execute.v";
    "./InstructionMemory.v";
    "./DataMemory.v";
