#! /usr/bin/vvp
:ivl_version "0.9.6 " "(v0_9_6)";
:vpi_time_precision + 0;
:vpi_module "system";
:vpi_module "v2005_math";
:vpi_module "va_math";
S_0x11e2540 .scope module, "testbench" "testbench" 2 9;
 .timescale 0 0;
v0x1295fc0_0 .net *"_s1", 18 0, C4<xxxxxxxxxxxxxxxxxxx>; 1 drivers
v0x12961a0_0 .net *"_s13", 18 0, C4<xxxxxxxxxxxxxxxxxxx>; 1 drivers
v0x1296220_0 .net *"_s15", 0 0, L_0x129b3e0; 1 drivers
v0x12962a0_0 .net *"_s19", 18 0, C4<xxxxxxxxxxxxxxxxxxx>; 1 drivers
v0x1296320_0 .net *"_s21", 0 0, L_0x129b5c0; 1 drivers
v0x12963a0_0 .net *"_s25", 14 0, C4<xxxxxxxxxxxxxxx>; 1 drivers
v0x1296420_0 .net *"_s27", 0 0, L_0x129b7f0; 1 drivers
v0x12964a0_0 .net *"_s3", 0 0, L_0x129b020; 1 drivers
v0x1296520_0 .net *"_s31", 14 0, C4<xxxxxxxxxxxxxxx>; 1 drivers
v0x12965a0_0 .net *"_s33", 0 0, L_0x129ba70; 1 drivers
v0x1296620_0 .net *"_s37", 14 0, C4<xxxxxxxxxxxxxxx>; 1 drivers
v0x12966a0_0 .net *"_s39", 0 0, L_0x129bcb0; 1 drivers
v0x1296720_0 .net *"_s43", 14 0, C4<xxxxxxxxxxxxxxx>; 1 drivers
v0x12967a0_0 .net *"_s45", 0 0, L_0x129bfa0; 1 drivers
v0x12968a0_0 .net *"_s7", 18 0, C4<xxxxxxxxxxxxxxxxxxx>; 1 drivers
v0x1296920_0 .net *"_s9", 0 0, L_0x129b200; 1 drivers
v0x1296820_0 .var "clock", 0 0;
v0x1296a30_0 .net "data_rd1", 8 0, v0x1292910_0; 1 drivers
v0x12969a0_0 .net "data_rd1_out", 31 0, C4<zzzzzzzzzzzzzzzzzzzzzzzzzzzzzzzz>; 0 drivers
v0x1296ba0_0 .net "data_rd2", 8 0, v0x1292a10_0; 1 drivers
v0x1296cd0_0 .net "data_rd2_out", 31 0, C4<zzzzzzzzzzzzzzzzzzzzzzzzzzzzzzzz>; 0 drivers
v0x1296d50_0 .net "data_rd3", 8 0, v0x1292b40_0; 1 drivers
v0x1296e90_0 .net "data_rd3_out", 31 0, C4<zzzzzzzzzzzzzzzzzzzzzzzzzzzzzzzz>; 0 drivers
v0x1296f10_0 .net "data_rd4", 8 0, v0x1292ca0_0; 1 drivers
v0x1296dd0_0 .net "data_rd4_out", 31 0, C4<zzzzzzzzzzzzzzzzzzzzzzzzzzzzzzzz>; 0 drivers
v0x1297060_0 .net "data_wr1", 8 0, v0x1292e50_0; 1 drivers
v0x1296f90_0 .net "data_wr1_data", 31 0, v0x1292f00_0; 1 drivers
v0x12971c0_0 .net "data_wr1_enable", 0 0, v0x1292fb0_0; 1 drivers
v0x1297130_0 .net "data_wr2", 8 0, v0x1293060_0; 1 drivers
v0x1297380_0 .net "data_wr2_data", 31 0, v0x1293110_0; 1 drivers
v0x1297290_0 .net "data_wr2_enable", 0 0, v0x1293240_0; 1 drivers
v0x1297550_0 .net "data_wr3", 8 0, v0x12932f0_0; 1 drivers
v0x1297450_0 .net "data_wr3_data", 31 0, v0x1293190_0; 1 drivers
v0x1297730_0 .net "data_wr3_enable", 0 0, v0x1293460_0; 1 drivers
v0x1297620_0 .net "data_wr4", 8 0, v0x1293370_0; 1 drivers
v0x1297920_0 .net "data_wr4_data", 31 0, v0x1293580_0; 1 drivers
v0x1297800_0 .net "data_wr4_enable", 0 0, v0x12936b0_0; 1 drivers
v0x1297ad0_0 .net "destination", 2 0, v0x1294cb0_0; 1 drivers
v0x12979f0_0 .net "fetchoutput", 15 0, L_0x129a160; 1 drivers
v0x1297c90_0 .net "instruction_rd1", 19 0, v0x1294ac0_0; 1 drivers
v0x1297ba0_0 .net "instruction_rd1_out", 15 0, L_0x1297a70; 1 drivers
v0x1297e60_0 .net "instruction_rd2", 19 0, C4<zzzzzzzzzzzzzzzzzzzz>; 0 drivers
v0x1297d10_0 .net "instruction_rd2_out", 15 0, L_0x129ab40; 1 drivers
v0x1297d90_0 .net "instruction_rd3", 19 0, C4<zzzzzzzzzzzzzzzzzzzz>; 0 drivers
v0x1298050_0 .net "instruction_rd3_out", 15 0, L_0x129ad30; 1 drivers
v0x12980d0_0 .net "instruction_rd4", 19 0, C4<zzzzzzzzzzzzzzzzzzzz>; 0 drivers
v0x1297ee0_0 .net "instruction_rd4_out", 15 0, L_0x129af20; 1 drivers
v0x1297f60_0 .net "instruction_wr1", 0 0, C4<z>; 0 drivers
v0x12982e0_0 .net "instruction_wr1_data", 0 0, C4<z>; 0 drivers
v0x1298360_0 .net "instruction_wr1_enable", 0 0, C4<z>; 0 drivers
v0x1298150_0 .net "instruction_wr2", 0 0, C4<z>; 0 drivers
v0x12981d0_0 .net "instruction_wr2_data", 0 0, C4<z>; 0 drivers
v0x1298250_0 .net "instruction_wr2_enable", 0 0, C4<z>; 0 drivers
v0x1298590_0 .net "instruction_wr3", 0 0, C4<z>; 0 drivers
v0x12983e0_0 .net "instruction_wr3_data", 0 0, C4<z>; 0 drivers
v0x1298460_0 .net "instruction_wr3_enable", 0 0, C4<z>; 0 drivers
v0x12984e0_0 .net "instruction_wr4", 0 0, C4<z>; 0 drivers
v0x12987e0_0 .net "instruction_wr4_data", 0 0, C4<z>; 0 drivers
v0x1298610_0 .net "instruction_wr4_enable", 0 0, C4<z>; 0 drivers
v0x1298690_0 .net "operationnumber", 5 0, v0x1294f40_0; 1 drivers
v0x1298710_0 .net "pcchange", 8 0, v0x1293870_0; 1 drivers
v0x1298a50_0 .net "pcjumpenable", 2 0, v0x12937b0_0; 1 drivers
v0x1298860_0 .net "pclocation", 2 0, v0x12939c0_0; 1 drivers
v0x1298930_0 .net "previous_programcounter", 19 0, v0x1294a40_0; 1 drivers
v0x1298ce0_0 .net "reg_rd1", 5 0, v0x1293b20_0; 1 drivers
v0x1298d60_0 .net "reg_rd1_out", 15 0, L_0x12999e0; 1 drivers
v0x1298b20_0 .net "reg_rd2", 5 0, v0x1293c90_0; 1 drivers
v0x1298bf0_0 .net "reg_rd2_out", 15 0, L_0x1299a90; 1 drivers
v0x1299010_0 .net "reg_rd3", 5 0, v0x1293e10_0; 1 drivers
v0x12990e0_0 .net "reg_rd3_out", 15 0, L_0x1299fb0; 1 drivers
v0x1298e30_0 .net "reg_wr1", 5 0, v0x1293d90_0; 1 drivers
v0x1298f00_0 .net "reg_wr1_data", 15 0, v0x1293fb0_0; 1 drivers
v0x12993b0_0 .net "reg_wr1_enable", 0 0, v0x1294030_0; 1 drivers
v0x1299480_0 .net "reg_wr2", 5 0, v0x1293e90_0; 1 drivers
v0x12991b0_0 .net "reg_wr2_data", 15 0, v0x1293f10_0; 1 drivers
v0x1299280_0 .net "reg_wr2_enable", 0 0, v0x12941f0_0; 1 drivers
v0x1299770 .array "register", 0 63, 15 0;
v0x12997f0_0 .var "reset", 0 0;
v0x1299500_0 .net "source_1", 2 0, v0x1294fc0_0; 1 drivers
v0x12995d0_0 .net "source_2", 2 0, v0x1295070_0; 1 drivers
v0x12996a0_0 .net "unsigned_1", 2 0, v0x1295170_0; 1 drivers
v0x1299b00_0 .net "unsigned_2", 5 0, v0x1295220_0; 1 drivers
v0x1299870_0 .net "unsigned_3", 8 0, v0x12952d0_0; 1 drivers
L_0x129b020 .part C4<z>, 0, 1;
L_0x129b0c0 .concat [ 1 19 0 0], L_0x129b020, C4<xxxxxxxxxxxxxxxxxxx>;
L_0x129b200 .part C4<z>, 0, 1;
L_0x129b2a0 .concat [ 1 19 0 0], L_0x129b200, C4<xxxxxxxxxxxxxxxxxxx>;
L_0x129b3e0 .part C4<z>, 0, 1;
L_0x129b480 .concat [ 1 19 0 0], L_0x129b3e0, C4<xxxxxxxxxxxxxxxxxxx>;
L_0x129b5c0 .part C4<z>, 0, 1;
L_0x129b660 .concat [ 1 19 0 0], L_0x129b5c0, C4<xxxxxxxxxxxxxxxxxxx>;
L_0x129b7f0 .part C4<z>, 0, 1;
L_0x129b890 .concat [ 1 15 0 0], L_0x129b7f0, C4<xxxxxxxxxxxxxxx>;
L_0x129ba70 .part C4<z>, 0, 1;
L_0x129bb10 .concat [ 1 15 0 0], L_0x129ba70, C4<xxxxxxxxxxxxxxx>;
L_0x129bcb0 .part C4<z>, 0, 1;
L_0x129bd50 .concat [ 1 15 0 0], L_0x129bcb0, C4<xxxxxxxxxxxxxxx>;
L_0x129bfa0 .part C4<z>, 0, 1;
L_0x129c040 .concat [ 1 15 0 0], L_0x129bfa0, C4<xxxxxxxxxxxxxxx>;
S_0x1295350 .scope module, "registerfile_tb" "registerfile" 2 88, 3 1, S_0x11e2540;
 .timescale 0 0;
L_0x12999e0 .functor BUFZ 16, L_0x1299940, C4<0000000000000000>, C4<0000000000000000>, C4<0000000000000000>;
L_0x1299a90 .functor BUFZ 16, L_0x1299e20, C4<0000000000000000>, C4<0000000000000000>, C4<0000000000000000>;
L_0x1299fb0 .functor BUFZ 16, L_0x1299f10, C4<0000000000000000>, C4<0000000000000000>, C4<0000000000000000>;
v0x1295440_0 .net *"_s0", 15 0, L_0x1299940; 1 drivers
v0x12954c0_0 .net *"_s4", 15 0, L_0x1299e20; 1 drivers
v0x1295540_0 .net *"_s8", 15 0, L_0x1299f10; 1 drivers
v0x12955c0_0 .net "clock", 0 0, v0x1296820_0; 1 drivers
v0x1295700_0 .alias "reg_rd1", 5 0, v0x1298ce0_0;
v0x12957b0_0 .alias "reg_rd1_out", 15 0, v0x1298d60_0;
v0x1295830_0 .alias "reg_rd2", 5 0, v0x1298b20_0;
v0x12958e0_0 .alias "reg_rd2_out", 15 0, v0x1298bf0_0;
v0x1295990_0 .alias "reg_rd3", 5 0, v0x1299010_0;
v0x1295a40_0 .alias "reg_rd3_out", 15 0, v0x12990e0_0;
v0x1295b50_0 .alias "reg_wr1", 5 0, v0x1298e30_0;
v0x1295c00_0 .alias "reg_wr1_data", 15 0, v0x1298f00_0;
v0x1295cb0_0 .alias "reg_wr1_enable", 0 0, v0x12993b0_0;
v0x1295d60_0 .alias "reg_wr2", 5 0, v0x1299480_0;
v0x1295e90_0 .alias "reg_wr2_data", 15 0, v0x12991b0_0;
v0x1295f40_0 .alias "reg_wr2_enable", 0 0, v0x1299280_0;
v0x1295de0 .array "register", 0 63, 15 0;
v0x1296080_0 .net "reset", 0 0, v0x12997f0_0; 1 drivers
L_0x1299940 .array/port v0x1295de0, v0x1293b20_0;
L_0x1299e20 .array/port v0x1295de0, v0x1293c90_0;
L_0x1299f10 .array/port v0x1295de0, v0x1293e10_0;
S_0x1294b40 .scope module, "sixteenbbitdecoder_test" "sixteenbitdecoder" 2 105, 4 1, S_0x11e2540;
 .timescale 0 0;
v0x1294c30_0 .net "bit_check", 0 0, L_0x129a060; 1 drivers
v0x1294cb0_0 .var "destination", 2 0;
v0x1294d60_0 .alias "fetchoutput", 15 0, v0x12979f0_0;
v0x1294e10_0 .var "opcode", 5 0;
v0x1294ec0 .array "opcodemem", 0 125, 5 0;
v0x1294f40_0 .var "operationnumber", 5 0;
v0x1294fc0_0 .var "source_1", 2 0;
v0x1295070_0 .var "source_2", 2 0;
v0x1295170_0 .var "unsigned_1", 2 0;
v0x1295220_0 .var "unsigned_2", 5 0;
v0x12952d0_0 .var "unsigned_3", 8 0;
E_0x1294410 .event edge, v0x1294740_0;
L_0x129a060 .part L_0x129a160, 15, 1;
S_0x12942f0 .scope module, "fetch_test" "fetch" 2 116, 5 1, S_0x11e2540;
 .timescale 0 0;
L_0x129a160 .functor BUFZ 16, L_0x1297a70, C4<0000000000000000>, C4<0000000000000000>, C4<0000000000000000>;
v0x12946c0_0 .alias "clock", 0 0, v0x12955c0_0;
v0x1294740_0 .alias "fetchoutput", 15 0, v0x12979f0_0;
v0x12947c0_0 .alias "instruction_rd1", 19 0, v0x1297c90_0;
v0x1294840_0 .alias "instruction_rd1_out", 15 0, v0x1297ba0_0;
v0x12948c0_0 .alias "pcchange", 8 0, v0x1298710_0;
v0x1294940_0 .alias "pcjumpenable", 2 0, v0x1298a50_0;
v0x12949c0_0 .alias "pclocation", 2 0, v0x1298860_0;
v0x1294a40_0 .var "previous_programcounter", 19 0;
v0x1294ac0_0 .var "programcounter", 19 0;
S_0x12925c0 .scope module, "execution_test" "execution" 2 127, 6 1, S_0x11e2540;
 .timescale 0 0;
v0x1292890_0 .alias "clock", 0 0, v0x12955c0_0;
v0x1292910_0 .var "data_rd1", 8 0;
v0x1292990_0 .alias "data_rd1_out", 31 0, v0x12969a0_0;
v0x1292a10_0 .var "data_rd2", 8 0;
v0x1292a90_0 .alias "data_rd2_out", 31 0, v0x1296cd0_0;
v0x1292b40_0 .var "data_rd3", 8 0;
v0x1292bf0_0 .alias "data_rd3_out", 31 0, v0x1296e90_0;
v0x1292ca0_0 .var "data_rd4", 8 0;
v0x1292da0_0 .alias "data_rd4_out", 31 0, v0x1296dd0_0;
v0x1292e50_0 .var "data_wr1", 8 0;
v0x1292f00_0 .var "data_wr1_data", 31 0;
v0x1292fb0_0 .var "data_wr1_enable", 0 0;
v0x1293060_0 .var "data_wr2", 8 0;
v0x1293110_0 .var "data_wr2_data", 31 0;
v0x1293240_0 .var "data_wr2_enable", 0 0;
v0x12932f0_0 .var "data_wr3", 8 0;
v0x1293190_0 .var "data_wr3_data", 31 0;
v0x1293460_0 .var "data_wr3_enable", 0 0;
v0x1293370_0 .var "data_wr4", 8 0;
v0x1293580_0 .var "data_wr4_data", 31 0;
v0x12936b0_0 .var "data_wr4_enable", 0 0;
v0x1293730_0 .alias "destination", 2 0, v0x1297ad0_0;
v0x1293600_0 .alias "operationnumber", 5 0, v0x1298690_0;
v0x1293870_0 .var "pcchange", 8 0;
v0x12937b0_0 .var "pcjumpenable", 2 0;
v0x12939c0_0 .var "pclocation", 2 0;
v0x12938f0_0 .alias "previous_programcounter", 19 0, v0x1298930_0;
v0x1293b20_0 .var "reg_rd1", 5 0;
v0x1293a40_0 .alias "reg_rd1_out", 15 0, v0x1298d60_0;
v0x1293c90_0 .var "reg_rd2", 5 0;
v0x1293ba0_0 .alias "reg_rd2_out", 15 0, v0x1298bf0_0;
v0x1293e10_0 .var "reg_rd3", 5 0;
v0x1293d10_0 .alias "reg_rd3_out", 15 0, v0x12990e0_0;
v0x1293d90_0 .var "reg_wr1", 5 0;
v0x1293fb0_0 .var "reg_wr1_data", 15 0;
v0x1294030_0 .var "reg_wr1_enable", 0 0;
v0x1293e90_0 .var "reg_wr2", 5 0;
v0x1293f10_0 .var "reg_wr2_data", 15 0;
v0x12941f0_0 .var "reg_wr2_enable", 0 0;
v0x1294270_0 .alias "source_1", 2 0, v0x1299500_0;
v0x12940b0_0 .alias "source_2", 2 0, v0x12995d0_0;
v0x1294150_0 .alias "unsigned_1", 2 0, v0x12996a0_0;
v0x1294450_0 .alias "unsigned_2", 5 0, v0x1299b00_0;
v0x12944d0_0 .alias "unsigned_3", 8 0, v0x1299870_0;
E_0x1290c10 .event posedge, v0x128fcf0_0;
S_0x1290da0 .scope module, "TheDataMemory_test" "TheDataMemory" 2 177, 7 1, S_0x11e2540;
 .timescale 0 0;
v0x1290ed0_0 .net *"_s0", 31 0, L_0x129a250; 1 drivers
v0x1290f90_0 .net *"_s12", 31 0, L_0x129a700; 1 drivers
v0x1291030_0 .net *"_s4", 31 0, L_0x129a3e0; 1 drivers
v0x12910d0_0 .net *"_s8", 31 0, L_0x129a570; 1 drivers
v0x1291180_0 .alias "clock", 0 0, v0x12955c0_0;
v0x1291230 .array "data_memory", 0 1048575, 31 0;
v0x12912b0_0 .alias "data_rd1", 8 0, v0x1296a30_0;
v0x1291330_0 .alias "data_rd1_out", 31 0, v0x12969a0_0;
v0x12913d0_0 .alias "data_rd2", 8 0, v0x1296ba0_0;
v0x1291470_0 .alias "data_rd2_out", 31 0, v0x1296cd0_0;
v0x1291510_0 .alias "data_rd3", 8 0, v0x1296d50_0;
v0x12915b0_0 .alias "data_rd3_out", 31 0, v0x1296e90_0;
v0x1291650_0 .alias "data_rd4", 8 0, v0x1296f10_0;
v0x12916f0_0 .alias "data_rd4_out", 31 0, v0x1296dd0_0;
v0x1291810_0 .alias "data_wr1", 8 0, v0x1297060_0;
v0x12918b0_0 .alias "data_wr1_data", 31 0, v0x1296f90_0;
v0x1291770_0 .alias "data_wr1_enable", 0 0, v0x12971c0_0;
v0x1291a00_0 .alias "data_wr2", 8 0, v0x1297130_0;
v0x1291b20_0 .alias "data_wr2_data", 31 0, v0x1297380_0;
v0x1291ba0_0 .alias "data_wr2_enable", 0 0, v0x1297290_0;
v0x1291a80_0 .alias "data_wr3", 8 0, v0x1297550_0;
v0x1291cd0_0 .alias "data_wr3_data", 31 0, v0x1297450_0;
v0x1291c20_0 .alias "data_wr3_enable", 0 0, v0x1297730_0;
v0x1291e10_0 .alias "data_wr4", 8 0, v0x1297620_0;
v0x1291d70_0 .alias "data_wr4_data", 31 0, v0x1297920_0;
v0x1291f60_0 .alias "data_wr4_enable", 0 0, v0x1297800_0;
v0x1291eb0_0 .var/i "dataloopcount", 31 0;
v0x12920c0_0 .net "rd1", 0 0, C4<z>; 0 drivers
v0x1292000_0 .net "rd1_out", 0 0, L_0x129a2f0; 1 drivers
v0x1292230_0 .net "rd2", 0 0, C4<z>; 0 drivers
v0x1292140_0 .net "rd2_out", 0 0, L_0x129a480; 1 drivers
v0x12923b0_0 .net "rd3", 0 0, C4<z>; 0 drivers
v0x12922b0_0 .net "rd3_out", 0 0, L_0x129a610; 1 drivers
v0x1292540_0 .net "rd4", 0 0, C4<z>; 0 drivers
v0x1292430_0 .net "rd4_out", 0 0, L_0x129a7a0; 1 drivers
v0x12926e0_0 .alias "reset", 0 0, v0x1296080_0;
E_0x128fcc0 .event posedge, v0x1290b90_0;
L_0x129a250 .array/port v0x1291230, C4<z>;
L_0x129a2f0 .part L_0x129a250, 0, 1;
L_0x129a3e0 .array/port v0x1291230, C4<z>;
L_0x129a480 .part L_0x129a3e0, 0, 1;
L_0x129a570 .array/port v0x1291230, C4<z>;
L_0x129a610 .part L_0x129a570, 0, 1;
L_0x129a700 .array/port v0x1291230, C4<z>;
L_0x129a7a0 .part L_0x129a700, 0, 1;
S_0x12717f0 .scope module, "TheInstructionMemory_test" "TheInstructionMemory" 2 202, 8 1, S_0x11e2540;
 .timescale 0 0;
L_0x1297a70 .functor BUFZ 16, L_0x129a8e0, C4<0000000000000000>, C4<0000000000000000>, C4<0000000000000000>;
L_0x129ab40 .functor BUFZ 16, L_0x129aaa0, C4<0000000000000000>, C4<0000000000000000>, C4<0000000000000000>;
L_0x129ad30 .functor BUFZ 16, L_0x129ac40, C4<0000000000000000>, C4<0000000000000000>, C4<0000000000000000>;
L_0x129af20 .functor BUFZ 16, L_0x129ae30, C4<0000000000000000>, C4<0000000000000000>, C4<0000000000000000>;
v0x122a620_0 .net *"_s0", 15 0, L_0x129a8e0; 1 drivers
v0x128fb00_0 .net *"_s12", 15 0, L_0x129ae30; 1 drivers
v0x128fba0_0 .net *"_s4", 15 0, L_0x129aaa0; 1 drivers
v0x128fc40_0 .net *"_s8", 15 0, L_0x129ac40; 1 drivers
v0x128fcf0_0 .alias "clock", 0 0, v0x12955c0_0;
v0x128fd90 .array "instruction_memory", 0 1048575, 15 0;
v0x128fe50_0 .alias "instruction_rd1", 19 0, v0x1297c90_0;
v0x128fef0_0 .alias "instruction_rd1_out", 15 0, v0x1297ba0_0;
v0x128ffe0_0 .alias "instruction_rd2", 19 0, v0x1297e60_0;
v0x1290080_0 .alias "instruction_rd2_out", 15 0, v0x1297d10_0;
v0x1290180_0 .alias "instruction_rd3", 19 0, v0x1297d90_0;
v0x1290220_0 .alias "instruction_rd3_out", 15 0, v0x1298050_0;
v0x1290330_0 .alias "instruction_rd4", 19 0, v0x12980d0_0;
v0x12903d0_0 .alias "instruction_rd4_out", 15 0, v0x1297ee0_0;
v0x12904f0_0 .net "instruction_wr1", 19 0, L_0x129b0c0; 1 drivers
v0x1290590_0 .net "instruction_wr1_data", 15 0, L_0x129b890; 1 drivers
v0x1290450_0 .alias "instruction_wr1_enable", 0 0, v0x1298360_0;
v0x12906e0_0 .net "instruction_wr2", 19 0, L_0x129b2a0; 1 drivers
v0x1290800_0 .net "instruction_wr2_data", 15 0, L_0x129bb10; 1 drivers
v0x1290880_0 .alias "instruction_wr2_enable", 0 0, v0x1298250_0;
v0x1290760_0 .net "instruction_wr3", 19 0, L_0x129b480; 1 drivers
v0x12909b0_0 .net "instruction_wr3_data", 15 0, L_0x129bd50; 1 drivers
v0x1290900_0 .alias "instruction_wr3_enable", 0 0, v0x1298460_0;
v0x1290af0_0 .net "instruction_wr4", 19 0, L_0x129b660; 1 drivers
v0x1290a50_0 .net "instruction_wr4_data", 15 0, L_0x129c040; 1 drivers
v0x1290c40_0 .alias "instruction_wr4_enable", 0 0, v0x1298610_0;
v0x1290b90_0 .alias "reset", 0 0, v0x1296080_0;
E_0x1275860 .event posedge, v0x1290b90_0, v0x128fcf0_0;
L_0x129a8e0 .array/port v0x128fd90, v0x1294ac0_0;
L_0x129aaa0 .array/port v0x128fd90, C4<zzzzzzzzzzzzzzzzzzzz>;
L_0x129ac40 .array/port v0x128fd90, C4<zzzzzzzzzzzzzzzzzzzz>;
L_0x129ae30 .array/port v0x128fd90, C4<zzzzzzzzzzzzzzzzzzzz>;
    .scope S_0x1295350;
T_0 ;
    %wait E_0x1275860;
    %load/v 8, v0x1296080_0, 1;
    %jmp/0xz  T_0.0, 8;
    %vpi_call 3 48 "$readmemb", "register.list", v0x1295de0;
    %jmp T_0.1;
T_0.0 ;
    %load/v 8, v0x1295cb0_0, 1;
    %mov 9, 0, 2;
    %cmpi/u 8, 1, 3;
    %jmp/0xz  T_0.2, 4;
    %load/v 8, v0x1295c00_0, 16;
    %ix/getv 3, v0x1295b50_0;
   %jmp/1 t_0, 4;
   %ix/load 1, 0, 0;
   %set/av v0x1295de0, 8, 16;
t_0 ;
T_0.2 ;
    %load/v 8, v0x1295f40_0, 1;
    %mov 9, 0, 2;
    %cmpi/u 8, 1, 3;
    %jmp/0xz  T_0.4, 4;
    %load/v 8, v0x1295e90_0, 16;
    %ix/getv 3, v0x1295d60_0;
   %jmp/1 t_1, 4;
   %ix/load 1, 0, 0;
   %set/av v0x1295de0, 8, 16;
t_1 ;
T_0.4 ;
T_0.1 ;
    %jmp T_0;
    .thread T_0;
    .scope S_0x1294b40;
T_1 ;
    %vpi_call 4 35 "$readmemb", "opcodemem.list", v0x1294ec0;
    %end;
    .thread T_1;
    .scope S_0x1294b40;
T_2 ;
    %wait E_0x1294410;
    %load/v 8, v0x1294c30_0, 1;
    %mov 9, 0, 1;
    %cmpi/u 8, 0, 2;
    %jmp/0xz  T_2.0, 4;
    %ix/load 1, 9, 0;
    %mov 4, 0, 1;
    %jmp/1 T_2.2, 4;
    %load/x1p 8, v0x1294d60_0, 6;
    %jmp T_2.3;
T_2.2 ;
    %mov 8, 2, 6;
T_2.3 ;
; Save base=8 wid=6 in lookaside.
    %set/v v0x1294e10_0, 8, 6;
    %ix/load 1, 6, 0;
    %mov 4, 0, 1;
    %jmp/1 T_2.4, 4;
    %load/x1p 8, v0x1294d60_0, 3;
    %jmp T_2.5;
T_2.4 ;
    %mov 8, 2, 3;
T_2.5 ;
; Save base=8 wid=3 in lookaside.
    %set/v v0x1294cb0_0, 8, 3;
    %ix/load 1, 3, 0;
    %mov 4, 0, 1;
    %jmp/1 T_2.6, 4;
    %load/x1p 8, v0x1294d60_0, 3;
    %jmp T_2.7;
T_2.6 ;
    %mov 8, 2, 3;
T_2.7 ;
; Save base=8 wid=3 in lookaside.
    %set/v v0x1294fc0_0, 8, 3;
    %load/v 8, v0x1294d60_0, 3; Only need 3 of 16 bits
; Save base=8 wid=3 in lookaside.
    %set/v v0x1295070_0, 8, 3;
    %load/v 8, v0x1294d60_0, 3; Only need 3 of 16 bits
; Save base=8 wid=3 in lookaside.
    %set/v v0x1295170_0, 8, 3;
    %load/v 8, v0x1294d60_0, 6; Only need 6 of 16 bits
; Save base=8 wid=6 in lookaside.
    %set/v v0x1295220_0, 8, 6;
    %load/v 8, v0x1294d60_0, 9; Only need 9 of 16 bits
; Save base=8 wid=9 in lookaside.
    %set/v v0x12952d0_0, 8, 9;
    %ix/getv 3, v0x1294e10_0;
    %load/av 8, v0x1294ec0, 6;
    %set/v v0x1294f40_0, 8, 6;
    %jmp T_2.1;
T_2.0 ;
    %load/v 8, v0x1294c30_0, 1;
    %mov 9, 0, 2;
    %cmpi/u 8, 1, 3;
    %jmp/0xz  T_2.8, 4;
T_2.8 ;
T_2.1 ;
    %jmp T_2;
    .thread T_2, $push;
    .scope S_0x12942f0;
T_3 ;
    %wait E_0x1290c10;
    %load/v 8, v0x1294940_0, 3;
    %mov 11, 0, 1;
    %cmpi/u 8, 0, 4;
    %jmp/0xz  T_3.0, 4;
    %load/v 8, v0x1294ac0_0, 20;
    %mov 28, 0, 12;
    %addi 8, 1, 32;
    %ix/load 0, 20, 0;
    %assign/v0 v0x1294ac0_0, 0, 8;
T_3.0 ;
    %load/v 8, v0x1294940_0, 3;
    %mov 11, 0, 1;
    %cmpi/u 8, 1, 4;
    %jmp/0xz  T_3.2, 4;
    %load/v 8, v0x1294ac0_0, 20;
    %load/v 28, v0x12948c0_0, 9;
    %mov 37, 0, 11;
    %add 8, 28, 20;
    %ix/load 0, 20, 0;
    %assign/v0 v0x1294ac0_0, 0, 8;
T_3.2 ;
    %load/v 8, v0x1294940_0, 3;
    %mov 11, 0, 1;
    %cmpi/u 8, 2, 4;
    %jmp/0xz  T_3.4, 4;
    %load/v 8, v0x12949c0_0, 3;
    %mov 11, 0, 17;
    %ix/load 0, 20, 0;
    %assign/v0 v0x1294ac0_0, 0, 8;
T_3.4 ;
    %load/v 8, v0x1294ac0_0, 20;
    %ix/load 0, 20, 0;
    %assign/v0 v0x1294a40_0, 0, 8;
    %jmp T_3;
    .thread T_3;
    .scope S_0x12942f0;
T_4 ;
    %set/v v0x1294ac0_0, 0, 20;
    %end;
    .thread T_4;
    .scope S_0x12925c0;
T_5 ;
    %wait E_0x1290c10;
    %set/v v0x1294030_0, 0, 1;
    %set/v v0x12941f0_0, 0, 1;
    %load/v 8, v0x1294270_0, 3;
    %mov 11, 0, 3;
    %set/v v0x1293b20_0, 8, 6;
    %load/v 8, v0x12940b0_0, 3;
    %mov 11, 0, 3;
    %set/v v0x1293c90_0, 8, 6;
    %load/v 8, v0x1293730_0, 3;
    %mov 11, 0, 3;
    %set/v v0x1293e10_0, 8, 6;
    %set/v v0x12937b0_0, 0, 3;
    %load/v 8, v0x1293600_0, 6;
    %mov 14, 0, 1;
    %cmpi/u 8, 0, 7;
    %jmp/0xz  T_5.0, 4;
    %set/v v0x1294030_0, 0, 1;
    %set/v v0x12941f0_0, 0, 1;
T_5.0 ;
    %load/v 8, v0x1293600_0, 6;
    %mov 14, 0, 1;
    %cmpi/u 8, 1, 7;
    %jmp/0xz  T_5.2, 4;
    %load/v 8, v0x1293730_0, 3;
    %mov 11, 0, 3;
    %set/v v0x1293d90_0, 8, 6;
    %load/v 8, v0x1293a40_0, 16;
    %load/v 24, v0x1293ba0_0, 16;
    %add 8, 24, 16;
    %set/v v0x1293fb0_0, 8, 16;
    %set/v v0x1294030_0, 1, 1;
T_5.2 ;
    %load/v 8, v0x1293600_0, 6;
    %mov 14, 0, 1;
    %cmpi/u 8, 2, 7;
    %jmp/0xz  T_5.4, 4;
    %load/v 8, v0x1293730_0, 3;
    %mov 11, 0, 3;
    %set/v v0x1293d90_0, 8, 6;
    %load/v 8, v0x1293a40_0, 16;
    %load/v 24, v0x1293ba0_0, 16;
    %sub 8, 24, 16;
    %set/v v0x1293fb0_0, 8, 16;
    %set/v v0x1294030_0, 1, 1;
T_5.4 ;
    %load/v 8, v0x1293600_0, 6;
    %mov 14, 0, 1;
    %cmpi/u 8, 3, 7;
    %jmp/0xz  T_5.6, 4;
    %load/v 8, v0x1293730_0, 3;
    %mov 11, 0, 3;
    %set/v v0x1293d90_0, 8, 6;
    %load/v 8, v0x1293a40_0, 16;
    %load/v 24, v0x1293ba0_0, 16;
    %and 8, 24, 16;
    %set/v v0x1293fb0_0, 8, 16;
    %set/v v0x1294030_0, 1, 1;
T_5.6 ;
    %load/v 8, v0x1293600_0, 6;
    %mov 14, 0, 1;
    %cmpi/u 8, 4, 7;
    %jmp/0xz  T_5.8, 4;
    %load/v 8, v0x1293730_0, 3;
    %mov 11, 0, 3;
    %set/v v0x1293d90_0, 8, 6;
    %load/v 8, v0x1293a40_0, 16;
    %load/v 24, v0x1293ba0_0, 16;
    %or 8, 24, 16;
    %set/v v0x1293fb0_0, 8, 16;
    %set/v v0x1294030_0, 1, 1;
T_5.8 ;
    %load/v 8, v0x1293600_0, 6;
    %mov 14, 0, 1;
    %cmpi/u 8, 5, 7;
    %jmp/0xz  T_5.10, 4;
    %load/v 8, v0x1293730_0, 3;
    %mov 11, 0, 3;
    %set/v v0x1293d90_0, 8, 6;
    %load/v 8, v0x1293a40_0, 16;
    %load/v 24, v0x1293ba0_0, 16;
    %xor 8, 24, 16;
    %set/v v0x1293fb0_0, 8, 16;
    %set/v v0x1294030_0, 1, 1;
T_5.10 ;
    %load/v 8, v0x1293600_0, 6;
    %mov 14, 0, 1;
    %cmpi/u 8, 6, 7;
    %jmp/0xz  T_5.12, 4;
    %load/v 8, v0x1293730_0, 3;
    %mov 11, 0, 3;
    %set/v v0x1293d90_0, 8, 6;
    %load/v 8, v0x1293a40_0, 16;
    %load/v 24, v0x1293ba0_0, 16;
    %ix/get 0, 24, 16;
    %shiftr/i0  8, 16;
    %set/v v0x1293fb0_0, 8, 16;
    %set/v v0x1294030_0, 1, 1;
T_5.12 ;
    %load/v 8, v0x1293600_0, 6;
    %mov 14, 0, 1;
    %cmpi/u 8, 7, 7;
    %jmp/0xz  T_5.14, 4;
    %load/v 8, v0x1293730_0, 3;
    %mov 11, 0, 3;
    %set/v v0x1293d90_0, 8, 6;
    %load/v 8, v0x1293a40_0, 16;
    %load/v 24, v0x1293ba0_0, 16;
    %ix/get 0, 24, 16;
    %shiftl/i0  8, 16;
    %set/v v0x1293fb0_0, 8, 16;
    %set/v v0x1294030_0, 1, 1;
T_5.14 ;
    %load/v 8, v0x1293600_0, 6;
    %mov 14, 0, 1;
    %cmpi/u 8, 8, 7;
    %jmp/0xz  T_5.16, 4;
    %load/v 8, v0x1293730_0, 3;
    %mov 11, 0, 3;
    %set/v v0x1293d90_0, 8, 6;
    %load/v 8, v0x1293a40_0, 16;
    %load/v 24, v0x1293ba0_0, 16;
    %ix/get 0, 24, 16;
    %shiftr/i0  8, 16;
    %set/v v0x1293fb0_0, 8, 16;
    %set/v v0x1294030_0, 1, 1;
T_5.16 ;
    %load/v 8, v0x1293600_0, 6;
    %mov 14, 0, 1;
    %cmpi/u 8, 9, 7;
    %jmp/0xz  T_5.18, 4;
    %load/v 8, v0x1294270_0, 3;
    %mov 11, 0, 3;
    %set/v v0x1293b20_0, 8, 6;
    %load/v 8, v0x1293730_0, 3;
    %mov 11, 0, 3;
    %set/v v0x1293d90_0, 8, 6;
    %load/v 8, v0x1293a40_0, 16;
    %set/v v0x1293fb0_0, 8, 16;
    %set/v v0x1294030_0, 1, 1;
T_5.18 ;
    %load/v 8, v0x1293600_0, 6;
    %mov 14, 0, 1;
    %cmpi/u 8, 10, 7;
    %jmp/0xz  T_5.20, 4;
    %load/v 8, v0x1293730_0, 3;
    %mov 11, 0, 3;
    %set/v v0x1293d90_0, 8, 6;
    %load/v 8, v0x1293a40_0, 16;
    %load/v 24, v0x1294150_0, 3;
    %mov 27, 0, 13;
    %add 8, 24, 16;
    %set/v v0x1293fb0_0, 8, 16;
    %set/v v0x1294030_0, 1, 1;
T_5.20 ;
    %load/v 8, v0x1293600_0, 6;
    %mov 14, 0, 1;
    %cmpi/u 8, 11, 7;
    %jmp/0xz  T_5.22, 4;
    %load/v 8, v0x1293730_0, 3;
    %mov 11, 0, 3;
    %set/v v0x1293d90_0, 8, 6;
    %load/v 8, v0x1293a40_0, 16;
    %load/v 24, v0x1294150_0, 3;
    %mov 27, 0, 13;
    %sub 8, 24, 16;
    %set/v v0x1293fb0_0, 8, 16;
    %set/v v0x1294030_0, 1, 1;
T_5.22 ;
    %load/v 8, v0x1293600_0, 6;
    %mov 14, 0, 1;
    %cmpi/u 8, 12, 7;
    %jmp/0xz  T_5.24, 4;
    %load/v 8, v0x1293730_0, 3;
    %mov 11, 0, 3;
    %set/v v0x1293d90_0, 8, 6;
    %load/v 8, v0x1293a40_0, 16;
    %load/v 24, v0x1294150_0, 3;
    %ix/get 0, 24, 3;
    %shiftr/i0  8, 16;
    %set/v v0x1293fb0_0, 8, 16;
    %set/v v0x1294030_0, 1, 1;
T_5.24 ;
    %load/v 8, v0x1293600_0, 6;
    %mov 14, 0, 1;
    %cmpi/u 8, 13, 7;
    %jmp/0xz  T_5.26, 4;
    %load/v 8, v0x1293730_0, 3;
    %mov 11, 0, 3;
    %set/v v0x1293d90_0, 8, 6;
    %load/v 8, v0x1293a40_0, 16;
    %load/v 24, v0x1294150_0, 3;
    %ix/get 0, 24, 3;
    %shiftl/i0  8, 16;
    %set/v v0x1293fb0_0, 8, 16;
    %set/v v0x1294030_0, 1, 1;
T_5.26 ;
    %load/v 8, v0x1293600_0, 6;
    %mov 14, 0, 1;
    %cmpi/u 8, 14, 7;
    %jmp/0xz  T_5.28, 4;
    %load/v 8, v0x1293730_0, 3;
    %mov 11, 0, 3;
    %set/v v0x1293d90_0, 8, 6;
    %load/v 8, v0x1293a40_0, 16;
    %load/v 24, v0x1294150_0, 3;
    %ix/get 0, 24, 3;
    %shiftr/i0  8, 16;
    %set/v v0x1293fb0_0, 8, 16;
    %set/v v0x1294030_0, 1, 1;
T_5.28 ;
    %load/v 8, v0x1293600_0, 6;
    %mov 14, 0, 1;
    %cmpi/u 8, 15, 7;
    %jmp/0xz  T_5.30, 4;
    %load/v 8, v0x1293730_0, 3;
    %mov 11, 0, 3;
    %set/v v0x1293d90_0, 8, 6;
    %load/v 8, v0x1294450_0, 6;
    %mov 14, 0, 10;
    %set/v v0x1293fb0_0, 8, 16;
    %set/v v0x1294030_0, 1, 1;
T_5.30 ;
    %load/v 8, v0x1293600_0, 6;
    %mov 14, 0, 1;
    %cmpi/u 8, 16, 7;
    %jmp/0xz  T_5.32, 4;
    %load/v 8, v0x1293730_0, 3;
    %mov 11, 0, 3;
    %set/v v0x1293d90_0, 8, 6;
    %load/v 8, v0x1294270_0, 3;
    %mov 11, 0, 3;
    %set/v v0x1293b20_0, 8, 6;
    %load/v 8, v0x1293a40_0, 16;
    %load/v 24, v0x1294150_0, 3;
    %mov 27, 0, 13;
    %add 8, 24, 16;
    %set/v v0x1292910_0, 8, 9;
    %load/v 8, v0x1292990_0, 8; Select 8 out of 32 bits
    %mov 16, 0, 8;
    %set/v v0x1293fb0_0, 8, 16;
    %set/v v0x1294030_0, 1, 1;
T_5.32 ;
    %load/v 8, v0x1293600_0, 6;
    %mov 14, 0, 1;
    %cmpi/u 8, 17, 7;
    %jmp/0xz  T_5.34, 4;
    %load/v 8, v0x1294270_0, 3;
    %mov 11, 0, 3;
    %set/v v0x1293c90_0, 8, 6;
    %load/v 8, v0x1294270_0, 3;
    %mov 11, 0, 3;
    %set/v v0x1293e90_0, 8, 6;
    %load/v 8, v0x1293ba0_0, 16;
    %mov 24, 0, 16;
    %subi 8, 1, 32;
    %set/v v0x1293f10_0, 8, 16;
    %set/v v0x12941f0_0, 1, 1;
    %load/v 8, v0x1293730_0, 3;
    %mov 11, 0, 3;
    %set/v v0x1293d90_0, 8, 6;
    %load/v 8, v0x1294270_0, 3;
    %mov 11, 0, 3;
    %set/v v0x1293b20_0, 8, 6;
    %load/v 8, v0x1293a40_0, 16;
    %load/v 24, v0x1294150_0, 3;
    %mov 27, 0, 13;
    %add 8, 24, 16;
    %set/v v0x1292910_0, 8, 9;
    %load/v 8, v0x1292990_0, 8; Select 8 out of 32 bits
    %mov 16, 0, 8;
    %set/v v0x1293fb0_0, 8, 16;
    %set/v v0x1294030_0, 1, 1;
T_5.34 ;
    %load/v 8, v0x1293600_0, 6;
    %mov 14, 0, 1;
    %cmpi/u 8, 18, 7;
    %jmp/0xz  T_5.36, 4;
    %load/v 8, v0x1293730_0, 3;
    %mov 11, 0, 3;
    %set/v v0x1293d90_0, 8, 6;
    %load/v 8, v0x1294270_0, 3;
    %mov 11, 0, 3;
    %set/v v0x1293b20_0, 8, 6;
    %load/v 8, v0x1293a40_0, 16;
    %load/v 24, v0x1294150_0, 3;
    %mov 27, 0, 13;
    %add 8, 24, 16;
    %set/v v0x1292910_0, 8, 9;
    %load/v 8, v0x1292990_0, 8; Select 8 out of 32 bits
    %mov 16, 0, 8;
    %set/v v0x1293fb0_0, 8, 16;
    %set/v v0x1294030_0, 1, 1;
    %load/v 8, v0x1294270_0, 3;
    %mov 11, 0, 3;
    %set/v v0x1293c90_0, 8, 6;
    %load/v 8, v0x1294270_0, 3;
    %mov 11, 0, 3;
    %set/v v0x1293e90_0, 8, 6;
    %load/v 8, v0x1293ba0_0, 16;
    %mov 24, 0, 16;
    %addi 8, 1, 32;
    %set/v v0x1293f10_0, 8, 16;
    %set/v v0x12941f0_0, 1, 1;
T_5.36 ;
    %load/v 8, v0x1293600_0, 6;
    %mov 14, 0, 1;
    %cmpi/u 8, 20, 7;
    %jmp/0xz  T_5.38, 4;
    %load/v 8, v0x1293730_0, 3;
    %mov 11, 0, 3;
    %set/v v0x1293d90_0, 8, 6;
    %load/v 8, v0x1294270_0, 3;
    %mov 11, 0, 3;
    %set/v v0x1293b20_0, 8, 6;
    %load/v 8, v0x1293a40_0, 16;
    %load/v 24, v0x1294150_0, 3;
    %mov 27, 0, 13;
    %add 8, 24, 16;
    %set/v v0x1292910_0, 8, 9;
    %load/v 8, v0x1292990_0, 16; Only need 16 of 32 bits
; Save base=8 wid=16 in lookaside.
    %set/v v0x1293fb0_0, 8, 16;
    %set/v v0x1294030_0, 1, 1;
T_5.38 ;
    %load/v 8, v0x1293600_0, 6;
    %mov 14, 0, 1;
    %cmpi/u 8, 21, 7;
    %jmp/0xz  T_5.40, 4;
    %load/v 8, v0x1294270_0, 3;
    %mov 11, 0, 3;
    %set/v v0x1293c90_0, 8, 6;
    %load/v 8, v0x1294270_0, 3;
    %mov 11, 0, 3;
    %set/v v0x1293e90_0, 8, 6;
    %load/v 8, v0x1293ba0_0, 16;
    %mov 24, 0, 16;
    %subi 8, 2, 32;
    %set/v v0x1293f10_0, 8, 16;
    %set/v v0x12941f0_0, 1, 1;
    %load/v 8, v0x1293730_0, 3;
    %mov 11, 0, 3;
    %set/v v0x1293d90_0, 8, 6;
    %load/v 8, v0x1294270_0, 3;
    %mov 11, 0, 3;
    %set/v v0x1293b20_0, 8, 6;
    %load/v 8, v0x1293a40_0, 16;
    %load/v 24, v0x1294150_0, 3;
    %mov 27, 0, 13;
    %add 8, 24, 16;
    %set/v v0x1292910_0, 8, 9;
    %load/v 8, v0x1292990_0, 16; Only need 16 of 32 bits
; Save base=8 wid=16 in lookaside.
    %set/v v0x1293fb0_0, 8, 16;
    %set/v v0x1294030_0, 1, 1;
T_5.40 ;
    %load/v 8, v0x1293600_0, 6;
    %mov 14, 0, 1;
    %cmpi/u 8, 22, 7;
    %jmp/0xz  T_5.42, 4;
    %load/v 8, v0x1293730_0, 3;
    %mov 11, 0, 3;
    %set/v v0x1293d90_0, 8, 6;
    %load/v 8, v0x1294270_0, 3;
    %mov 11, 0, 3;
    %set/v v0x1293b20_0, 8, 6;
    %load/v 8, v0x1293a40_0, 16;
    %load/v 24, v0x1294150_0, 3;
    %mov 27, 0, 13;
    %add 8, 24, 16;
    %set/v v0x1292910_0, 8, 9;
    %load/v 8, v0x1292990_0, 16; Only need 16 of 32 bits
; Save base=8 wid=16 in lookaside.
    %set/v v0x1293fb0_0, 8, 16;
    %set/v v0x1294030_0, 1, 1;
    %load/v 8, v0x1294270_0, 3;
    %mov 11, 0, 3;
    %set/v v0x1293c90_0, 8, 6;
    %load/v 8, v0x1294270_0, 3;
    %mov 11, 0, 3;
    %set/v v0x1293e90_0, 8, 6;
    %load/v 8, v0x1293ba0_0, 16;
    %mov 24, 0, 16;
    %addi 8, 2, 32;
    %set/v v0x1293f10_0, 8, 16;
    %set/v v0x12941f0_0, 1, 1;
T_5.42 ;
    %load/v 8, v0x1293600_0, 6;
    %mov 14, 0, 1;
    %cmpi/u 8, 24, 7;
    %jmp/0xz  T_5.44, 4;
    %load/v 8, v0x1293730_0, 3;
    %mov 11, 0, 3;
    %set/v v0x1293d90_0, 8, 6;
    %load/v 8, v0x1294270_0, 3;
    %mov 11, 0, 3;
    %set/v v0x1293b20_0, 8, 6;
    %load/v 8, v0x1293a40_0, 16;
    %load/v 24, v0x1294150_0, 3;
    %mov 27, 0, 13;
    %add 8, 24, 16;
    %set/v v0x1292e50_0, 8, 9;
    %load/v 8, v0x1293a40_0, 16;
    %ix/load 0, 0, 0;
    %set/x0 v0x1292f00_0, 8, 8;
    %set/v v0x1292fb0_0, 1, 1;
T_5.44 ;
    %load/v 8, v0x1293600_0, 6;
    %mov 14, 0, 1;
    %cmpi/u 8, 25, 7;
    %jmp/0xz  T_5.46, 4;
    %load/v 8, v0x1294270_0, 3;
    %mov 11, 0, 3;
    %set/v v0x1293c90_0, 8, 6;
    %load/v 8, v0x1294270_0, 3;
    %mov 11, 0, 3;
    %set/v v0x1293e90_0, 8, 6;
    %load/v 8, v0x1293ba0_0, 16;
    %mov 24, 0, 16;
    %subi 8, 1, 32;
    %set/v v0x1293f10_0, 8, 16;
    %set/v v0x12941f0_0, 1, 1;
    %load/v 8, v0x1293730_0, 3;
    %mov 11, 0, 3;
    %set/v v0x1293d90_0, 8, 6;
    %load/v 8, v0x1294270_0, 3;
    %mov 11, 0, 3;
    %set/v v0x1293b20_0, 8, 6;
    %load/v 8, v0x1293a40_0, 16;
    %load/v 24, v0x1294150_0, 3;
    %mov 27, 0, 13;
    %add 8, 24, 16;
    %set/v v0x1292e50_0, 8, 9;
    %load/v 8, v0x1293a40_0, 16;
    %ix/load 0, 0, 0;
    %set/x0 v0x1292f00_0, 8, 8;
    %set/v v0x1292fb0_0, 1, 1;
T_5.46 ;
    %load/v 8, v0x1293600_0, 6;
    %mov 14, 0, 1;
    %cmpi/u 8, 26, 7;
    %jmp/0xz  T_5.48, 4;
    %load/v 8, v0x1293730_0, 3;
    %mov 11, 0, 3;
    %set/v v0x1293d90_0, 8, 6;
    %load/v 8, v0x1294270_0, 3;
    %mov 11, 0, 3;
    %set/v v0x1293b20_0, 8, 6;
    %load/v 8, v0x1293a40_0, 16;
    %load/v 24, v0x1294150_0, 3;
    %mov 27, 0, 13;
    %add 8, 24, 16;
    %set/v v0x1292e50_0, 8, 9;
    %load/v 8, v0x1293a40_0, 16;
    %ix/load 0, 0, 0;
    %set/x0 v0x1292f00_0, 8, 8;
    %set/v v0x1292fb0_0, 1, 1;
    %load/v 8, v0x1294270_0, 3;
    %mov 11, 0, 3;
    %set/v v0x1293c90_0, 8, 6;
    %load/v 8, v0x1294270_0, 3;
    %mov 11, 0, 3;
    %set/v v0x1293e90_0, 8, 6;
    %load/v 8, v0x1293ba0_0, 16;
    %mov 24, 0, 16;
    %addi 8, 1, 32;
    %set/v v0x1293f10_0, 8, 16;
    %set/v v0x12941f0_0, 1, 1;
T_5.48 ;
    %load/v 8, v0x1293600_0, 6;
    %mov 14, 0, 1;
    %cmpi/u 8, 28, 7;
    %jmp/0xz  T_5.50, 4;
    %load/v 8, v0x1293730_0, 3;
    %mov 11, 0, 3;
    %set/v v0x1293d90_0, 8, 6;
    %load/v 8, v0x1294270_0, 3;
    %mov 11, 0, 3;
    %set/v v0x1293b20_0, 8, 6;
    %load/v 8, v0x1293a40_0, 16;
    %load/v 24, v0x1294150_0, 3;
    %mov 27, 0, 13;
    %add 8, 24, 16;
    %set/v v0x1292e50_0, 8, 9;
    %load/v 8, v0x1293a40_0, 16;
    %ix/load 0, 0, 0;
    %set/x0 v0x1292f00_0, 8, 16;
    %set/v v0x1292fb0_0, 1, 1;
T_5.50 ;
    %load/v 8, v0x1293600_0, 6;
    %mov 14, 0, 1;
    %cmpi/u 8, 29, 7;
    %jmp/0xz  T_5.52, 4;
    %load/v 8, v0x1294270_0, 3;
    %mov 11, 0, 3;
    %set/v v0x1293c90_0, 8, 6;
    %load/v 8, v0x1294270_0, 3;
    %mov 11, 0, 3;
    %set/v v0x1293e90_0, 8, 6;
    %load/v 8, v0x1293ba0_0, 16;
    %mov 24, 0, 16;
    %subi 8, 2, 32;
    %set/v v0x1293f10_0, 8, 16;
    %set/v v0x12941f0_0, 1, 1;
    %load/v 8, v0x1293730_0, 3;
    %mov 11, 0, 3;
    %set/v v0x1293d90_0, 8, 6;
    %load/v 8, v0x1294270_0, 3;
    %mov 11, 0, 3;
    %set/v v0x1293b20_0, 8, 6;
    %load/v 8, v0x1293a40_0, 16;
    %load/v 24, v0x1294150_0, 3;
    %mov 27, 0, 13;
    %add 8, 24, 16;
    %set/v v0x1292e50_0, 8, 9;
    %load/v 8, v0x1293a40_0, 16;
    %ix/load 0, 0, 0;
    %set/x0 v0x1292f00_0, 8, 16;
    %set/v v0x1292fb0_0, 1, 1;
T_5.52 ;
    %load/v 8, v0x1293600_0, 6;
    %mov 14, 0, 1;
    %cmpi/u 8, 30, 7;
    %jmp/0xz  T_5.54, 4;
    %load/v 8, v0x1293730_0, 3;
    %mov 11, 0, 3;
    %set/v v0x1293d90_0, 8, 6;
    %load/v 8, v0x1294270_0, 3;
    %mov 11, 0, 3;
    %set/v v0x1293b20_0, 8, 6;
    %load/v 8, v0x1293a40_0, 16;
    %load/v 24, v0x1294150_0, 3;
    %mov 27, 0, 13;
    %add 8, 24, 16;
    %set/v v0x1292e50_0, 8, 9;
    %load/v 8, v0x1293a40_0, 16;
    %ix/load 0, 0, 0;
    %set/x0 v0x1292f00_0, 8, 16;
    %set/v v0x1292fb0_0, 1, 1;
    %load/v 8, v0x1294270_0, 3;
    %mov 11, 0, 3;
    %set/v v0x1293c90_0, 8, 6;
    %load/v 8, v0x1294270_0, 3;
    %mov 11, 0, 3;
    %set/v v0x1293e90_0, 8, 6;
    %load/v 8, v0x1293ba0_0, 16;
    %mov 24, 0, 16;
    %addi 8, 2, 32;
    %set/v v0x1293f10_0, 8, 16;
    %set/v v0x12941f0_0, 1, 1;
T_5.54 ;
    %load/v 8, v0x1293600_0, 6;
    %mov 14, 0, 2;
    %cmpi/u 8, 32, 8;
    %jmp/0xz  T_5.56, 4;
    %load/v 8, v0x12944d0_0, 9;
    %set/v v0x1293870_0, 8, 9;
    %movi 8, 1, 3;
    %set/v v0x12937b0_0, 8, 3;
T_5.56 ;
    %load/v 8, v0x1293600_0, 6;
    %mov 14, 0, 2;
    %cmpi/u 8, 33, 8;
    %jmp/0xz  T_5.58, 4;
    %load/v 8, v0x12944d0_0, 9;
    %set/v v0x1293870_0, 8, 9;
    %movi 8, 1, 3;
    %set/v v0x12937b0_0, 8, 3;
    %load/v 8, v0x12938f0_0, 20;
    %ix/load 0, 3, 0;
    %assign/v0 v0x12939c0_0, 0, 8;
T_5.58 ;
    %load/v 8, v0x1293600_0, 6;
    %mov 14, 0, 2;
    %cmpi/u 8, 34, 8;
    %jmp/0xz  T_5.60, 4;
    %load/v 8, v0x1294270_0, 3;
    %load/v 11, v0x12940b0_0, 3;
    %cmp/u 8, 11, 3;
    %jmp/0xz  T_5.62, 4;
    %load/v 8, v0x1293730_0, 3;
    %mov 11, 0, 6;
    %set/v v0x1293870_0, 8, 9;
    %movi 8, 1, 3;
    %set/v v0x12937b0_0, 8, 3;
T_5.62 ;
T_5.60 ;
    %load/v 8, v0x1293600_0, 6;
    %mov 14, 0, 2;
    %cmpi/u 8, 35, 8;
    %jmp/0xz  T_5.64, 4;
    %load/v 8, v0x1294270_0, 3;
    %load/v 11, v0x12940b0_0, 3;
    %cmp/u 8, 11, 3;
    %inv 6, 1;
    %jmp/0xz  T_5.66, 6;
    %load/v 8, v0x1293730_0, 3;
    %mov 11, 0, 6;
    %set/v v0x1293870_0, 8, 9;
    %movi 8, 1, 3;
    %set/v v0x12937b0_0, 8, 3;
T_5.66 ;
T_5.64 ;
    %load/v 8, v0x1293600_0, 6;
    %mov 14, 0, 2;
    %cmpi/u 8, 38, 8;
    %jmp/0xz  T_5.68, 4;
    %load/v 8, v0x1294270_0, 3;
    %load/v 11, v0x12940b0_0, 3;
    %cmp/u 8, 11, 3;
    %jmp/0xz  T_5.70, 5;
    %load/v 8, v0x1293730_0, 3;
    %mov 11, 0, 6;
    %set/v v0x1293870_0, 8, 9;
    %movi 8, 1, 3;
    %set/v v0x12937b0_0, 8, 3;
T_5.70 ;
T_5.68 ;
    %load/v 8, v0x1293600_0, 6;
    %mov 14, 0, 2;
    %cmpi/u 8, 39, 8;
    %jmp/0xz  T_5.72, 4;
    %load/v 8, v0x12940b0_0, 3;
    %load/v 11, v0x1294270_0, 3;
    %cmp/u 8, 11, 3;
    %jmp/0xz  T_5.74, 5;
    %load/v 8, v0x1293730_0, 3;
    %mov 11, 0, 6;
    %set/v v0x1293870_0, 8, 9;
    %movi 8, 1, 3;
    %set/v v0x12937b0_0, 8, 3;
T_5.74 ;
T_5.72 ;
    %load/v 8, v0x1293600_0, 6;
    %mov 14, 0, 2;
    %cmpi/u 8, 38, 8;
    %jmp/0xz  T_5.76, 4;
    %load/v 8, v0x1294270_0, 3;
    %load/v 11, v0x12940b0_0, 3;
    %cmp/s 8, 11, 3;
    %jmp/0xz  T_5.78, 5;
    %load/v 8, v0x1293730_0, 3;
    %mov 11, 0, 6;
    %set/v v0x1293870_0, 8, 9;
    %movi 8, 1, 3;
    %set/v v0x12937b0_0, 8, 3;
T_5.78 ;
T_5.76 ;
    %load/v 8, v0x1293600_0, 6;
    %mov 14, 0, 2;
    %cmpi/u 8, 39, 8;
    %jmp/0xz  T_5.80, 4;
    %load/v 8, v0x12940b0_0, 3;
    %load/v 11, v0x1294270_0, 3;
    %cmp/s 8, 11, 3;
    %jmp/0xz  T_5.82, 5;
    %load/v 8, v0x1293730_0, 3;
    %mov 11, 0, 6;
    %set/v v0x1293870_0, 8, 9;
    %movi 8, 1, 3;
    %set/v v0x12937b0_0, 8, 3;
T_5.82 ;
T_5.80 ;
    %load/v 8, v0x1293600_0, 6;
    %mov 14, 0, 2;
    %cmpi/u 8, 40, 8;
    %jmp/0xz  T_5.84, 4;
    %load/v 8, v0x1293730_0, 3;
    %set/v v0x12939c0_0, 8, 3;
    %movi 8, 2, 3;
    %set/v v0x12937b0_0, 8, 3;
T_5.84 ;
    %load/v 8, v0x1293600_0, 6;
    %mov 14, 0, 2;
    %cmpi/u 8, 41, 8;
    %jmp/0xz  T_5.86, 4;
    %load/v 8, v0x1293730_0, 3;
    %set/v v0x12939c0_0, 8, 3;
    %movi 8, 2, 3;
    %set/v v0x12937b0_0, 8, 3;
    %load/v 8, v0x12938f0_0, 20;
    %ix/load 0, 3, 0;
    %assign/v0 v0x12939c0_0, 0, 8;
T_5.86 ;
    %load/v 8, v0x1293600_0, 6;
    %mov 14, 0, 2;
    %cmpi/u 8, 42, 8;
    %jmp/0xz  T_5.88, 4;
    %load/v 8, v0x1294270_0, 3;
    %load/v 11, v0x12940b0_0, 3;
    %cmp/u 8, 11, 3;
    %jmp/0xz  T_5.90, 4;
    %load/v 8, v0x1293730_0, 3;
    %set/v v0x12939c0_0, 8, 3;
    %movi 8, 2, 3;
    %set/v v0x12937b0_0, 8, 3;
T_5.90 ;
T_5.88 ;
    %load/v 8, v0x1293600_0, 6;
    %mov 14, 0, 2;
    %cmpi/u 8, 43, 8;
    %jmp/0xz  T_5.92, 4;
    %load/v 8, v0x1294270_0, 3;
    %load/v 11, v0x12940b0_0, 3;
    %cmp/u 8, 11, 3;
    %inv 6, 1;
    %jmp/0xz  T_5.94, 6;
    %load/v 8, v0x1293730_0, 3;
    %set/v v0x12939c0_0, 8, 3;
    %movi 8, 2, 3;
    %set/v v0x12937b0_0, 8, 3;
T_5.94 ;
T_5.92 ;
    %load/v 8, v0x1293600_0, 6;
    %mov 14, 0, 2;
    %cmpi/u 8, 44, 8;
    %jmp/0xz  T_5.96, 4;
    %load/v 8, v0x1294270_0, 3;
    %load/v 11, v0x12940b0_0, 3;
    %cmp/s 8, 11, 3;
    %jmp/0xz  T_5.98, 5;
    %load/v 8, v0x1293730_0, 3;
    %set/v v0x12939c0_0, 8, 3;
    %movi 8, 2, 3;
    %set/v v0x12937b0_0, 8, 3;
T_5.98 ;
T_5.96 ;
    %load/v 8, v0x1293600_0, 6;
    %mov 14, 0, 2;
    %cmpi/u 8, 45, 8;
    %jmp/0xz  T_5.100, 4;
    %load/v 8, v0x12940b0_0, 3;
    %load/v 11, v0x1294270_0, 3;
    %cmp/s 8, 11, 3;
    %jmp/0xz  T_5.102, 5;
    %load/v 8, v0x1293730_0, 3;
    %set/v v0x12939c0_0, 8, 3;
    %movi 8, 2, 3;
    %set/v v0x12937b0_0, 8, 3;
T_5.102 ;
T_5.100 ;
    %load/v 8, v0x1293600_0, 6;
    %mov 14, 0, 2;
    %cmpi/u 8, 46, 8;
    %jmp/0xz  T_5.104, 4;
    %load/v 8, v0x1294270_0, 3;
    %load/v 11, v0x12940b0_0, 3;
    %cmp/u 8, 11, 3;
    %jmp/0xz  T_5.106, 5;
    %load/v 8, v0x1293730_0, 3;
    %set/v v0x12939c0_0, 8, 3;
    %movi 8, 2, 3;
    %set/v v0x12937b0_0, 8, 3;
T_5.106 ;
T_5.104 ;
    %load/v 8, v0x1293600_0, 6;
    %mov 14, 0, 2;
    %cmpi/u 8, 47, 8;
    %jmp/0xz  T_5.108, 4;
    %load/v 8, v0x12940b0_0, 3;
    %load/v 11, v0x1294270_0, 3;
    %cmp/u 8, 11, 3;
    %jmp/0xz  T_5.110, 5;
    %load/v 8, v0x1293730_0, 3;
    %set/v v0x12939c0_0, 8, 3;
    %movi 8, 2, 3;
    %set/v v0x12937b0_0, 8, 3;
T_5.110 ;
T_5.108 ;
    %jmp T_5;
    .thread T_5;
    .scope S_0x1290da0;
T_6 ;
    %wait E_0x128fcc0;
    %set/v v0x1291eb0_0, 0, 32;
T_6.0 ;
    %load/v 8, v0x1291eb0_0, 32;
    %movi 40, 1048575, 32;
    %cmp/s 8, 40, 32;
    %jmp/0xz T_6.1, 5;
    %ix/getv/s 3, v0x1291eb0_0;
   %jmp/1 t_2, 4;
   %ix/load 1, 0, 0;
   %set/av v0x1291230, 0, 32;
t_2 ;
    %ix/load 0, 1, 0;
    %load/vp0/s 8, v0x1291eb0_0, 32;
    %set/v v0x1291eb0_0, 8, 32;
    %jmp T_6.0;
T_6.1 ;
    %jmp T_6;
    .thread T_6;
    .scope S_0x1290da0;
T_7 ;
    %wait E_0x1275860;
    %load/v 8, v0x12926e0_0, 1;
    %jmp/0xz  T_7.0, 8;
   %ix/load 1, 0, 0;
   %ix/load 3, 0, 0;
   %set/av v0x1291230, 0, 32;
    %jmp T_7.1;
T_7.0 ;
    %load/v 8, v0x1291770_0, 1;
    %mov 9, 0, 2;
    %cmpi/u 8, 1, 3;
    %jmp/0xz  T_7.2, 4;
    %load/v 8, v0x12918b0_0, 32;
    %ix/getv 3, v0x1291810_0;
   %jmp/1 t_3, 4;
   %ix/load 1, 0, 0;
   %set/av v0x1291230, 8, 32;
t_3 ;
T_7.2 ;
    %load/v 8, v0x1291ba0_0, 1;
    %mov 9, 0, 2;
    %cmpi/u 8, 1, 3;
    %jmp/0xz  T_7.4, 4;
    %load/v 8, v0x1291b20_0, 32;
    %ix/getv 3, v0x1291a00_0;
   %jmp/1 t_4, 4;
   %ix/load 1, 0, 0;
   %set/av v0x1291230, 8, 32;
t_4 ;
T_7.4 ;
    %load/v 8, v0x1291c20_0, 1;
    %mov 9, 0, 2;
    %cmpi/u 8, 1, 3;
    %jmp/0xz  T_7.6, 4;
    %load/v 8, v0x1291cd0_0, 32;
    %ix/getv 3, v0x1291a80_0;
   %jmp/1 t_5, 4;
   %ix/load 1, 0, 0;
   %set/av v0x1291230, 8, 32;
t_5 ;
T_7.6 ;
    %load/v 8, v0x1291f60_0, 1;
    %mov 9, 0, 2;
    %cmpi/u 8, 1, 3;
    %jmp/0xz  T_7.8, 4;
    %load/v 8, v0x1291d70_0, 32;
    %ix/getv 3, v0x1291e10_0;
   %jmp/1 t_6, 4;
   %ix/load 1, 0, 0;
   %set/av v0x1291230, 8, 32;
t_6 ;
T_7.8 ;
T_7.1 ;
    %jmp T_7;
    .thread T_7;
    .scope S_0x12717f0;
T_8 ;
    %wait E_0x1275860;
    %load/v 8, v0x1290b90_0, 1;
    %mov 9, 0, 2;
    %cmpi/u 8, 1, 3;
    %jmp/0xz  T_8.0, 4;
    %vpi_call 8 59 "$readmemb", "instructionmemory.list", v0x128fd90;
    %jmp T_8.1;
T_8.0 ;
    %load/v 8, v0x1290450_0, 1;
    %mov 9, 0, 2;
    %cmpi/u 8, 1, 3;
    %jmp/0xz  T_8.2, 4;
    %load/v 8, v0x1290590_0, 16;
    %ix/getv 3, v0x12904f0_0;
   %jmp/1 t_7, 4;
   %ix/load 1, 0, 0;
   %set/av v0x128fd90, 8, 16;
t_7 ;
T_8.2 ;
    %load/v 8, v0x1290880_0, 1;
    %mov 9, 0, 2;
    %cmpi/u 8, 1, 3;
    %jmp/0xz  T_8.4, 4;
    %load/v 8, v0x1290800_0, 16;
    %ix/getv 3, v0x12906e0_0;
   %jmp/1 t_8, 4;
   %ix/load 1, 0, 0;
   %set/av v0x128fd90, 8, 16;
t_8 ;
T_8.4 ;
    %load/v 8, v0x1290900_0, 1;
    %mov 9, 0, 2;
    %cmpi/u 8, 1, 3;
    %jmp/0xz  T_8.6, 4;
    %load/v 8, v0x12909b0_0, 16;
    %ix/getv 3, v0x1290760_0;
   %jmp/1 t_9, 4;
   %ix/load 1, 0, 0;
   %set/av v0x128fd90, 8, 16;
t_9 ;
T_8.6 ;
    %load/v 8, v0x1290c40_0, 1;
    %mov 9, 0, 2;
    %cmpi/u 8, 1, 3;
    %jmp/0xz  T_8.8, 4;
    %load/v 8, v0x1290a50_0, 16;
    %ix/getv 3, v0x1290af0_0;
   %jmp/1 t_10, 4;
   %ix/load 1, 0, 0;
   %set/av v0x128fd90, 8, 16;
t_10 ;
T_8.8 ;
T_8.1 ;
    %jmp T_8;
    .thread T_8;
    .scope S_0x11e2540;
T_9 ;
    %vpi_call 2 228 "$dumpfile", "execution_tb.vcd";
    %vpi_call 2 229 "$dumpvars", 1'sb0, S_0x1295350, S_0x1294b40, S_0x12942f0, S_0x12925c0, S_0x12717f0;
    %set/v v0x1296820_0, 0, 1;
    %delay 2, 0;
    %set/v v0x12997f0_0, 1, 1;
    %delay 2, 0;
    %set/v v0x12997f0_0, 0, 1;
    %delay 2, 0;
   %ix/load 1, 0, 0;
   %ix/load 3, 0, 0;
   %set/av v0x1299770, 0, 16;
    %movi 8, 3, 16;
   %ix/load 1, 0, 0;
   %ix/load 3, 1, 0;
   %set/av v0x1299770, 8, 16;
    %movi 8, 2, 16;
   %ix/load 1, 0, 0;
   %ix/load 3, 2, 0;
   %set/av v0x1299770, 8, 16;
    %delay 500, 0;
    %vpi_call 2 256 "$finish";
    %end;
    .thread T_9;
    .scope S_0x11e2540;
T_10 ;
    %delay 1, 0;
    %load/v 8, v0x1296820_0, 1;
    %inv 8, 1;
    %set/v v0x1296820_0, 8, 1;
    %jmp T_10;
    .thread T_10;
# The file index is used to find the file name in the following table.
:file_names 9;
    "N/A";
    "<interactive>";
    "Execute_tb.v";
    "./RegisterFile.v";
    "./16bitdecoder.v";
    "./Fetch.v";
    "./Execute.v";
    "./DataMemory.v";
    "./InstructionMemory.v";
