Flow report for DE0_NANO
Wed Aug 24 12:52:50 2016
Quartus Prime Version 16.0.0 Build 211 04/27/2016 SJ Lite Edition


---------------------
; Table of Contents ;
---------------------
  1. Legal Notice
  2. Flow Summary
  3. Flow Settings
  4. Flow Non-Default Global Settings
  5. Flow Elapsed Time
  6. Flow OS Summary
  7. Flow Log
  8. Flow Messages
  9. Flow Suppressed Messages



----------------
; Legal Notice ;
----------------
Copyright (C) 1991-2016 Altera Corporation. All rights reserved.
Your use of Altera Corporation's design tools, logic functions 
and other software and tools, and its AMPP partner logic 
functions, and any output files from any of the foregoing 
(including device programming or simulation files), and any 
associated documentation or information are expressly subject 
to the terms and conditions of the Altera Program License 
Subscription Agreement, the Altera Quartus Prime License Agreement,
the Altera MegaCore Function License Agreement, or other 
applicable license agreement, including, without limitation, 
that your use is for the sole purpose of programming logic 
devices manufactured by Altera and sold by Altera or its 
authorized distributors.  Please refer to the applicable 
agreement for further details.



+----------------------------------------------------------------------------------+
; Flow Summary                                                                     ;
+------------------------------------+---------------------------------------------+
; Flow Status                        ; Successful - Wed Aug 24 12:52:50 2016       ;
; Quartus Prime Version              ; 16.0.0 Build 211 04/27/2016 SJ Lite Edition ;
; Revision Name                      ; DE0_NANO                                    ;
; Top-level Entity Name              ; DE0_NANO                                    ;
; Family                             ; Cyclone IV E                                ;
; Device                             ; EP4CE22F17C6                                ;
; Timing Models                      ; Final                                       ;
; Total logic elements               ; 10,629 / 22,320 ( 48 % )                    ;
;     Total combinational functions  ; 10,427 / 22,320 ( 47 % )                    ;
;     Dedicated logic registers      ; 3,683 / 22,320 ( 17 % )                     ;
; Total registers                    ; 3683                                        ;
; Total pins                         ; 15 / 154 ( 10 % )                           ;
; Total virtual pins                 ; 0                                           ;
; Total memory bits                  ; 0 / 608,256 ( 0 % )                         ;
; Embedded Multiplier 9-bit elements ; 0 / 132 ( 0 % )                             ;
; Total PLLs                         ; 0 / 4 ( 0 % )                               ;
+------------------------------------+---------------------------------------------+


+-----------------------------------------+
; Flow Settings                           ;
+-------------------+---------------------+
; Option            ; Setting             ;
+-------------------+---------------------+
; Start date & time ; 08/24/2016 12:51:21 ;
; Main task         ; Compilation         ;
; Revision Name     ; DE0_NANO            ;
+-------------------+---------------------+


+----------------------------------------------------------------------------------------------------------------------------+
; Flow Non-Default Global Settings                                                                                           ;
+-------------------------------------+---------------------------------------+---------------+-------------+----------------+
; Assignment Name                     ; Value                                 ; Default Value ; Entity Name ; Section Id     ;
+-------------------------------------+---------------------------------------+---------------+-------------+----------------+
; COMPILER_SIGNATURE_ID               ; 128454779998285.147203948105943       ; --            ; --          ; --             ;
; EDA_OUTPUT_DATA_FORMAT              ; Verilog Hdl                           ; --            ; --          ; eda_simulation ;
; EDA_SIMULATION_TOOL                 ; ModelSim-Altera (Verilog)             ; <None>        ; --          ; --             ;
; EDA_TIME_SCALE                      ; 1 ps                                  ; --            ; --          ; eda_simulation ;
; MAX_CORE_JUNCTION_TEMP              ; 85                                    ; --            ; --          ; --             ;
; MIN_CORE_JUNCTION_TEMP              ; 0                                     ; --            ; --          ; --             ;
; PARTITION_COLOR                     ; 16764057                              ; --            ; --          ; Top            ;
; PARTITION_FITTER_PRESERVATION_LEVEL ; PLACEMENT_AND_ROUTING                 ; --            ; --          ; Top            ;
; PARTITION_NETLIST_TYPE              ; SOURCE                                ; --            ; --          ; Top            ;
; POWER_BOARD_THERMAL_MODEL           ; None (CONSERVATIVE)                   ; --            ; --          ; --             ;
; POWER_PRESET_COOLING_SOLUTION       ; 23 MM HEAT SINK WITH 200 LFPM AIRFLOW ; --            ; --          ; --             ;
; SMART_RECOMPILE                     ; On                                    ; Off           ; --          ; --             ;
; VERILOG_CONSTANT_LOOP_LIMIT         ; 524289                                ; 5000          ; --          ; --             ;
+-------------------------------------+---------------------------------------+---------------+-------------+----------------+


+-------------------------------------------------------------------------------------------------------------------------------+
; Flow Elapsed Time                                                                                                             ;
+---------------------------+--------------+-------------------------+---------------------+------------------------------------+
; Module Name               ; Elapsed Time ; Average Processors Used ; Peak Virtual Memory ; Total CPU Time (on all processors) ;
+---------------------------+--------------+-------------------------+---------------------+------------------------------------+
; Analysis & Synthesis      ; 00:00:26     ; 1.0                     ; 1335 MB             ; 00:00:33                           ;
; Fitter                    ; 00:00:41     ; 1.0                     ; 1594 MB             ; 00:00:42                           ;
; Assembler                 ; 00:00:02     ; 1.0                     ; 1192 MB             ; 00:00:02                           ;
; TimeQuest Timing Analyzer ; 00:00:04     ; 1.0                     ; 1281 MB             ; 00:00:05                           ;
; EDA Netlist Writer        ; 00:00:11     ; 1.0                     ; 1493 MB             ; 00:00:11                           ;
; Total                     ; 00:01:24     ; --                      ; --                  ; 00:01:33                           ;
+---------------------------+--------------+-------------------------+---------------------+------------------------------------+


+-------------------------------------------------------------------------------------------+
; Flow OS Summary                                                                           ;
+---------------------------+-------------------+-------------+------------+----------------+
; Module Name               ; Machine Hostname  ; OS Name     ; OS Version ; Processor type ;
+---------------------------+-------------------+-------------+------------+----------------+
; Analysis & Synthesis      ; godzilla.embecosm ; Fedora Core ; 22         ; x86_64         ;
; Fitter                    ; godzilla.embecosm ; Fedora Core ; 22         ; x86_64         ;
; Assembler                 ; godzilla.embecosm ; Fedora Core ; 22         ; x86_64         ;
; TimeQuest Timing Analyzer ; godzilla.embecosm ; Fedora Core ; 22         ; x86_64         ;
; EDA Netlist Writer        ; godzilla.embecosm ; Fedora Core ; 22         ; x86_64         ;
+---------------------------+-------------------+-------------+------------+----------------+


------------
; Flow Log ;
------------
quartus_map --read_settings_files=on --write_settings_files=off DE0_NANO -c DE0_NANO
quartus_fit --read_settings_files=off --write_settings_files=off DE0_NANO -c DE0_NANO
quartus_asm --read_settings_files=off --write_settings_files=off DE0_NANO -c DE0_NANO
quartus_sta DE0_NANO -c DE0_NANO
quartus_eda --read_settings_files=off --write_settings_files=off DE0_NANO -c DE0_NANO



