Partition Merge report for DE0_NANO
Fri Aug  7 14:12:30 2015
Quartus II 64-Bit Version 15.0.0 Build 145 04/22/2015 SJ Web Edition


---------------------
; Table of Contents ;
---------------------
  1. Legal Notice
  2. Partition Merge Summary
  3. Partition Merge Netlist Types Used
  4. Partition Merge Partition Statistics
  5. Partition Merge Partition Pin Processing
  6. Partition Merge Resource Usage Summary
  7. Partition Merge Messages



----------------
; Legal Notice ;
----------------
Copyright (C) 1991-2015 Altera Corporation. All rights reserved.
Your use of Altera Corporation's design tools, logic functions 
and other software and tools, and its AMPP partner logic 
functions, and any output files from any of the foregoing 
(including device programming or simulation files), and any 
associated documentation or information are expressly subject 
to the terms and conditions of the Altera Program License 
Subscription Agreement, the Altera Quartus II License Agreement,
the Altera MegaCore Function License Agreement, or other 
applicable license agreement, including, without limitation, 
that your use is for the sole purpose of programming logic 
devices manufactured by Altera and sold by Altera or its 
authorized distributors.  Please refer to the applicable 
agreement for further details.



+---------------------------------------------------------------------------------+
; Partition Merge Summary                                                         ;
+------------------------------------+--------------------------------------------+
; Partition Merge Status             ; Successful - Fri Aug  7 14:12:30 2015      ;
; Quartus II 64-Bit Version          ; 15.0.0 Build 145 04/22/2015 SJ Web Edition ;
; Revision Name                      ; DE0_NANO                                   ;
; Top-level Entity Name              ; DE0_NANO                                   ;
; Family                             ; Cyclone IV E                               ;
; Total logic elements               ; 0                                          ;
;     Total combinational functions  ; 0                                          ;
;     Dedicated logic registers      ; 0                                          ;
; Total registers                    ; 0                                          ;
; Total pins                         ; 154                                        ;
; Total virtual pins                 ; 0                                          ;
; Total memory bits                  ; 0                                          ;
; Embedded Multiplier 9-bit elements ; 0                                          ;
; Total PLLs                         ; 0                                          ;
+------------------------------------+--------------------------------------------+


+-------------------------------------------------------------------------------------------------------------------------------+
; Partition Merge Netlist Types Used                                                                                            ;
+--------------------------------+----------------+-------------------+------------------------+--------------------------------+
; Partition Name                 ; Partition Type ; Netlist Type Used ; Netlist Type Requested ; Partition Contents             ;
+--------------------------------+----------------+-------------------+------------------------+--------------------------------+
; Top                            ; User-created   ; Source File       ; Source File            ;                                ;
; hard_block:auto_generated_inst ; Auto-generated ; Source File       ; Source File            ; hard_block:auto_generated_inst ;
+--------------------------------+----------------+-------------------+------------------------+--------------------------------+


+------------------------------------------------------------------------------------+
; Partition Merge Partition Statistics                                               ;
+---------------------------------------------+-----+--------------------------------+
; Statistic                                   ; Top ; hard_block:auto_generated_inst ;
+---------------------------------------------+-----+--------------------------------+
; Estimated Total logic elements              ; 0   ; 0                              ;
;                                             ;     ;                                ;
; Total combinational functions               ; 0   ; 0                              ;
; Logic element usage by number of LUT inputs ;     ;                                ;
;     -- 4 input functions                    ; 0   ; 0                              ;
;     -- 3 input functions                    ; 0   ; 0                              ;
;     -- <=2 input functions                  ; 0   ; 0                              ;
;                                             ;     ;                                ;
; Logic elements by mode                      ;     ;                                ;
;     -- normal mode                          ; 0   ; 0                              ;
;     -- arithmetic mode                      ; 0   ; 0                              ;
;                                             ;     ;                                ;
; Total registers                             ; 0   ; 0                              ;
;     -- Dedicated logic registers            ; 0   ; 0                              ;
;     -- I/O registers                        ; 0   ; 0                              ;
;                                             ;     ;                                ;
; Virtual pins                                ; 0   ; 0                              ;
; I/O pins                                    ; 154 ; 0                              ;
; Embedded Multiplier 9-bit elements          ; 0   ; 0                              ;
; Total memory bits                           ; 0   ; 0                              ;
; Total RAM block bits                        ; 0   ; 0                              ;
;                                             ;     ;                                ;
; Connections                                 ;     ;                                ;
;     -- Input Connections                    ; 98  ; 0                              ;
;     -- Registered Input Connections         ; 0   ; 0                              ;
;     -- Output Connections                   ; 98  ; 0                              ;
;     -- Registered Output Connections        ; 0   ; 0                              ;
;                                             ;     ;                                ;
; Internal Connections                        ;     ;                                ;
;     -- Total Connections                    ; 252 ; 0                              ;
;     -- Registered Connections               ; 0   ; 0                              ;
;                                             ;     ;                                ;
; External Connections                        ;     ;                                ;
;     -- Top                                  ; 196 ; 0                              ;
;     -- hard_block:auto_generated_inst       ; 0   ; 0                              ;
;                                             ;     ;                                ;
; Partition Interface                         ;     ;                                ;
;     -- Input Ports                          ; 17  ; 0                              ;
;     -- Output Ports                         ; 39  ; 0                              ;
;     -- Bidir Ports                          ; 98  ; 0                              ;
;                                             ;     ;                                ;
; Registered Ports                            ;     ;                                ;
;     -- Registered Input Ports               ; 0   ; 0                              ;
;     -- Registered Output Ports              ; 0   ; 0                              ;
;                                             ;     ;                                ;
; Port Connectivity                           ;     ;                                ;
;     -- Input Ports driven by GND            ; 0   ; 0                              ;
;     -- Output Ports driven by GND           ; 0   ; 0                              ;
;     -- Input Ports driven by VCC            ; 0   ; 0                              ;
;     -- Output Ports driven by VCC           ; 0   ; 0                              ;
;     -- Input Ports with no Source           ; 0   ; 0                              ;
;     -- Output Ports with no Source          ; 0   ; 0                              ;
;     -- Input Ports with no Fanout           ; 0   ; 0                              ;
;     -- Output Ports with no Fanout          ; 0   ; 0                              ;
+---------------------------------------------+-----+--------------------------------+
Note: Resource usage numbers presented for Partitions containing post-synthesis logic are estimates.  For Partitions containing post-fit logic, resource usage numbers are accurate based on previous placement information.  Actual Fitter results may vary depending on current Fitter Preservation Level assignments.


+-----------------------------------------------------------------------------------------------------------------+
; Partition Merge Partition Pin Processing                                                                        ;
+-----------------------------+-----------+---------------+----------+--------------------------------------------+
; Name                        ; Partition ; Type          ; Location ; Status                                     ;
+-----------------------------+-----------+---------------+----------+--------------------------------------------+
; ADC_CS_N                    ; Top       ; Output Port   ; n/a      ;                                            ;
;     -- ADC_CS_N             ; Top       ; Output Pad    ; Unplaced ; Synthesized                                ;
;     -- ADC_CS_N~output      ; Top       ; Output Buffer ; Unplaced ; Synthesized                                ;
;                             ;           ;               ;          ;                                            ;
; ADC_SADDR                   ; Top       ; Output Port   ; n/a      ;                                            ;
;     -- ADC_SADDR            ; Top       ; Output Pad    ; Unplaced ; Synthesized                                ;
;     -- ADC_SADDR~output     ; Top       ; Output Buffer ; Unplaced ; Synthesized                                ;
;                             ;           ;               ;          ;                                            ;
; ADC_SCLK                    ; Top       ; Output Port   ; n/a      ;                                            ;
;     -- ADC_SCLK             ; Top       ; Output Pad    ; Unplaced ; Synthesized                                ;
;     -- ADC_SCLK~output      ; Top       ; Output Buffer ; Unplaced ; Synthesized                                ;
;                             ;           ;               ;          ;                                            ;
; ADC_SDAT                    ; Top       ; Input Port    ; n/a      ;                                            ;
;     -- ADC_SDAT             ; Top       ; Input Pad     ; Unplaced ; Synthesized                                ;
;     -- ADC_SDAT~input       ; Top       ; Input Buffer  ; Unplaced ; Synthesized                                ;
;                             ;           ;               ;          ;                                            ;
; CLOCK_50                    ; Top       ; Input Port    ; n/a      ;                                            ;
;     -- CLOCK_50             ; Top       ; Input Pad     ; Unplaced ; Synthesized                                ;
;     -- CLOCK_50~input       ; Top       ; Input Buffer  ; Unplaced ; Synthesized                                ;
;                             ;           ;               ;          ;                                            ;
; DRAM_ADDR[0]                ; Top       ; Output Port   ; n/a      ;                                            ;
;     -- DRAM_ADDR[0]         ; Top       ; Output Pad    ; Unplaced ; Synthesized                                ;
;     -- DRAM_ADDR[0]~output  ; Top       ; Output Buffer ; Unplaced ; Synthesized                                ;
;                             ;           ;               ;          ;                                            ;
; DRAM_ADDR[10]               ; Top       ; Output Port   ; n/a      ;                                            ;
;     -- DRAM_ADDR[10]        ; Top       ; Output Pad    ; Unplaced ; Synthesized                                ;
;     -- DRAM_ADDR[10]~output ; Top       ; Output Buffer ; Unplaced ; Synthesized                                ;
;                             ;           ;               ;          ;                                            ;
; DRAM_ADDR[11]               ; Top       ; Output Port   ; n/a      ;                                            ;
;     -- DRAM_ADDR[11]        ; Top       ; Output Pad    ; Unplaced ; Synthesized                                ;
;     -- DRAM_ADDR[11]~output ; Top       ; Output Buffer ; Unplaced ; Synthesized                                ;
;                             ;           ;               ;          ;                                            ;
; DRAM_ADDR[12]               ; Top       ; Output Port   ; n/a      ;                                            ;
;     -- DRAM_ADDR[12]        ; Top       ; Output Pad    ; Unplaced ; Synthesized                                ;
;     -- DRAM_ADDR[12]~output ; Top       ; Output Buffer ; Unplaced ; Synthesized                                ;
;                             ;           ;               ;          ;                                            ;
; DRAM_ADDR[1]                ; Top       ; Output Port   ; n/a      ;                                            ;
;     -- DRAM_ADDR[1]         ; Top       ; Output Pad    ; Unplaced ; Synthesized                                ;
;     -- DRAM_ADDR[1]~output  ; Top       ; Output Buffer ; Unplaced ; Synthesized                                ;
;                             ;           ;               ;          ;                                            ;
; DRAM_ADDR[2]                ; Top       ; Output Port   ; n/a      ;                                            ;
;     -- DRAM_ADDR[2]         ; Top       ; Output Pad    ; Unplaced ; Synthesized                                ;
;     -- DRAM_ADDR[2]~output  ; Top       ; Output Buffer ; Unplaced ; Synthesized                                ;
;                             ;           ;               ;          ;                                            ;
; DRAM_ADDR[3]                ; Top       ; Output Port   ; n/a      ;                                            ;
;     -- DRAM_ADDR[3]         ; Top       ; Output Pad    ; Unplaced ; Synthesized                                ;
;     -- DRAM_ADDR[3]~output  ; Top       ; Output Buffer ; Unplaced ; Synthesized                                ;
;                             ;           ;               ;          ;                                            ;
; DRAM_ADDR[4]                ; Top       ; Output Port   ; n/a      ;                                            ;
;     -- DRAM_ADDR[4]         ; Top       ; Output Pad    ; Unplaced ; Synthesized                                ;
;     -- DRAM_ADDR[4]~output  ; Top       ; Output Buffer ; Unplaced ; Synthesized                                ;
;                             ;           ;               ;          ;                                            ;
; DRAM_ADDR[5]                ; Top       ; Output Port   ; n/a      ;                                            ;
;     -- DRAM_ADDR[5]         ; Top       ; Output Pad    ; Unplaced ; Synthesized                                ;
;     -- DRAM_ADDR[5]~output  ; Top       ; Output Buffer ; Unplaced ; Synthesized                                ;
;                             ;           ;               ;          ;                                            ;
; DRAM_ADDR[6]                ; Top       ; Output Port   ; n/a      ;                                            ;
;     -- DRAM_ADDR[6]         ; Top       ; Output Pad    ; Unplaced ; Synthesized                                ;
;     -- DRAM_ADDR[6]~output  ; Top       ; Output Buffer ; Unplaced ; Synthesized                                ;
;                             ;           ;               ;          ;                                            ;
; DRAM_ADDR[7]                ; Top       ; Output Port   ; n/a      ;                                            ;
;     -- DRAM_ADDR[7]         ; Top       ; Output Pad    ; Unplaced ; Synthesized                                ;
;     -- DRAM_ADDR[7]~output  ; Top       ; Output Buffer ; Unplaced ; Synthesized                                ;
;                             ;           ;               ;          ;                                            ;
; DRAM_ADDR[8]                ; Top       ; Output Port   ; n/a      ;                                            ;
;     -- DRAM_ADDR[8]         ; Top       ; Output Pad    ; Unplaced ; Synthesized                                ;
;     -- DRAM_ADDR[8]~output  ; Top       ; Output Buffer ; Unplaced ; Synthesized                                ;
;                             ;           ;               ;          ;                                            ;
; DRAM_ADDR[9]                ; Top       ; Output Port   ; n/a      ;                                            ;
;     -- DRAM_ADDR[9]         ; Top       ; Output Pad    ; Unplaced ; Synthesized                                ;
;     -- DRAM_ADDR[9]~output  ; Top       ; Output Buffer ; Unplaced ; Synthesized                                ;
;                             ;           ;               ;          ;                                            ;
; DRAM_BA[0]                  ; Top       ; Output Port   ; n/a      ;                                            ;
;     -- DRAM_BA[0]           ; Top       ; Output Pad    ; Unplaced ; Synthesized                                ;
;     -- DRAM_BA[0]~output    ; Top       ; Output Buffer ; Unplaced ; Synthesized                                ;
;                             ;           ;               ;          ;                                            ;
; DRAM_BA[1]                  ; Top       ; Output Port   ; n/a      ;                                            ;
;     -- DRAM_BA[1]           ; Top       ; Output Pad    ; Unplaced ; Synthesized                                ;
;     -- DRAM_BA[1]~output    ; Top       ; Output Buffer ; Unplaced ; Synthesized                                ;
;                             ;           ;               ;          ;                                            ;
; DRAM_CAS_N                  ; Top       ; Output Port   ; n/a      ;                                            ;
;     -- DRAM_CAS_N           ; Top       ; Output Pad    ; Unplaced ; Synthesized                                ;
;     -- DRAM_CAS_N~output    ; Top       ; Output Buffer ; Unplaced ; Synthesized                                ;
;                             ;           ;               ;          ;                                            ;
; DRAM_CKE                    ; Top       ; Output Port   ; n/a      ;                                            ;
;     -- DRAM_CKE             ; Top       ; Output Pad    ; Unplaced ; Synthesized                                ;
;     -- DRAM_CKE~output      ; Top       ; Output Buffer ; Unplaced ; Synthesized                                ;
;                             ;           ;               ;          ;                                            ;
; DRAM_CLK                    ; Top       ; Output Port   ; n/a      ;                                            ;
;     -- DRAM_CLK             ; Top       ; Output Pad    ; Unplaced ; Synthesized                                ;
;     -- DRAM_CLK~output      ; Top       ; Output Buffer ; Unplaced ; Synthesized                                ;
;                             ;           ;               ;          ;                                            ;
; DRAM_CS_N                   ; Top       ; Output Port   ; n/a      ;                                            ;
;     -- DRAM_CS_N            ; Top       ; Output Pad    ; Unplaced ; Synthesized                                ;
;     -- DRAM_CS_N~output     ; Top       ; Output Buffer ; Unplaced ; Synthesized                                ;
;                             ;           ;               ;          ;                                            ;
; DRAM_DQM[0]                 ; Top       ; Output Port   ; n/a      ;                                            ;
;     -- DRAM_DQM[0]          ; Top       ; Output Pad    ; Unplaced ; Synthesized                                ;
;     -- DRAM_DQM[0]~output   ; Top       ; Output Buffer ; Unplaced ; Synthesized                                ;
;                             ;           ;               ;          ;                                            ;
; DRAM_DQM[1]                 ; Top       ; Output Port   ; n/a      ;                                            ;
;     -- DRAM_DQM[1]          ; Top       ; Output Pad    ; Unplaced ; Synthesized                                ;
;     -- DRAM_DQM[1]~output   ; Top       ; Output Buffer ; Unplaced ; Synthesized                                ;
;                             ;           ;               ;          ;                                            ;
; DRAM_DQ[0]                  ; Top       ; Bidir Port    ; n/a      ;                                            ;
;     -- DRAM_DQ[0]           ; Top       ; Bidir Pad     ; Unplaced ; Synthesized                                ;
;     -- DRAM_DQ[0]~output    ; Top       ; Output Buffer ; Unplaced ; Preserved from Synthesis Netlist (WYSIWYG) ;
;                             ;           ;               ;          ;                                            ;
; DRAM_DQ[10]                 ; Top       ; Bidir Port    ; n/a      ;                                            ;
;     -- DRAM_DQ[10]          ; Top       ; Bidir Pad     ; Unplaced ; Synthesized                                ;
;     -- DRAM_DQ[10]~output   ; Top       ; Output Buffer ; Unplaced ; Preserved from Synthesis Netlist (WYSIWYG) ;
;                             ;           ;               ;          ;                                            ;
; DRAM_DQ[11]                 ; Top       ; Bidir Port    ; n/a      ;                                            ;
;     -- DRAM_DQ[11]          ; Top       ; Bidir Pad     ; Unplaced ; Synthesized                                ;
;     -- DRAM_DQ[11]~output   ; Top       ; Output Buffer ; Unplaced ; Preserved from Synthesis Netlist (WYSIWYG) ;
;                             ;           ;               ;          ;                                            ;
; DRAM_DQ[12]                 ; Top       ; Bidir Port    ; n/a      ;                                            ;
;     -- DRAM_DQ[12]          ; Top       ; Bidir Pad     ; Unplaced ; Synthesized                                ;
;     -- DRAM_DQ[12]~output   ; Top       ; Output Buffer ; Unplaced ; Preserved from Synthesis Netlist (WYSIWYG) ;
;                             ;           ;               ;          ;                                            ;
; DRAM_DQ[13]                 ; Top       ; Bidir Port    ; n/a      ;                                            ;
;     -- DRAM_DQ[13]          ; Top       ; Bidir Pad     ; Unplaced ; Synthesized                                ;
;     -- DRAM_DQ[13]~output   ; Top       ; Output Buffer ; Unplaced ; Preserved from Synthesis Netlist (WYSIWYG) ;
;                             ;           ;               ;          ;                                            ;
; DRAM_DQ[14]                 ; Top       ; Bidir Port    ; n/a      ;                                            ;
;     -- DRAM_DQ[14]          ; Top       ; Bidir Pad     ; Unplaced ; Synthesized                                ;
;     -- DRAM_DQ[14]~output   ; Top       ; Output Buffer ; Unplaced ; Preserved from Synthesis Netlist (WYSIWYG) ;
;                             ;           ;               ;          ;                                            ;
; DRAM_DQ[15]                 ; Top       ; Bidir Port    ; n/a      ;                                            ;
;     -- DRAM_DQ[15]          ; Top       ; Bidir Pad     ; Unplaced ; Synthesized                                ;
;     -- DRAM_DQ[15]~output   ; Top       ; Output Buffer ; Unplaced ; Preserved from Synthesis Netlist (WYSIWYG) ;
;                             ;           ;               ;          ;                                            ;
; DRAM_DQ[1]                  ; Top       ; Bidir Port    ; n/a      ;                                            ;
;     -- DRAM_DQ[1]           ; Top       ; Bidir Pad     ; Unplaced ; Synthesized                                ;
;     -- DRAM_DQ[1]~output    ; Top       ; Output Buffer ; Unplaced ; Preserved from Synthesis Netlist (WYSIWYG) ;
;                             ;           ;               ;          ;                                            ;
; DRAM_DQ[2]                  ; Top       ; Bidir Port    ; n/a      ;                                            ;
;     -- DRAM_DQ[2]           ; Top       ; Bidir Pad     ; Unplaced ; Synthesized                                ;
;     -- DRAM_DQ[2]~output    ; Top       ; Output Buffer ; Unplaced ; Preserved from Synthesis Netlist (WYSIWYG) ;
;                             ;           ;               ;          ;                                            ;
; DRAM_DQ[3]                  ; Top       ; Bidir Port    ; n/a      ;                                            ;
;     -- DRAM_DQ[3]           ; Top       ; Bidir Pad     ; Unplaced ; Synthesized                                ;
;     -- DRAM_DQ[3]~output    ; Top       ; Output Buffer ; Unplaced ; Preserved from Synthesis Netlist (WYSIWYG) ;
;                             ;           ;               ;          ;                                            ;
; DRAM_DQ[4]                  ; Top       ; Bidir Port    ; n/a      ;                                            ;
;     -- DRAM_DQ[4]           ; Top       ; Bidir Pad     ; Unplaced ; Synthesized                                ;
;     -- DRAM_DQ[4]~output    ; Top       ; Output Buffer ; Unplaced ; Preserved from Synthesis Netlist (WYSIWYG) ;
;                             ;           ;               ;          ;                                            ;
; DRAM_DQ[5]                  ; Top       ; Bidir Port    ; n/a      ;                                            ;
;     -- DRAM_DQ[5]           ; Top       ; Bidir Pad     ; Unplaced ; Synthesized                                ;
;     -- DRAM_DQ[5]~output    ; Top       ; Output Buffer ; Unplaced ; Preserved from Synthesis Netlist (WYSIWYG) ;
;                             ;           ;               ;          ;                                            ;
; DRAM_DQ[6]                  ; Top       ; Bidir Port    ; n/a      ;                                            ;
;     -- DRAM_DQ[6]           ; Top       ; Bidir Pad     ; Unplaced ; Synthesized                                ;
;     -- DRAM_DQ[6]~output    ; Top       ; Output Buffer ; Unplaced ; Preserved from Synthesis Netlist (WYSIWYG) ;
;                             ;           ;               ;          ;                                            ;
; DRAM_DQ[7]                  ; Top       ; Bidir Port    ; n/a      ;                                            ;
;     -- DRAM_DQ[7]           ; Top       ; Bidir Pad     ; Unplaced ; Synthesized                                ;
;     -- DRAM_DQ[7]~output    ; Top       ; Output Buffer ; Unplaced ; Preserved from Synthesis Netlist (WYSIWYG) ;
;                             ;           ;               ;          ;                                            ;
; DRAM_DQ[8]                  ; Top       ; Bidir Port    ; n/a      ;                                            ;
;     -- DRAM_DQ[8]           ; Top       ; Bidir Pad     ; Unplaced ; Synthesized                                ;
;     -- DRAM_DQ[8]~output    ; Top       ; Output Buffer ; Unplaced ; Preserved from Synthesis Netlist (WYSIWYG) ;
;                             ;           ;               ;          ;                                            ;
; DRAM_DQ[9]                  ; Top       ; Bidir Port    ; n/a      ;                                            ;
;     -- DRAM_DQ[9]           ; Top       ; Bidir Pad     ; Unplaced ; Synthesized                                ;
;     -- DRAM_DQ[9]~output    ; Top       ; Output Buffer ; Unplaced ; Preserved from Synthesis Netlist (WYSIWYG) ;
;                             ;           ;               ;          ;                                            ;
; DRAM_RAS_N                  ; Top       ; Output Port   ; n/a      ;                                            ;
;     -- DRAM_RAS_N           ; Top       ; Output Pad    ; Unplaced ; Synthesized                                ;
;     -- DRAM_RAS_N~output    ; Top       ; Output Buffer ; Unplaced ; Synthesized                                ;
;                             ;           ;               ;          ;                                            ;
; DRAM_WE_N                   ; Top       ; Output Port   ; n/a      ;                                            ;
;     -- DRAM_WE_N            ; Top       ; Output Pad    ; Unplaced ; Synthesized                                ;
;     -- DRAM_WE_N~output     ; Top       ; Output Buffer ; Unplaced ; Synthesized                                ;
;                             ;           ;               ;          ;                                            ;
; EPCS_ASDO                   ; Top       ; Output Port   ; n/a      ;                                            ;
;     -- EPCS_ASDO            ; Top       ; Output Pad    ; Unplaced ; Synthesized                                ;
;     -- EPCS_ASDO~output     ; Top       ; Output Buffer ; Unplaced ; Synthesized                                ;
;                             ;           ;               ;          ;                                            ;
; EPCS_DATA0                  ; Top       ; Input Port    ; n/a      ;                                            ;
;     -- EPCS_DATA0           ; Top       ; Input Pad     ; Unplaced ; Synthesized                                ;
;     -- EPCS_DATA0~input     ; Top       ; Input Buffer  ; Unplaced ; Synthesized                                ;
;                             ;           ;               ;          ;                                            ;
; EPCS_DCLK                   ; Top       ; Output Port   ; n/a      ;                                            ;
;     -- EPCS_DCLK            ; Top       ; Output Pad    ; Unplaced ; Synthesized                                ;
;     -- EPCS_DCLK~output     ; Top       ; Output Buffer ; Unplaced ; Synthesized                                ;
;                             ;           ;               ;          ;                                            ;
; EPCS_NCSO                   ; Top       ; Output Port   ; n/a      ;                                            ;
;     -- EPCS_NCSO            ; Top       ; Output Pad    ; Unplaced ; Synthesized                                ;
;     -- EPCS_NCSO~output     ; Top       ; Output Buffer ; Unplaced ; Synthesized                                ;
;                             ;           ;               ;          ;                                            ;
; GPIO_2[0]                   ; Top       ; Bidir Port    ; n/a      ;                                            ;
;     -- GPIO_2[0]            ; Top       ; Bidir Pad     ; Unplaced ; Synthesized                                ;
;     -- GPIO_2[0]~output     ; Top       ; Output Buffer ; Unplaced ; Preserved from Synthesis Netlist (WYSIWYG) ;
;                             ;           ;               ;          ;                                            ;
; GPIO_2[10]                  ; Top       ; Bidir Port    ; n/a      ;                                            ;
;     -- GPIO_2[10]           ; Top       ; Bidir Pad     ; Unplaced ; Synthesized                                ;
;     -- GPIO_2[10]~output    ; Top       ; Output Buffer ; Unplaced ; Preserved from Synthesis Netlist (WYSIWYG) ;
;                             ;           ;               ;          ;                                            ;
; GPIO_2[11]                  ; Top       ; Bidir Port    ; n/a      ;                                            ;
;     -- GPIO_2[11]           ; Top       ; Bidir Pad     ; Unplaced ; Synthesized                                ;
;     -- GPIO_2[11]~output    ; Top       ; Output Buffer ; Unplaced ; Preserved from Synthesis Netlist (WYSIWYG) ;
;                             ;           ;               ;          ;                                            ;
; GPIO_2[12]                  ; Top       ; Bidir Port    ; n/a      ;                                            ;
;     -- GPIO_2[12]           ; Top       ; Bidir Pad     ; Unplaced ; Synthesized                                ;
;     -- GPIO_2[12]~output    ; Top       ; Output Buffer ; Unplaced ; Preserved from Synthesis Netlist (WYSIWYG) ;
;                             ;           ;               ;          ;                                            ;
; GPIO_2[1]                   ; Top       ; Bidir Port    ; n/a      ;                                            ;
;     -- GPIO_2[1]            ; Top       ; Bidir Pad     ; Unplaced ; Synthesized                                ;
;     -- GPIO_2[1]~output     ; Top       ; Output Buffer ; Unplaced ; Preserved from Synthesis Netlist (WYSIWYG) ;
;                             ;           ;               ;          ;                                            ;
; GPIO_2[2]                   ; Top       ; Bidir Port    ; n/a      ;                                            ;
;     -- GPIO_2[2]            ; Top       ; Bidir Pad     ; Unplaced ; Synthesized                                ;
;     -- GPIO_2[2]~output     ; Top       ; Output Buffer ; Unplaced ; Preserved from Synthesis Netlist (WYSIWYG) ;
;                             ;           ;               ;          ;                                            ;
; GPIO_2[3]                   ; Top       ; Bidir Port    ; n/a      ;                                            ;
;     -- GPIO_2[3]            ; Top       ; Bidir Pad     ; Unplaced ; Synthesized                                ;
;     -- GPIO_2[3]~output     ; Top       ; Output Buffer ; Unplaced ; Preserved from Synthesis Netlist (WYSIWYG) ;
;                             ;           ;               ;          ;                                            ;
; GPIO_2[4]                   ; Top       ; Bidir Port    ; n/a      ;                                            ;
;     -- GPIO_2[4]            ; Top       ; Bidir Pad     ; Unplaced ; Synthesized                                ;
;     -- GPIO_2[4]~output     ; Top       ; Output Buffer ; Unplaced ; Preserved from Synthesis Netlist (WYSIWYG) ;
;                             ;           ;               ;          ;                                            ;
; GPIO_2[5]                   ; Top       ; Bidir Port    ; n/a      ;                                            ;
;     -- GPIO_2[5]            ; Top       ; Bidir Pad     ; Unplaced ; Synthesized                                ;
;     -- GPIO_2[5]~output     ; Top       ; Output Buffer ; Unplaced ; Preserved from Synthesis Netlist (WYSIWYG) ;
;                             ;           ;               ;          ;                                            ;
; GPIO_2[6]                   ; Top       ; Bidir Port    ; n/a      ;                                            ;
;     -- GPIO_2[6]            ; Top       ; Bidir Pad     ; Unplaced ; Synthesized                                ;
;     -- GPIO_2[6]~output     ; Top       ; Output Buffer ; Unplaced ; Preserved from Synthesis Netlist (WYSIWYG) ;
;                             ;           ;               ;          ;                                            ;
; GPIO_2[7]                   ; Top       ; Bidir Port    ; n/a      ;                                            ;
;     -- GPIO_2[7]            ; Top       ; Bidir Pad     ; Unplaced ; Synthesized                                ;
;     -- GPIO_2[7]~output     ; Top       ; Output Buffer ; Unplaced ; Preserved from Synthesis Netlist (WYSIWYG) ;
;                             ;           ;               ;          ;                                            ;
; GPIO_2[8]                   ; Top       ; Bidir Port    ; n/a      ;                                            ;
;     -- GPIO_2[8]            ; Top       ; Bidir Pad     ; Unplaced ; Synthesized                                ;
;     -- GPIO_2[8]~output     ; Top       ; Output Buffer ; Unplaced ; Preserved from Synthesis Netlist (WYSIWYG) ;
;                             ;           ;               ;          ;                                            ;
; GPIO_2[9]                   ; Top       ; Bidir Port    ; n/a      ;                                            ;
;     -- GPIO_2[9]            ; Top       ; Bidir Pad     ; Unplaced ; Synthesized                                ;
;     -- GPIO_2[9]~output     ; Top       ; Output Buffer ; Unplaced ; Preserved from Synthesis Netlist (WYSIWYG) ;
;                             ;           ;               ;          ;                                            ;
; GPIO_2_IN[0]                ; Top       ; Input Port    ; n/a      ;                                            ;
;     -- GPIO_2_IN[0]         ; Top       ; Input Pad     ; Unplaced ; Synthesized                                ;
;     -- GPIO_2_IN[0]~input   ; Top       ; Input Buffer  ; Unplaced ; Synthesized                                ;
;                             ;           ;               ;          ;                                            ;
; GPIO_2_IN[1]                ; Top       ; Input Port    ; n/a      ;                                            ;
;     -- GPIO_2_IN[1]         ; Top       ; Input Pad     ; Unplaced ; Synthesized                                ;
;     -- GPIO_2_IN[1]~input   ; Top       ; Input Buffer  ; Unplaced ; Synthesized                                ;
;                             ;           ;               ;          ;                                            ;
; GPIO_2_IN[2]                ; Top       ; Input Port    ; n/a      ;                                            ;
;     -- GPIO_2_IN[2]         ; Top       ; Input Pad     ; Unplaced ; Synthesized                                ;
;     -- GPIO_2_IN[2]~input   ; Top       ; Input Buffer  ; Unplaced ; Synthesized                                ;
;                             ;           ;               ;          ;                                            ;
; G_SENSOR_CS_N               ; Top       ; Output Port   ; n/a      ;                                            ;
;     -- G_SENSOR_CS_N        ; Top       ; Output Pad    ; Unplaced ; Synthesized                                ;
;     -- G_SENSOR_CS_N~output ; Top       ; Output Buffer ; Unplaced ; Synthesized                                ;
;                             ;           ;               ;          ;                                            ;
; G_SENSOR_INT                ; Top       ; Input Port    ; n/a      ;                                            ;
;     -- G_SENSOR_INT         ; Top       ; Input Pad     ; Unplaced ; Synthesized                                ;
;     -- G_SENSOR_INT~input   ; Top       ; Input Buffer  ; Unplaced ; Synthesized                                ;
;                             ;           ;               ;          ;                                            ;
; I2C_SCLK                    ; Top       ; Output Port   ; n/a      ;                                            ;
;     -- I2C_SCLK             ; Top       ; Output Pad    ; Unplaced ; Synthesized                                ;
;     -- I2C_SCLK~output      ; Top       ; Output Buffer ; Unplaced ; Synthesized                                ;
;                             ;           ;               ;          ;                                            ;
; I2C_SDAT                    ; Top       ; Bidir Port    ; n/a      ;                                            ;
;     -- I2C_SDAT             ; Top       ; Bidir Pad     ; Unplaced ; Synthesized                                ;
;     -- I2C_SDAT~output      ; Top       ; Output Buffer ; Unplaced ; Preserved from Synthesis Netlist (WYSIWYG) ;
;                             ;           ;               ;          ;                                            ;
; KEY[0]                      ; Top       ; Input Port    ; n/a      ;                                            ;
;     -- KEY[0]               ; Top       ; Input Pad     ; Unplaced ; Synthesized                                ;
;     -- KEY[0]~input         ; Top       ; Input Buffer  ; Unplaced ; Synthesized                                ;
;                             ;           ;               ;          ;                                            ;
; KEY[1]                      ; Top       ; Input Port    ; n/a      ;                                            ;
;     -- KEY[1]               ; Top       ; Input Pad     ; Unplaced ; Synthesized                                ;
;     -- KEY[1]~input         ; Top       ; Input Buffer  ; Unplaced ; Synthesized                                ;
;                             ;           ;               ;          ;                                            ;
; LED[0]                      ; Top       ; Output Port   ; n/a      ;                                            ;
;     -- LED[0]               ; Top       ; Output Pad    ; Unplaced ; Synthesized                                ;
;     -- LED[0]~output        ; Top       ; Output Buffer ; Unplaced ; Synthesized                                ;
;                             ;           ;               ;          ;                                            ;
; LED[1]                      ; Top       ; Output Port   ; n/a      ;                                            ;
;     -- LED[1]               ; Top       ; Output Pad    ; Unplaced ; Synthesized                                ;
;     -- LED[1]~output        ; Top       ; Output Buffer ; Unplaced ; Synthesized                                ;
;                             ;           ;               ;          ;                                            ;
; LED[2]                      ; Top       ; Output Port   ; n/a      ;                                            ;
;     -- LED[2]               ; Top       ; Output Pad    ; Unplaced ; Synthesized                                ;
;     -- LED[2]~output        ; Top       ; Output Buffer ; Unplaced ; Synthesized                                ;
;                             ;           ;               ;          ;                                            ;
; LED[3]                      ; Top       ; Output Port   ; n/a      ;                                            ;
;     -- LED[3]               ; Top       ; Output Pad    ; Unplaced ; Synthesized                                ;
;     -- LED[3]~output        ; Top       ; Output Buffer ; Unplaced ; Synthesized                                ;
;                             ;           ;               ;          ;                                            ;
; LED[4]                      ; Top       ; Output Port   ; n/a      ;                                            ;
;     -- LED[4]               ; Top       ; Output Pad    ; Unplaced ; Synthesized                                ;
;     -- LED[4]~output        ; Top       ; Output Buffer ; Unplaced ; Synthesized                                ;
;                             ;           ;               ;          ;                                            ;
; LED[5]                      ; Top       ; Output Port   ; n/a      ;                                            ;
;     -- LED[5]               ; Top       ; Output Pad    ; Unplaced ; Synthesized                                ;
;     -- LED[5]~output        ; Top       ; Output Buffer ; Unplaced ; Synthesized                                ;
;                             ;           ;               ;          ;                                            ;
; LED[6]                      ; Top       ; Output Port   ; n/a      ;                                            ;
;     -- LED[6]               ; Top       ; Output Pad    ; Unplaced ; Synthesized                                ;
;     -- LED[6]~output        ; Top       ; Output Buffer ; Unplaced ; Synthesized                                ;
;                             ;           ;               ;          ;                                            ;
; LED[7]                      ; Top       ; Output Port   ; n/a      ;                                            ;
;     -- LED[7]               ; Top       ; Output Pad    ; Unplaced ; Synthesized                                ;
;     -- LED[7]~output        ; Top       ; Output Buffer ; Unplaced ; Synthesized                                ;
;                             ;           ;               ;          ;                                            ;
; SW[0]                       ; Top       ; Input Port    ; n/a      ;                                            ;
;     -- SW[0]                ; Top       ; Input Pad     ; Unplaced ; Synthesized                                ;
;     -- SW[0]~input          ; Top       ; Input Buffer  ; Unplaced ; Synthesized                                ;
;                             ;           ;               ;          ;                                            ;
; SW[1]                       ; Top       ; Input Port    ; n/a      ;                                            ;
;     -- SW[1]                ; Top       ; Input Pad     ; Unplaced ; Synthesized                                ;
;     -- SW[1]~input          ; Top       ; Input Buffer  ; Unplaced ; Synthesized                                ;
;                             ;           ;               ;          ;                                            ;
; SW[2]                       ; Top       ; Input Port    ; n/a      ;                                            ;
;     -- SW[2]                ; Top       ; Input Pad     ; Unplaced ; Synthesized                                ;
;     -- SW[2]~input          ; Top       ; Input Buffer  ; Unplaced ; Synthesized                                ;
;                             ;           ;               ;          ;                                            ;
; SW[3]                       ; Top       ; Input Port    ; n/a      ;                                            ;
;     -- SW[3]                ; Top       ; Input Pad     ; Unplaced ; Synthesized                                ;
;     -- SW[3]~input          ; Top       ; Input Buffer  ; Unplaced ; Synthesized                                ;
;                             ;           ;               ;          ;                                            ;
; gpio_0[0]                   ; Top       ; Bidir Port    ; n/a      ;                                            ;
;     -- gpio_0[0]            ; Top       ; Bidir Pad     ; Unplaced ; Synthesized                                ;
;     -- gpio_0[0]~output     ; Top       ; Output Buffer ; Unplaced ; Preserved from Synthesis Netlist (WYSIWYG) ;
;                             ;           ;               ;          ;                                            ;
; gpio_0[10]                  ; Top       ; Bidir Port    ; n/a      ;                                            ;
;     -- gpio_0[10]           ; Top       ; Bidir Pad     ; Unplaced ; Synthesized                                ;
;     -- gpio_0[10]~output    ; Top       ; Output Buffer ; Unplaced ; Preserved from Synthesis Netlist (WYSIWYG) ;
;                             ;           ;               ;          ;                                            ;
; gpio_0[11]                  ; Top       ; Bidir Port    ; n/a      ;                                            ;
;     -- gpio_0[11]           ; Top       ; Bidir Pad     ; Unplaced ; Synthesized                                ;
;     -- gpio_0[11]~output    ; Top       ; Output Buffer ; Unplaced ; Preserved from Synthesis Netlist (WYSIWYG) ;
;                             ;           ;               ;          ;                                            ;
; gpio_0[12]                  ; Top       ; Bidir Port    ; n/a      ;                                            ;
;     -- gpio_0[12]           ; Top       ; Bidir Pad     ; Unplaced ; Synthesized                                ;
;     -- gpio_0[12]~output    ; Top       ; Output Buffer ; Unplaced ; Preserved from Synthesis Netlist (WYSIWYG) ;
;                             ;           ;               ;          ;                                            ;
; gpio_0[13]                  ; Top       ; Bidir Port    ; n/a      ;                                            ;
;     -- gpio_0[13]           ; Top       ; Bidir Pad     ; Unplaced ; Synthesized                                ;
;     -- gpio_0[13]~output    ; Top       ; Output Buffer ; Unplaced ; Preserved from Synthesis Netlist (WYSIWYG) ;
;                             ;           ;               ;          ;                                            ;
; gpio_0[14]                  ; Top       ; Bidir Port    ; n/a      ;                                            ;
;     -- gpio_0[14]           ; Top       ; Bidir Pad     ; Unplaced ; Synthesized                                ;
;     -- gpio_0[14]~output    ; Top       ; Output Buffer ; Unplaced ; Preserved from Synthesis Netlist (WYSIWYG) ;
;                             ;           ;               ;          ;                                            ;
; gpio_0[15]                  ; Top       ; Bidir Port    ; n/a      ;                                            ;
;     -- gpio_0[15]           ; Top       ; Bidir Pad     ; Unplaced ; Synthesized                                ;
;     -- gpio_0[15]~output    ; Top       ; Output Buffer ; Unplaced ; Preserved from Synthesis Netlist (WYSIWYG) ;
;                             ;           ;               ;          ;                                            ;
; gpio_0[16]                  ; Top       ; Bidir Port    ; n/a      ;                                            ;
;     -- gpio_0[16]           ; Top       ; Bidir Pad     ; Unplaced ; Synthesized                                ;
;     -- gpio_0[16]~output    ; Top       ; Output Buffer ; Unplaced ; Preserved from Synthesis Netlist (WYSIWYG) ;
;                             ;           ;               ;          ;                                            ;
; gpio_0[17]                  ; Top       ; Bidir Port    ; n/a      ;                                            ;
;     -- gpio_0[17]           ; Top       ; Bidir Pad     ; Unplaced ; Synthesized                                ;
;     -- gpio_0[17]~output    ; Top       ; Output Buffer ; Unplaced ; Preserved from Synthesis Netlist (WYSIWYG) ;
;                             ;           ;               ;          ;                                            ;
; gpio_0[18]                  ; Top       ; Bidir Port    ; n/a      ;                                            ;
;     -- gpio_0[18]           ; Top       ; Bidir Pad     ; Unplaced ; Synthesized                                ;
;     -- gpio_0[18]~output    ; Top       ; Output Buffer ; Unplaced ; Preserved from Synthesis Netlist (WYSIWYG) ;
;                             ;           ;               ;          ;                                            ;
; gpio_0[19]                  ; Top       ; Bidir Port    ; n/a      ;                                            ;
;     -- gpio_0[19]           ; Top       ; Bidir Pad     ; Unplaced ; Synthesized                                ;
;     -- gpio_0[19]~output    ; Top       ; Output Buffer ; Unplaced ; Preserved from Synthesis Netlist (WYSIWYG) ;
;                             ;           ;               ;          ;                                            ;
; gpio_0[1]                   ; Top       ; Bidir Port    ; n/a      ;                                            ;
;     -- gpio_0[1]            ; Top       ; Bidir Pad     ; Unplaced ; Synthesized                                ;
;     -- gpio_0[1]~output     ; Top       ; Output Buffer ; Unplaced ; Preserved from Synthesis Netlist (WYSIWYG) ;
;                             ;           ;               ;          ;                                            ;
; gpio_0[20]                  ; Top       ; Bidir Port    ; n/a      ;                                            ;
;     -- gpio_0[20]           ; Top       ; Bidir Pad     ; Unplaced ; Synthesized                                ;
;     -- gpio_0[20]~output    ; Top       ; Output Buffer ; Unplaced ; Preserved from Synthesis Netlist (WYSIWYG) ;
;                             ;           ;               ;          ;                                            ;
; gpio_0[21]                  ; Top       ; Bidir Port    ; n/a      ;                                            ;
;     -- gpio_0[21]           ; Top       ; Bidir Pad     ; Unplaced ; Synthesized                                ;
;     -- gpio_0[21]~output    ; Top       ; Output Buffer ; Unplaced ; Preserved from Synthesis Netlist (WYSIWYG) ;
;                             ;           ;               ;          ;                                            ;
; gpio_0[22]                  ; Top       ; Bidir Port    ; n/a      ;                                            ;
;     -- gpio_0[22]           ; Top       ; Bidir Pad     ; Unplaced ; Synthesized                                ;
;     -- gpio_0[22]~output    ; Top       ; Output Buffer ; Unplaced ; Preserved from Synthesis Netlist (WYSIWYG) ;
;                             ;           ;               ;          ;                                            ;
; gpio_0[23]                  ; Top       ; Bidir Port    ; n/a      ;                                            ;
;     -- gpio_0[23]           ; Top       ; Bidir Pad     ; Unplaced ; Synthesized                                ;
;     -- gpio_0[23]~output    ; Top       ; Output Buffer ; Unplaced ; Preserved from Synthesis Netlist (WYSIWYG) ;
;                             ;           ;               ;          ;                                            ;
; gpio_0[24]                  ; Top       ; Bidir Port    ; n/a      ;                                            ;
;     -- gpio_0[24]           ; Top       ; Bidir Pad     ; Unplaced ; Synthesized                                ;
;     -- gpio_0[24]~output    ; Top       ; Output Buffer ; Unplaced ; Preserved from Synthesis Netlist (WYSIWYG) ;
;                             ;           ;               ;          ;                                            ;
; gpio_0[25]                  ; Top       ; Bidir Port    ; n/a      ;                                            ;
;     -- gpio_0[25]           ; Top       ; Bidir Pad     ; Unplaced ; Synthesized                                ;
;     -- gpio_0[25]~output    ; Top       ; Output Buffer ; Unplaced ; Preserved from Synthesis Netlist (WYSIWYG) ;
;                             ;           ;               ;          ;                                            ;
; gpio_0[26]                  ; Top       ; Bidir Port    ; n/a      ;                                            ;
;     -- gpio_0[26]           ; Top       ; Bidir Pad     ; Unplaced ; Synthesized                                ;
;     -- gpio_0[26]~output    ; Top       ; Output Buffer ; Unplaced ; Preserved from Synthesis Netlist (WYSIWYG) ;
;                             ;           ;               ;          ;                                            ;
; gpio_0[27]                  ; Top       ; Bidir Port    ; n/a      ;                                            ;
;     -- gpio_0[27]           ; Top       ; Bidir Pad     ; Unplaced ; Synthesized                                ;
;     -- gpio_0[27]~output    ; Top       ; Output Buffer ; Unplaced ; Preserved from Synthesis Netlist (WYSIWYG) ;
;                             ;           ;               ;          ;                                            ;
; gpio_0[28]                  ; Top       ; Bidir Port    ; n/a      ;                                            ;
;     -- gpio_0[28]           ; Top       ; Bidir Pad     ; Unplaced ; Synthesized                                ;
;     -- gpio_0[28]~output    ; Top       ; Output Buffer ; Unplaced ; Preserved from Synthesis Netlist (WYSIWYG) ;
;                             ;           ;               ;          ;                                            ;
; gpio_0[29]                  ; Top       ; Bidir Port    ; n/a      ;                                            ;
;     -- gpio_0[29]           ; Top       ; Bidir Pad     ; Unplaced ; Synthesized                                ;
;     -- gpio_0[29]~output    ; Top       ; Output Buffer ; Unplaced ; Preserved from Synthesis Netlist (WYSIWYG) ;
;                             ;           ;               ;          ;                                            ;
; gpio_0[2]                   ; Top       ; Bidir Port    ; n/a      ;                                            ;
;     -- gpio_0[2]            ; Top       ; Bidir Pad     ; Unplaced ; Synthesized                                ;
;     -- gpio_0[2]~output     ; Top       ; Output Buffer ; Unplaced ; Preserved from Synthesis Netlist (WYSIWYG) ;
;                             ;           ;               ;          ;                                            ;
; gpio_0[30]                  ; Top       ; Bidir Port    ; n/a      ;                                            ;
;     -- gpio_0[30]           ; Top       ; Bidir Pad     ; Unplaced ; Synthesized                                ;
;     -- gpio_0[30]~output    ; Top       ; Output Buffer ; Unplaced ; Preserved from Synthesis Netlist (WYSIWYG) ;
;                             ;           ;               ;          ;                                            ;
; gpio_0[31]                  ; Top       ; Bidir Port    ; n/a      ;                                            ;
;     -- gpio_0[31]           ; Top       ; Bidir Pad     ; Unplaced ; Synthesized                                ;
;     -- gpio_0[31]~output    ; Top       ; Output Buffer ; Unplaced ; Preserved from Synthesis Netlist (WYSIWYG) ;
;                             ;           ;               ;          ;                                            ;
; gpio_0[32]                  ; Top       ; Bidir Port    ; n/a      ;                                            ;
;     -- gpio_0[32]           ; Top       ; Bidir Pad     ; Unplaced ; Synthesized                                ;
;     -- gpio_0[32]~output    ; Top       ; Output Buffer ; Unplaced ; Preserved from Synthesis Netlist (WYSIWYG) ;
;                             ;           ;               ;          ;                                            ;
; gpio_0[33]                  ; Top       ; Bidir Port    ; n/a      ;                                            ;
;     -- gpio_0[33]           ; Top       ; Bidir Pad     ; Unplaced ; Synthesized                                ;
;     -- gpio_0[33]~output    ; Top       ; Output Buffer ; Unplaced ; Preserved from Synthesis Netlist (WYSIWYG) ;
;                             ;           ;               ;          ;                                            ;
; gpio_0[3]                   ; Top       ; Bidir Port    ; n/a      ;                                            ;
;     -- gpio_0[3]            ; Top       ; Bidir Pad     ; Unplaced ; Synthesized                                ;
;     -- gpio_0[3]~output     ; Top       ; Output Buffer ; Unplaced ; Preserved from Synthesis Netlist (WYSIWYG) ;
;                             ;           ;               ;          ;                                            ;
; gpio_0[4]                   ; Top       ; Bidir Port    ; n/a      ;                                            ;
;     -- gpio_0[4]            ; Top       ; Bidir Pad     ; Unplaced ; Synthesized                                ;
;     -- gpio_0[4]~output     ; Top       ; Output Buffer ; Unplaced ; Preserved from Synthesis Netlist (WYSIWYG) ;
;                             ;           ;               ;          ;                                            ;
; gpio_0[5]                   ; Top       ; Bidir Port    ; n/a      ;                                            ;
;     -- gpio_0[5]            ; Top       ; Bidir Pad     ; Unplaced ; Synthesized                                ;
;     -- gpio_0[5]~output     ; Top       ; Output Buffer ; Unplaced ; Preserved from Synthesis Netlist (WYSIWYG) ;
;                             ;           ;               ;          ;                                            ;
; gpio_0[6]                   ; Top       ; Bidir Port    ; n/a      ;                                            ;
;     -- gpio_0[6]            ; Top       ; Bidir Pad     ; Unplaced ; Synthesized                                ;
;     -- gpio_0[6]~output     ; Top       ; Output Buffer ; Unplaced ; Preserved from Synthesis Netlist (WYSIWYG) ;
;                             ;           ;               ;          ;                                            ;
; gpio_0[7]                   ; Top       ; Bidir Port    ; n/a      ;                                            ;
;     -- gpio_0[7]            ; Top       ; Bidir Pad     ; Unplaced ; Synthesized                                ;
;     -- gpio_0[7]~output     ; Top       ; Output Buffer ; Unplaced ; Preserved from Synthesis Netlist (WYSIWYG) ;
;                             ;           ;               ;          ;                                            ;
; gpio_0[8]                   ; Top       ; Bidir Port    ; n/a      ;                                            ;
;     -- gpio_0[8]            ; Top       ; Bidir Pad     ; Unplaced ; Synthesized                                ;
;     -- gpio_0[8]~output     ; Top       ; Output Buffer ; Unplaced ; Preserved from Synthesis Netlist (WYSIWYG) ;
;                             ;           ;               ;          ;                                            ;
; gpio_0[9]                   ; Top       ; Bidir Port    ; n/a      ;                                            ;
;     -- gpio_0[9]            ; Top       ; Bidir Pad     ; Unplaced ; Synthesized                                ;
;     -- gpio_0[9]~output     ; Top       ; Output Buffer ; Unplaced ; Preserved from Synthesis Netlist (WYSIWYG) ;
;                             ;           ;               ;          ;                                            ;
; gpio_0_IN[0]                ; Top       ; Input Port    ; n/a      ;                                            ;
;     -- gpio_0_IN[0]         ; Top       ; Input Pad     ; Unplaced ; Synthesized                                ;
;     -- gpio_0_IN[0]~input   ; Top       ; Input Buffer  ; Unplaced ; Synthesized                                ;
;                             ;           ;               ;          ;                                            ;
; gpio_0_IN[1]                ; Top       ; Input Port    ; n/a      ;                                            ;
;     -- gpio_0_IN[1]         ; Top       ; Input Pad     ; Unplaced ; Synthesized                                ;
;     -- gpio_0_IN[1]~input   ; Top       ; Input Buffer  ; Unplaced ; Synthesized                                ;
;                             ;           ;               ;          ;                                            ;
; gpio_1[0]                   ; Top       ; Bidir Port    ; n/a      ;                                            ;
;     -- gpio_1[0]            ; Top       ; Bidir Pad     ; Unplaced ; Synthesized                                ;
;     -- gpio_1[0]~output     ; Top       ; Output Buffer ; Unplaced ; Preserved from Synthesis Netlist (WYSIWYG) ;
;                             ;           ;               ;          ;                                            ;
; gpio_1[10]                  ; Top       ; Bidir Port    ; n/a      ;                                            ;
;     -- gpio_1[10]           ; Top       ; Bidir Pad     ; Unplaced ; Synthesized                                ;
;     -- gpio_1[10]~output    ; Top       ; Output Buffer ; Unplaced ; Preserved from Synthesis Netlist (WYSIWYG) ;
;                             ;           ;               ;          ;                                            ;
; gpio_1[11]                  ; Top       ; Bidir Port    ; n/a      ;                                            ;
;     -- gpio_1[11]           ; Top       ; Bidir Pad     ; Unplaced ; Synthesized                                ;
;     -- gpio_1[11]~output    ; Top       ; Output Buffer ; Unplaced ; Preserved from Synthesis Netlist (WYSIWYG) ;
;                             ;           ;               ;          ;                                            ;
; gpio_1[12]                  ; Top       ; Bidir Port    ; n/a      ;                                            ;
;     -- gpio_1[12]           ; Top       ; Bidir Pad     ; Unplaced ; Synthesized                                ;
;     -- gpio_1[12]~output    ; Top       ; Output Buffer ; Unplaced ; Preserved from Synthesis Netlist (WYSIWYG) ;
;                             ;           ;               ;          ;                                            ;
; gpio_1[13]                  ; Top       ; Bidir Port    ; n/a      ;                                            ;
;     -- gpio_1[13]           ; Top       ; Bidir Pad     ; Unplaced ; Synthesized                                ;
;     -- gpio_1[13]~output    ; Top       ; Output Buffer ; Unplaced ; Preserved from Synthesis Netlist (WYSIWYG) ;
;                             ;           ;               ;          ;                                            ;
; gpio_1[14]                  ; Top       ; Bidir Port    ; n/a      ;                                            ;
;     -- gpio_1[14]           ; Top       ; Bidir Pad     ; Unplaced ; Synthesized                                ;
;     -- gpio_1[14]~output    ; Top       ; Output Buffer ; Unplaced ; Preserved from Synthesis Netlist (WYSIWYG) ;
;                             ;           ;               ;          ;                                            ;
; gpio_1[15]                  ; Top       ; Bidir Port    ; n/a      ;                                            ;
;     -- gpio_1[15]           ; Top       ; Bidir Pad     ; Unplaced ; Synthesized                                ;
;     -- gpio_1[15]~output    ; Top       ; Output Buffer ; Unplaced ; Preserved from Synthesis Netlist (WYSIWYG) ;
;                             ;           ;               ;          ;                                            ;
; gpio_1[16]                  ; Top       ; Bidir Port    ; n/a      ;                                            ;
;     -- gpio_1[16]           ; Top       ; Bidir Pad     ; Unplaced ; Synthesized                                ;
;     -- gpio_1[16]~output    ; Top       ; Output Buffer ; Unplaced ; Preserved from Synthesis Netlist (WYSIWYG) ;
;                             ;           ;               ;          ;                                            ;
; gpio_1[17]                  ; Top       ; Bidir Port    ; n/a      ;                                            ;
;     -- gpio_1[17]           ; Top       ; Bidir Pad     ; Unplaced ; Synthesized                                ;
;     -- gpio_1[17]~output    ; Top       ; Output Buffer ; Unplaced ; Preserved from Synthesis Netlist (WYSIWYG) ;
;                             ;           ;               ;          ;                                            ;
; gpio_1[18]                  ; Top       ; Bidir Port    ; n/a      ;                                            ;
;     -- gpio_1[18]           ; Top       ; Bidir Pad     ; Unplaced ; Synthesized                                ;
;     -- gpio_1[18]~output    ; Top       ; Output Buffer ; Unplaced ; Preserved from Synthesis Netlist (WYSIWYG) ;
;                             ;           ;               ;          ;                                            ;
; gpio_1[19]                  ; Top       ; Bidir Port    ; n/a      ;                                            ;
;     -- gpio_1[19]           ; Top       ; Bidir Pad     ; Unplaced ; Synthesized                                ;
;     -- gpio_1[19]~output    ; Top       ; Output Buffer ; Unplaced ; Preserved from Synthesis Netlist (WYSIWYG) ;
;                             ;           ;               ;          ;                                            ;
; gpio_1[1]                   ; Top       ; Bidir Port    ; n/a      ;                                            ;
;     -- gpio_1[1]            ; Top       ; Bidir Pad     ; Unplaced ; Synthesized                                ;
;     -- gpio_1[1]~output     ; Top       ; Output Buffer ; Unplaced ; Preserved from Synthesis Netlist (WYSIWYG) ;
;                             ;           ;               ;          ;                                            ;
; gpio_1[20]                  ; Top       ; Bidir Port    ; n/a      ;                                            ;
;     -- gpio_1[20]           ; Top       ; Bidir Pad     ; Unplaced ; Synthesized                                ;
;     -- gpio_1[20]~output    ; Top       ; Output Buffer ; Unplaced ; Preserved from Synthesis Netlist (WYSIWYG) ;
;                             ;           ;               ;          ;                                            ;
; gpio_1[21]                  ; Top       ; Bidir Port    ; n/a      ;                                            ;
;     -- gpio_1[21]           ; Top       ; Bidir Pad     ; Unplaced ; Synthesized                                ;
;     -- gpio_1[21]~output    ; Top       ; Output Buffer ; Unplaced ; Preserved from Synthesis Netlist (WYSIWYG) ;
;                             ;           ;               ;          ;                                            ;
; gpio_1[22]                  ; Top       ; Bidir Port    ; n/a      ;                                            ;
;     -- gpio_1[22]           ; Top       ; Bidir Pad     ; Unplaced ; Synthesized                                ;
;     -- gpio_1[22]~output    ; Top       ; Output Buffer ; Unplaced ; Preserved from Synthesis Netlist (WYSIWYG) ;
;                             ;           ;               ;          ;                                            ;
; gpio_1[23]                  ; Top       ; Bidir Port    ; n/a      ;                                            ;
;     -- gpio_1[23]           ; Top       ; Bidir Pad     ; Unplaced ; Synthesized                                ;
;     -- gpio_1[23]~output    ; Top       ; Output Buffer ; Unplaced ; Preserved from Synthesis Netlist (WYSIWYG) ;
;                             ;           ;               ;          ;                                            ;
; gpio_1[24]                  ; Top       ; Bidir Port    ; n/a      ;                                            ;
;     -- gpio_1[24]           ; Top       ; Bidir Pad     ; Unplaced ; Synthesized                                ;
;     -- gpio_1[24]~output    ; Top       ; Output Buffer ; Unplaced ; Preserved from Synthesis Netlist (WYSIWYG) ;
;                             ;           ;               ;          ;                                            ;
; gpio_1[25]                  ; Top       ; Bidir Port    ; n/a      ;                                            ;
;     -- gpio_1[25]           ; Top       ; Bidir Pad     ; Unplaced ; Synthesized                                ;
;     -- gpio_1[25]~output    ; Top       ; Output Buffer ; Unplaced ; Preserved from Synthesis Netlist (WYSIWYG) ;
;                             ;           ;               ;          ;                                            ;
; gpio_1[26]                  ; Top       ; Bidir Port    ; n/a      ;                                            ;
;     -- gpio_1[26]           ; Top       ; Bidir Pad     ; Unplaced ; Synthesized                                ;
;     -- gpio_1[26]~output    ; Top       ; Output Buffer ; Unplaced ; Preserved from Synthesis Netlist (WYSIWYG) ;
;                             ;           ;               ;          ;                                            ;
; gpio_1[27]                  ; Top       ; Bidir Port    ; n/a      ;                                            ;
;     -- gpio_1[27]           ; Top       ; Bidir Pad     ; Unplaced ; Synthesized                                ;
;     -- gpio_1[27]~output    ; Top       ; Output Buffer ; Unplaced ; Preserved from Synthesis Netlist (WYSIWYG) ;
;                             ;           ;               ;          ;                                            ;
; gpio_1[28]                  ; Top       ; Bidir Port    ; n/a      ;                                            ;
;     -- gpio_1[28]           ; Top       ; Bidir Pad     ; Unplaced ; Synthesized                                ;
;     -- gpio_1[28]~output    ; Top       ; Output Buffer ; Unplaced ; Preserved from Synthesis Netlist (WYSIWYG) ;
;                             ;           ;               ;          ;                                            ;
; gpio_1[29]                  ; Top       ; Bidir Port    ; n/a      ;                                            ;
;     -- gpio_1[29]           ; Top       ; Bidir Pad     ; Unplaced ; Synthesized                                ;
;     -- gpio_1[29]~output    ; Top       ; Output Buffer ; Unplaced ; Preserved from Synthesis Netlist (WYSIWYG) ;
;                             ;           ;               ;          ;                                            ;
; gpio_1[2]                   ; Top       ; Bidir Port    ; n/a      ;                                            ;
;     -- gpio_1[2]            ; Top       ; Bidir Pad     ; Unplaced ; Synthesized                                ;
;     -- gpio_1[2]~output     ; Top       ; Output Buffer ; Unplaced ; Preserved from Synthesis Netlist (WYSIWYG) ;
;                             ;           ;               ;          ;                                            ;
; gpio_1[30]                  ; Top       ; Bidir Port    ; n/a      ;                                            ;
;     -- gpio_1[30]           ; Top       ; Bidir Pad     ; Unplaced ; Synthesized                                ;
;     -- gpio_1[30]~output    ; Top       ; Output Buffer ; Unplaced ; Preserved from Synthesis Netlist (WYSIWYG) ;
;                             ;           ;               ;          ;                                            ;
; gpio_1[31]                  ; Top       ; Bidir Port    ; n/a      ;                                            ;
;     -- gpio_1[31]           ; Top       ; Bidir Pad     ; Unplaced ; Synthesized                                ;
;     -- gpio_1[31]~output    ; Top       ; Output Buffer ; Unplaced ; Preserved from Synthesis Netlist (WYSIWYG) ;
;                             ;           ;               ;          ;                                            ;
; gpio_1[32]                  ; Top       ; Bidir Port    ; n/a      ;                                            ;
;     -- gpio_1[32]           ; Top       ; Bidir Pad     ; Unplaced ; Synthesized                                ;
;     -- gpio_1[32]~output    ; Top       ; Output Buffer ; Unplaced ; Preserved from Synthesis Netlist (WYSIWYG) ;
;                             ;           ;               ;          ;                                            ;
; gpio_1[33]                  ; Top       ; Bidir Port    ; n/a      ;                                            ;
;     -- gpio_1[33]           ; Top       ; Bidir Pad     ; Unplaced ; Synthesized                                ;
;     -- gpio_1[33]~output    ; Top       ; Output Buffer ; Unplaced ; Preserved from Synthesis Netlist (WYSIWYG) ;
;                             ;           ;               ;          ;                                            ;
; gpio_1[3]                   ; Top       ; Bidir Port    ; n/a      ;                                            ;
;     -- gpio_1[3]            ; Top       ; Bidir Pad     ; Unplaced ; Synthesized                                ;
;     -- gpio_1[3]~output     ; Top       ; Output Buffer ; Unplaced ; Preserved from Synthesis Netlist (WYSIWYG) ;
;                             ;           ;               ;          ;                                            ;
; gpio_1[4]                   ; Top       ; Bidir Port    ; n/a      ;                                            ;
;     -- gpio_1[4]            ; Top       ; Bidir Pad     ; Unplaced ; Synthesized                                ;
;     -- gpio_1[4]~output     ; Top       ; Output Buffer ; Unplaced ; Preserved from Synthesis Netlist (WYSIWYG) ;
;                             ;           ;               ;          ;                                            ;
; gpio_1[5]                   ; Top       ; Bidir Port    ; n/a      ;                                            ;
;     -- gpio_1[5]            ; Top       ; Bidir Pad     ; Unplaced ; Synthesized                                ;
;     -- gpio_1[5]~output     ; Top       ; Output Buffer ; Unplaced ; Preserved from Synthesis Netlist (WYSIWYG) ;
;                             ;           ;               ;          ;                                            ;
; gpio_1[6]                   ; Top       ; Bidir Port    ; n/a      ;                                            ;
;     -- gpio_1[6]            ; Top       ; Bidir Pad     ; Unplaced ; Synthesized                                ;
;     -- gpio_1[6]~output     ; Top       ; Output Buffer ; Unplaced ; Preserved from Synthesis Netlist (WYSIWYG) ;
;                             ;           ;               ;          ;                                            ;
; gpio_1[7]                   ; Top       ; Bidir Port    ; n/a      ;                                            ;
;     -- gpio_1[7]            ; Top       ; Bidir Pad     ; Unplaced ; Synthesized                                ;
;     -- gpio_1[7]~output     ; Top       ; Output Buffer ; Unplaced ; Preserved from Synthesis Netlist (WYSIWYG) ;
;                             ;           ;               ;          ;                                            ;
; gpio_1[8]                   ; Top       ; Bidir Port    ; n/a      ;                                            ;
;     -- gpio_1[8]            ; Top       ; Bidir Pad     ; Unplaced ; Synthesized                                ;
;     -- gpio_1[8]~output     ; Top       ; Output Buffer ; Unplaced ; Preserved from Synthesis Netlist (WYSIWYG) ;
;                             ;           ;               ;          ;                                            ;
; gpio_1[9]                   ; Top       ; Bidir Port    ; n/a      ;                                            ;
;     -- gpio_1[9]            ; Top       ; Bidir Pad     ; Unplaced ; Synthesized                                ;
;     -- gpio_1[9]~output     ; Top       ; Output Buffer ; Unplaced ; Preserved from Synthesis Netlist (WYSIWYG) ;
;                             ;           ;               ;          ;                                            ;
; gpio_1_IN[0]                ; Top       ; Input Port    ; n/a      ;                                            ;
;     -- gpio_1_IN[0]         ; Top       ; Input Pad     ; Unplaced ; Synthesized                                ;
;     -- gpio_1_IN[0]~input   ; Top       ; Input Buffer  ; Unplaced ; Synthesized                                ;
;                             ;           ;               ;          ;                                            ;
; gpio_1_IN[1]                ; Top       ; Input Port    ; n/a      ;                                            ;
;     -- gpio_1_IN[1]         ; Top       ; Input Pad     ; Unplaced ; Synthesized                                ;
;     -- gpio_1_IN[1]~input   ; Top       ; Input Buffer  ; Unplaced ; Synthesized                                ;
;                             ;           ;               ;          ;                                            ;
+-----------------------------+-----------+---------------+----------+--------------------------------------------+


+-----------------------------------------------------------------+
; Partition Merge Resource Usage Summary                          ;
+---------------------------------------------+-------------------+
; Resource                                    ; Usage             ;
+---------------------------------------------+-------------------+
;                                             ;                   ;
; Total combinational functions               ; 0                 ;
; Logic element usage by number of LUT inputs ;                   ;
;     -- 4 input functions                    ; 0                 ;
;     -- 3 input functions                    ; 0                 ;
;     -- <=2 input functions                  ; 0                 ;
;                                             ;                   ;
; Logic elements by mode                      ;                   ;
;     -- normal mode                          ; 0                 ;
;     -- arithmetic mode                      ; 0                 ;
;                                             ;                   ;
; Total registers                             ; 0                 ;
;     -- Dedicated logic registers            ; 0                 ;
;     -- I/O registers                        ; 0                 ;
;                                             ;                   ;
; I/O pins                                    ; 154               ;
;                                             ;                   ;
; Embedded Multiplier 9-bit elements          ; 0                 ;
;                                             ;                   ;
; Maximum fan-out node                        ; DRAM_DQ[0]~output ;
; Maximum fan-out                             ; 1                 ;
; Total fan-out                               ; 252               ;
; Average fan-out                             ; 0.62              ;
+---------------------------------------------+-------------------+


+--------------------------+
; Partition Merge Messages ;
+--------------------------+
Info: *******************************************************************
Info: Running Quartus II 64-Bit Partition Merge
    Info: Version 15.0.0 Build 145 04/22/2015 SJ Web Edition
    Info: Processing started: Fri Aug  7 14:12:29 2015
Info: Command: quartus_cdb --read_settings_files=on --write_settings_files=off DE0_NANO -c DE0_NANO --merge=on
Info (35007): Using synthesis netlist for partition "Top"
Info (35002): Resolved and merged 1 partition(s)
Info (16010): Generating hard_block partition "hard_block:auto_generated_inst"
    Info (16011): Adding 0 node(s), including 0 DDIO, 0 PLL, 0 transceiver and 0 LCELL
Warning (21074): Design contains 17 input pin(s) that do not drive logic
    Warning (15610): No output dependent on input pin "CLOCK_50"
    Warning (15610): No output dependent on input pin "KEY[0]"
    Warning (15610): No output dependent on input pin "KEY[1]"
    Warning (15610): No output dependent on input pin "SW[0]"
    Warning (15610): No output dependent on input pin "SW[1]"
    Warning (15610): No output dependent on input pin "SW[2]"
    Warning (15610): No output dependent on input pin "SW[3]"
    Warning (15610): No output dependent on input pin "EPCS_DATA0"
    Warning (15610): No output dependent on input pin "G_SENSOR_INT"
    Warning (15610): No output dependent on input pin "ADC_SDAT"
    Warning (15610): No output dependent on input pin "GPIO_2_IN[0]"
    Warning (15610): No output dependent on input pin "GPIO_2_IN[1]"
    Warning (15610): No output dependent on input pin "GPIO_2_IN[2]"
    Warning (15610): No output dependent on input pin "gpio_0_IN[0]"
    Warning (15610): No output dependent on input pin "gpio_0_IN[1]"
    Warning (15610): No output dependent on input pin "gpio_1_IN[0]"
    Warning (15610): No output dependent on input pin "gpio_1_IN[1]"
Info (21057): Implemented 154 device resources after synthesis - the final resource count might be different
    Info (21058): Implemented 17 input pins
    Info (21059): Implemented 39 output pins
    Info (21060): Implemented 98 bidirectional pins
Info: Quartus II 64-Bit Partition Merge was successful. 0 errors, 18 warnings
    Info: Peak virtual memory: 1283 megabytes
    Info: Processing ended: Fri Aug  7 14:12:30 2015
    Info: Elapsed time: 00:00:01
    Info: Total CPU time (on all processors): 00:00:01


