#! /usr/bin/vvp
:ivl_version "0.9.6 " "(v0_9_6)";
:vpi_time_precision + 0;
:vpi_module "system";
:vpi_module "v2005_math";
:vpi_module "va_math";
S_0x2305530 .scope module, "fetch" "fetch" 2 9;
 .timescale 0 0;
v0x2305710_0 .var "IR", 0 15;
v0x2315050_0 .var "MA", 0 9;
v0x23150f0_0 .var "PC", 0 9;
v0x2315190_0 .net "clock", 0 0, C4<z>; 0 drivers
v0x2315240_0 .var "fetchoutput", 0 15;
v0x23152e0 .array "instruction_memory", 1048575 0, 0 15;
E_0x2306eb0 .event posedge, v0x2315190_0;
S_0x2305620 .scope module, "theclock" "theclock" 2 1;
 .timescale 0 0;
v0x23153a0_0 .var "clock", 0 0;
    .scope S_0x2305530;
T_0 ;
    %vpi_call 2 21 "$readmemh", "instructionmemory.list", v0x23152e0;
    %end;
    .thread T_0;
    .scope S_0x2305530;
T_1 ;
    %wait E_0x2306eb0;
    %load/v 8, v0x23150f0_0, 10;
    %ix/load 0, 10, 0;
    %assign/v0 v0x2315050_0, 0, 8;
    %ix/getv 3, v0x2315050_0;
    %load/av 8, v0x23152e0, 16;
    %ix/load 0, 16, 0;
    %assign/v0 v0x2315240_0, 0, 8;
    %load/v 8, v0x2315240_0, 16;
    %ix/load 0, 16, 0;
    %assign/v0 v0x2305710_0, 0, 8;
    %load/v 8, v0x23150f0_0, 10;
    %mov 18, 0, 22;
    %addi 8, 1, 32;
    %ix/load 0, 10, 0;
    %assign/v0 v0x23150f0_0, 0, 8;
    %jmp T_1;
    .thread T_1;
    .scope S_0x2305620;
T_2 ;
    %set/v v0x23153a0_0, 1, 1;
    %end;
    .thread T_2;
    .scope S_0x2305620;
T_3 ;
    %delay 1, 0;
    %load/v 8, v0x23153a0_0, 1;
    %inv 8, 1;
    %set/v v0x23153a0_0, 8, 1;
    %jmp T_3;
    .thread T_3;
# The file index is used to find the file name in the following table.
:file_names 3;
    "N/A";
    "<interactive>";
    "fetch.v";
